[2024-05-17T21:12:21.307+0000] {local_task_job_runner.py:120} INFO - ::group::Pre task execution logs
[2024-05-17T21:12:21.360+0000] {taskinstance.py:2076} INFO - Dependencies all met for dep_context=non-requeueable deps ti=<TaskInstance: data_ingestion_pipelines_2.save_file manual__2024-05-17T12:31:17.083416+00:00 [queued]>
[2024-05-17T21:12:21.415+0000] {taskinstance.py:2076} INFO - Dependencies all met for dep_context=requeueable deps ti=<TaskInstance: data_ingestion_pipelines_2.save_file manual__2024-05-17T12:31:17.083416+00:00 [queued]>
[2024-05-17T21:12:21.419+0000] {taskinstance.py:2306} INFO - Starting attempt 12 of 12
[2024-05-17T21:12:21.448+0000] {taskinstance.py:2330} INFO - Executing <Task(PythonOperator): save_file> on 2024-05-17 12:31:17.083416+00:00
[2024-05-17T21:12:21.469+0000] {warnings.py:110} WARNING - /home/***/.local/lib/python3.12/site-packages/***/task/task_runner/standard_task_runner.py:61: DeprecationWarning: This process (pid=12586) is multi-threaded, use of fork() may lead to deadlocks in the child.
  pid = os.fork()

[2024-05-17T21:12:21.473+0000] {standard_task_runner.py:63} INFO - Started process 12605 to run task
[2024-05-17T21:12:21.473+0000] {standard_task_runner.py:90} INFO - Running: ['***', 'tasks', 'run', 'data_ingestion_pipelines_2', 'save_file', 'manual__2024-05-17T12:31:17.083416+00:00', '--job-id', '110', '--raw', '--subdir', 'DAGS_FOLDER/data-ingestion-dag.py', '--cfg-path', '/tmp/tmp9fyvggba']
[2024-05-17T21:12:21.475+0000] {standard_task_runner.py:91} INFO - Job 110: Subtask save_file
[2024-05-17T21:12:21.550+0000] {task_command.py:426} INFO - Running <TaskInstance: data_ingestion_pipelines_2.save_file manual__2024-05-17T12:31:17.083416+00:00 [running]> on host e512d0910ba5
[2024-05-17T21:12:21.680+0000] {taskinstance.py:2648} INFO - Exporting env vars: AIRFLOW_CTX_DAG_OWNER='***' AIRFLOW_CTX_DAG_ID='data_ingestion_pipelines_2' AIRFLOW_CTX_TASK_ID='save_file' AIRFLOW_CTX_EXECUTION_DATE='2024-05-17T12:31:17.083416+00:00' AIRFLOW_CTX_TRY_NUMBER='12' AIRFLOW_CTX_DAG_RUN_ID='manual__2024-05-17T12:31:17.083416+00:00'
[2024-05-17T21:12:21.683+0000] {taskinstance.py:430} INFO - ::endgroup::
[2024-05-17T21:12:21.797+0000] {taskinstance.py:441} INFO - ::group::Post task execution logs
[2024-05-17T21:12:21.800+0000] {taskinstance.py:2905} ERROR - Task failed with exception
Traceback (most recent call last):
  File "/home/airflow/.local/lib/python3.12/site-packages/airflow/models/taskinstance.py", line 465, in _execute_task
    result = _execute_callable(context=context, **execute_callable_kwargs)
             ^^^^^^^^^^^^^^^^^^^^^^^^^^^^^^^^^^^^^^^^^^^^^^^^^^^^^^^^^^^^^
  File "/home/airflow/.local/lib/python3.12/site-packages/airflow/models/taskinstance.py", line 432, in _execute_callable
    return execute_callable(context=context, **execute_callable_kwargs)
           ^^^^^^^^^^^^^^^^^^^^^^^^^^^^^^^^^^^^^^^^^^^^^^^^^^^^^^^^^^^^
  File "/home/airflow/.local/lib/python3.12/site-packages/airflow/models/baseoperator.py", line 400, in wrapper
    return func(self, *args, **kwargs)
           ^^^^^^^^^^^^^^^^^^^^^^^^^^^
  File "/home/airflow/.local/lib/python3.12/site-packages/airflow/operators/python.py", line 235, in execute
    return_value = self.execute_callable()
                   ^^^^^^^^^^^^^^^^^^^^^^^
  File "/home/airflow/.local/lib/python3.12/site-packages/airflow/operators/python.py", line 252, in execute_callable
    return self.python_callable(*self.op_args, **self.op_kwargs)
           ^^^^^^^^^^^^^^^^^^^^^^^^^^^^^^^^^^^^^^^^^^^^^^^^^^^^^
  File "/opt/airflow/dags/data-ingestion-dag.py", line 175, in save_file
    for result in validation_results["results"]:
                  ~~~~~~~~~~~~~~~~~~^^^^^^^^^^^
TypeError: string indices must be integers, not 'str'
[2024-05-17T21:12:21.823+0000] {taskinstance.py:1206} INFO - Marking task as FAILED. dag_id=data_ingestion_pipelines_2, task_id=save_file, run_id=manual__2024-05-17T12:31:17.083416+00:00, execution_date=20240517T123117, start_date=20240517T211221, end_date=20240517T211221
[2024-05-17T21:12:21.861+0000] {standard_task_runner.py:110} ERROR - Failed to execute job 110 for task save_file (string indices must be integers, not 'str'; 12605)
[2024-05-17T21:12:21.931+0000] {local_task_job_runner.py:240} INFO - Task exited with return code 1
[2024-05-17T21:12:21.982+0000] {taskinstance.py:3498} INFO - 0 downstream tasks scheduled from follow-on schedule check
[2024-05-17T21:12:21.989+0000] {local_task_job_runner.py:222} INFO - ::endgroup::
