[2024-05-18T00:29:04.093+0000] {local_task_job_runner.py:120} INFO - ::group::Pre task execution logs
[2024-05-18T00:29:04.138+0000] {taskinstance.py:2076} INFO - Dependencies all met for dep_context=non-requeueable deps ti=<TaskInstance: data_ingestion_pipelines_2.save_file manual__2024-05-17T12:31:17.083416+00:00 [queued]>
[2024-05-18T00:29:04.152+0000] {taskinstance.py:2076} INFO - Dependencies all met for dep_context=requeueable deps ti=<TaskInstance: data_ingestion_pipelines_2.save_file manual__2024-05-17T12:31:17.083416+00:00 [queued]>
[2024-05-18T00:29:04.155+0000] {taskinstance.py:2306} INFO - Starting attempt 17 of 17
[2024-05-18T00:29:04.173+0000] {taskinstance.py:2330} INFO - Executing <Task(PythonOperator): save_file> on 2024-05-17 12:31:17.083416+00:00
[2024-05-18T00:29:04.184+0000] {warnings.py:110} WARNING - /home/***/.local/lib/python3.12/site-packages/***/task/task_runner/standard_task_runner.py:61: DeprecationWarning: This process (pid=24321) is multi-threaded, use of fork() may lead to deadlocks in the child.
  pid = os.fork()

[2024-05-18T00:29:04.186+0000] {standard_task_runner.py:63} INFO - Started process 24342 to run task
[2024-05-18T00:29:04.186+0000] {standard_task_runner.py:90} INFO - Running: ['***', 'tasks', 'run', 'data_ingestion_pipelines_2', 'save_file', 'manual__2024-05-17T12:31:17.083416+00:00', '--job-id', '138', '--raw', '--subdir', 'DAGS_FOLDER/data-ingestion-dag.py', '--cfg-path', '/tmp/tmp80ozedt2']
[2024-05-18T00:29:04.188+0000] {standard_task_runner.py:91} INFO - Job 138: Subtask save_file
[2024-05-18T00:29:04.252+0000] {task_command.py:426} INFO - Running <TaskInstance: data_ingestion_pipelines_2.save_file manual__2024-05-17T12:31:17.083416+00:00 [running]> on host e512d0910ba5
[2024-05-18T00:29:04.366+0000] {taskinstance.py:2648} INFO - Exporting env vars: AIRFLOW_CTX_DAG_OWNER='***' AIRFLOW_CTX_DAG_ID='data_ingestion_pipelines_2' AIRFLOW_CTX_TASK_ID='save_file' AIRFLOW_CTX_EXECUTION_DATE='2024-05-17T12:31:17.083416+00:00' AIRFLOW_CTX_TRY_NUMBER='17' AIRFLOW_CTX_DAG_RUN_ID='manual__2024-05-17T12:31:17.083416+00:00'
[2024-05-18T00:29:04.368+0000] {taskinstance.py:430} INFO - ::endgroup::
[2024-05-18T00:29:04.462+0000] {logging_mixin.py:188} INFO - Saved good data to /opt/***/dags/good-data/data_part_6.csv
[2024-05-18T00:29:04.468+0000] {logging_mixin.py:188} INFO - Saved bad data to /opt/***/dags/bad-data/data_part_6.csv
[2024-05-18T00:29:04.471+0000] {python.py:237} INFO - Done. Returned value was: None
[2024-05-18T00:29:04.472+0000] {taskinstance.py:441} INFO - ::group::Post task execution logs
[2024-05-18T00:29:04.485+0000] {taskinstance.py:1206} INFO - Marking task as SUCCESS. dag_id=data_ingestion_pipelines_2, task_id=save_file, run_id=manual__2024-05-17T12:31:17.083416+00:00, execution_date=20240517T123117, start_date=20240518T002904, end_date=20240518T002904
[2024-05-18T00:29:04.522+0000] {local_task_job_runner.py:240} INFO - Task exited with return code 0
[2024-05-18T00:29:04.546+0000] {taskinstance.py:3498} INFO - 0 downstream tasks scheduled from follow-on schedule check
[2024-05-18T00:29:04.549+0000] {local_task_job_runner.py:222} INFO - ::endgroup::
