[2024-05-18T01:13:53.409+0000] {local_task_job_runner.py:120} INFO - ::group::Pre task execution logs
[2024-05-18T01:13:53.476+0000] {taskinstance.py:2076} INFO - Dependencies all met for dep_context=non-requeueable deps ti=<TaskInstance: data_ingestion_pipelines_2.read_data scheduled__2024-05-17T00:00:00+00:00 [queued]>
[2024-05-18T01:13:53.495+0000] {taskinstance.py:2076} INFO - Dependencies all met for dep_context=requeueable deps ti=<TaskInstance: data_ingestion_pipelines_2.read_data scheduled__2024-05-17T00:00:00+00:00 [queued]>
[2024-05-18T01:13:53.498+0000] {taskinstance.py:2306} INFO - Starting attempt 2 of 2
[2024-05-18T01:13:53.523+0000] {taskinstance.py:2330} INFO - Executing <Task(PythonOperator): read_data> on 2024-05-17 00:00:00+00:00
[2024-05-18T01:13:53.538+0000] {warnings.py:110} WARNING - /home/***/.local/lib/python3.12/site-packages/***/task/task_runner/standard_task_runner.py:61: DeprecationWarning: This process (pid=239) is multi-threaded, use of fork() may lead to deadlocks in the child.
  pid = os.fork()

[2024-05-18T01:13:53.541+0000] {standard_task_runner.py:63} INFO - Started process 249 to run task
[2024-05-18T01:13:53.541+0000] {standard_task_runner.py:90} INFO - Running: ['***', 'tasks', 'run', 'data_ingestion_pipelines_2', 'read_data', 'scheduled__2024-05-17T00:00:00+00:00', '--job-id', '143', '--raw', '--subdir', 'DAGS_FOLDER/data-ingestion-dag.py', '--cfg-path', '/tmp/tmp8zqhvld2']
[2024-05-18T01:13:53.543+0000] {standard_task_runner.py:91} INFO - Job 143: Subtask read_data
[2024-05-18T01:13:53.651+0000] {task_command.py:426} INFO - Running <TaskInstance: data_ingestion_pipelines_2.read_data scheduled__2024-05-17T00:00:00+00:00 [running]> on host e512d0910ba5
[2024-05-18T01:13:53.925+0000] {taskinstance.py:2648} INFO - Exporting env vars: AIRFLOW_CTX_DAG_OWNER='***' AIRFLOW_CTX_DAG_ID='data_ingestion_pipelines_2' AIRFLOW_CTX_TASK_ID='read_data' AIRFLOW_CTX_EXECUTION_DATE='2024-05-17T00:00:00+00:00' AIRFLOW_CTX_TRY_NUMBER='2' AIRFLOW_CTX_DAG_RUN_ID='scheduled__2024-05-17T00:00:00+00:00'
[2024-05-18T01:13:53.927+0000] {taskinstance.py:430} INFO - ::endgroup::
[2024-05-18T01:13:53.973+0000] {logging_mixin.py:188} INFO - file_path in read_data is  /opt/***/dags/raw-data/data_part_3.csv
[2024-05-18T01:13:53.996+0000] {python.py:237} INFO - Done. Returned value was: None
[2024-05-18T01:13:53.997+0000] {taskinstance.py:441} INFO - ::group::Post task execution logs
[2024-05-18T01:13:54.018+0000] {taskinstance.py:1206} INFO - Marking task as SUCCESS. dag_id=data_ingestion_pipelines_2, task_id=read_data, run_id=scheduled__2024-05-17T00:00:00+00:00, execution_date=20240517T000000, start_date=20240518T011353, end_date=20240518T011354
[2024-05-18T01:13:54.079+0000] {local_task_job_runner.py:240} INFO - Task exited with return code 0
[2024-05-18T01:13:54.151+0000] {taskinstance.py:3498} INFO - 1 downstream tasks scheduled from follow-on schedule check
[2024-05-18T01:13:54.157+0000] {local_task_job_runner.py:222} INFO - ::endgroup::
