[2024-05-18T00:00:07.685+0000] {local_task_job_runner.py:120} INFO - ::group::Pre task execution logs
[2024-05-18T00:00:07.749+0000] {taskinstance.py:2076} INFO - Dependencies all met for dep_context=non-requeueable deps ti=<TaskInstance: data_ingestion_pipelines_2.read_data scheduled__2024-05-17T00:00:00+00:00 [queued]>
[2024-05-18T00:00:07.764+0000] {taskinstance.py:2076} INFO - Dependencies all met for dep_context=requeueable deps ti=<TaskInstance: data_ingestion_pipelines_2.read_data scheduled__2024-05-17T00:00:00+00:00 [queued]>
[2024-05-18T00:00:07.766+0000] {taskinstance.py:2306} INFO - Starting attempt 1 of 1
[2024-05-18T00:00:07.789+0000] {taskinstance.py:2330} INFO - Executing <Task(PythonOperator): read_data> on 2024-05-17 00:00:00+00:00
[2024-05-18T00:00:07.803+0000] {warnings.py:110} WARNING - /home/***/.local/lib/python3.12/site-packages/***/task/task_runner/standard_task_runner.py:61: DeprecationWarning: This process (pid=22405) is multi-threaded, use of fork() may lead to deadlocks in the child.
  pid = os.fork()

[2024-05-18T00:00:07.806+0000] {standard_task_runner.py:63} INFO - Started process 22425 to run task
[2024-05-18T00:00:07.805+0000] {standard_task_runner.py:90} INFO - Running: ['***', 'tasks', 'run', 'data_ingestion_pipelines_2', 'read_data', 'scheduled__2024-05-17T00:00:00+00:00', '--job-id', '119', '--raw', '--subdir', 'DAGS_FOLDER/data-ingestion-dag.py', '--cfg-path', '/tmp/tmp5cdxz2vh']
[2024-05-18T00:00:07.807+0000] {standard_task_runner.py:91} INFO - Job 119: Subtask read_data
[2024-05-18T00:00:07.892+0000] {task_command.py:426} INFO - Running <TaskInstance: data_ingestion_pipelines_2.read_data scheduled__2024-05-17T00:00:00+00:00 [running]> on host e512d0910ba5
[2024-05-18T00:00:08.030+0000] {taskinstance.py:2648} INFO - Exporting env vars: AIRFLOW_CTX_DAG_OWNER='***' AIRFLOW_CTX_DAG_ID='data_ingestion_pipelines_2' AIRFLOW_CTX_TASK_ID='read_data' AIRFLOW_CTX_EXECUTION_DATE='2024-05-17T00:00:00+00:00' AIRFLOW_CTX_TRY_NUMBER='1' AIRFLOW_CTX_DAG_RUN_ID='scheduled__2024-05-17T00:00:00+00:00'
[2024-05-18T00:00:08.032+0000] {taskinstance.py:430} INFO - ::endgroup::
[2024-05-18T00:00:08.060+0000] {logging_mixin.py:188} INFO - file_path in read_data is  /opt/***/dags/raw-data/data_part_1.csv
[2024-05-18T00:00:08.092+0000] {python.py:237} INFO - Done. Returned value was: None
[2024-05-18T00:00:08.093+0000] {taskinstance.py:441} INFO - ::group::Post task execution logs
[2024-05-18T00:00:08.119+0000] {taskinstance.py:1206} INFO - Marking task as SUCCESS. dag_id=data_ingestion_pipelines_2, task_id=read_data, run_id=scheduled__2024-05-17T00:00:00+00:00, execution_date=20240517T000000, start_date=20240518T000007, end_date=20240518T000008
[2024-05-18T00:00:08.182+0000] {local_task_job_runner.py:240} INFO - Task exited with return code 0
[2024-05-18T00:00:08.285+0000] {taskinstance.py:3498} INFO - 1 downstream tasks scheduled from follow-on schedule check
[2024-05-18T00:00:08.293+0000] {local_task_job_runner.py:222} INFO - ::endgroup::
