[2024-05-18T02:31:14.783+0000] {local_task_job_runner.py:120} INFO - ::group::Pre task execution logs
[2024-05-18T02:31:14.832+0000] {taskinstance.py:2076} INFO - Dependencies all met for dep_context=non-requeueable deps ti=<TaskInstance: data_ingestion_pipelines_2.read_data scheduled__2024-05-17T00:00:00+00:00 [queued]>
[2024-05-18T02:31:14.844+0000] {taskinstance.py:2076} INFO - Dependencies all met for dep_context=requeueable deps ti=<TaskInstance: data_ingestion_pipelines_2.read_data scheduled__2024-05-17T00:00:00+00:00 [queued]>
[2024-05-18T02:31:14.847+0000] {taskinstance.py:2306} INFO - Starting attempt 14 of 14
[2024-05-18T02:31:14.866+0000] {taskinstance.py:2330} INFO - Executing <Task(PythonOperator): read_data> on 2024-05-17 00:00:00+00:00
[2024-05-18T02:31:14.876+0000] {warnings.py:110} WARNING - /home/***/.local/lib/python3.12/site-packages/***/task/task_runner/standard_task_runner.py:61: DeprecationWarning: This process (pid=3525) is multi-threaded, use of fork() may lead to deadlocks in the child.
  pid = os.fork()

[2024-05-18T02:31:14.878+0000] {standard_task_runner.py:63} INFO - Started process 3535 to run task
[2024-05-18T02:31:14.878+0000] {standard_task_runner.py:90} INFO - Running: ['***', 'tasks', 'run', 'data_ingestion_pipelines_2', 'read_data', 'scheduled__2024-05-17T00:00:00+00:00', '--job-id', '206', '--raw', '--subdir', 'DAGS_FOLDER/data-ingestion-dag.py', '--cfg-path', '/tmp/tmpsyh35d3c']
[2024-05-18T02:31:14.880+0000] {standard_task_runner.py:91} INFO - Job 206: Subtask read_data
[2024-05-18T02:31:14.951+0000] {task_command.py:426} INFO - Running <TaskInstance: data_ingestion_pipelines_2.read_data scheduled__2024-05-17T00:00:00+00:00 [running]> on host 5ee845ef4e45
[2024-05-18T02:31:15.063+0000] {taskinstance.py:2648} INFO - Exporting env vars: AIRFLOW_CTX_DAG_OWNER='***' AIRFLOW_CTX_DAG_ID='data_ingestion_pipelines_2' AIRFLOW_CTX_TASK_ID='read_data' AIRFLOW_CTX_EXECUTION_DATE='2024-05-17T00:00:00+00:00' AIRFLOW_CTX_TRY_NUMBER='14' AIRFLOW_CTX_DAG_RUN_ID='scheduled__2024-05-17T00:00:00+00:00'
[2024-05-18T02:31:15.064+0000] {taskinstance.py:430} INFO - ::endgroup::
[2024-05-18T02:31:15.083+0000] {logging_mixin.py:188} INFO - file_path in read_data is  /opt/***/dags/raw-data/data_part_8.csv
[2024-05-18T02:31:15.099+0000] {python.py:237} INFO - Done. Returned value was: None
[2024-05-18T02:31:15.099+0000] {taskinstance.py:441} INFO - ::group::Post task execution logs
[2024-05-18T02:31:15.111+0000] {taskinstance.py:1206} INFO - Marking task as SUCCESS. dag_id=data_ingestion_pipelines_2, task_id=read_data, run_id=scheduled__2024-05-17T00:00:00+00:00, execution_date=20240517T000000, start_date=20240518T023114, end_date=20240518T023115
[2024-05-18T02:31:15.174+0000] {local_task_job_runner.py:240} INFO - Task exited with return code 0
[2024-05-18T02:31:15.233+0000] {taskinstance.py:3498} INFO - 1 downstream tasks scheduled from follow-on schedule check
[2024-05-18T02:31:15.236+0000] {local_task_job_runner.py:222} INFO - ::endgroup::
