[2024-05-16T20:32:57.575+0000] {local_task_job_runner.py:120} INFO - ::group::Pre task execution logs
[2024-05-16T20:32:57.870+0000] {taskinstance.py:2076} INFO - Dependencies all met for dep_context=non-requeueable deps ti=<TaskInstance: data_ingestion.read_data scheduled__2024-05-16T20:30:00+00:00 [queued]>
[2024-05-16T20:32:57.933+0000] {taskinstance.py:2076} INFO - Dependencies all met for dep_context=requeueable deps ti=<TaskInstance: data_ingestion.read_data scheduled__2024-05-16T20:30:00+00:00 [queued]>
[2024-05-16T20:32:57.938+0000] {taskinstance.py:2306} INFO - Starting attempt 2 of 2
[2024-05-16T20:32:58.024+0000] {taskinstance.py:2330} INFO - Executing <Task(PythonOperator): read_data> on 2024-05-16 20:30:00+00:00
[2024-05-16T20:32:58.056+0000] {warnings.py:110} WARNING - /home/***/.local/lib/python3.12/site-packages/***/task/task_runner/standard_task_runner.py:61: DeprecationWarning: This process (pid=473) is multi-threaded, use of fork() may lead to deadlocks in the child.
  pid = os.fork()

[2024-05-16T20:32:58.064+0000] {standard_task_runner.py:90} INFO - Running: ['***', 'tasks', 'run', 'data_ingestion', 'read_data', 'scheduled__2024-05-16T20:30:00+00:00', '--job-id', '9', '--raw', '--subdir', 'DAGS_FOLDER/first_dag.py', '--cfg-path', '/tmp/tmpnx4yir7e']
[2024-05-16T20:32:58.066+0000] {standard_task_runner.py:63} INFO - Started process 499 to run task
[2024-05-16T20:32:58.071+0000] {standard_task_runner.py:91} INFO - Job 9: Subtask read_data
[2024-05-16T20:32:58.342+0000] {task_command.py:426} INFO - Running <TaskInstance: data_ingestion.read_data scheduled__2024-05-16T20:30:00+00:00 [running]> on host aca4de36b166
[2024-05-16T20:32:58.738+0000] {taskinstance.py:2648} INFO - Exporting env vars: AIRFLOW_CTX_DAG_OWNER='***' AIRFLOW_CTX_DAG_ID='data_ingestion' AIRFLOW_CTX_TASK_ID='read_data' AIRFLOW_CTX_EXECUTION_DATE='2024-05-16T20:30:00+00:00' AIRFLOW_CTX_TRY_NUMBER='2' AIRFLOW_CTX_DAG_RUN_ID='scheduled__2024-05-16T20:30:00+00:00'
[2024-05-16T20:32:58.742+0000] {taskinstance.py:430} INFO - ::endgroup::
[2024-05-16T20:32:58.826+0000] {taskinstance.py:441} INFO - ::group::Post task execution logs
[2024-05-16T20:32:58.855+0000] {taskinstance.py:2905} ERROR - Task failed with exception
Traceback (most recent call last):
  File "/home/airflow/.local/lib/python3.12/site-packages/airflow/models/taskinstance.py", line 465, in _execute_task
    result = _execute_callable(context=context, **execute_callable_kwargs)
             ^^^^^^^^^^^^^^^^^^^^^^^^^^^^^^^^^^^^^^^^^^^^^^^^^^^^^^^^^^^^^
  File "/home/airflow/.local/lib/python3.12/site-packages/airflow/models/taskinstance.py", line 432, in _execute_callable
    return execute_callable(context=context, **execute_callable_kwargs)
           ^^^^^^^^^^^^^^^^^^^^^^^^^^^^^^^^^^^^^^^^^^^^^^^^^^^^^^^^^^^^
  File "/home/airflow/.local/lib/python3.12/site-packages/airflow/models/baseoperator.py", line 400, in wrapper
    return func(self, *args, **kwargs)
           ^^^^^^^^^^^^^^^^^^^^^^^^^^^
  File "/home/airflow/.local/lib/python3.12/site-packages/airflow/operators/python.py", line 235, in execute
    return_value = self.execute_callable()
                   ^^^^^^^^^^^^^^^^^^^^^^^
  File "/home/airflow/.local/lib/python3.12/site-packages/airflow/operators/python.py", line 252, in execute_callable
    return self.python_callable(*self.op_args, **self.op_kwargs)
           ^^^^^^^^^^^^^^^^^^^^^^^^^^^^^^^^^^^^^^^^^^^^^^^^^^^^^
  File "/opt/airflow/dags/first_dag.py", line 25, in read_data
    files = os.listdir(raw_data_path)
            ^^^^^^^^^^^^^^^^^^^^^^^^^
FileNotFoundError: [Errno 2] No such file or directory: '/raw-data'
[2024-05-16T20:32:58.949+0000] {taskinstance.py:1206} INFO - Marking task as FAILED. dag_id=data_ingestion, task_id=read_data, run_id=scheduled__2024-05-16T20:30:00+00:00, execution_date=20240516T203000, start_date=20240516T203257, end_date=20240516T203258
[2024-05-16T20:32:59.010+0000] {standard_task_runner.py:110} ERROR - Failed to execute job 9 for task read_data ([Errno 2] No such file or directory: '/raw-data'; 499)
[2024-05-16T20:32:59.085+0000] {local_task_job_runner.py:240} INFO - Task exited with return code 1
[2024-05-16T20:32:59.210+0000] {taskinstance.py:3498} INFO - 0 downstream tasks scheduled from follow-on schedule check
[2024-05-16T20:32:59.242+0000] {local_task_job_runner.py:222} INFO - ::endgroup::
