[2024-05-16T20:32:00.507+0000] {local_task_job_runner.py:120} INFO - ::group::Pre task execution logs
[2024-05-16T20:32:00.715+0000] {taskinstance.py:2076} INFO - Dependencies all met for dep_context=non-requeueable deps ti=<TaskInstance: data_ingestion.read_data scheduled__2024-05-16T20:29:00+00:00 [queued]>
[2024-05-16T20:32:00.770+0000] {taskinstance.py:2076} INFO - Dependencies all met for dep_context=requeueable deps ti=<TaskInstance: data_ingestion.read_data scheduled__2024-05-16T20:29:00+00:00 [queued]>
[2024-05-16T20:32:00.772+0000] {taskinstance.py:2306} INFO - Starting attempt 2 of 2
[2024-05-16T20:32:00.881+0000] {taskinstance.py:2330} INFO - Executing <Task(PythonOperator): read_data> on 2024-05-16 20:29:00+00:00
[2024-05-16T20:32:00.908+0000] {warnings.py:110} WARNING - /home/***/.local/lib/python3.12/site-packages/***/task/task_runner/standard_task_runner.py:61: DeprecationWarning: This process (pid=422) is multi-threaded, use of fork() may lead to deadlocks in the child.
  pid = os.fork()

[2024-05-16T20:32:00.926+0000] {standard_task_runner.py:63} INFO - Started process 442 to run task
[2024-05-16T20:32:00.927+0000] {standard_task_runner.py:90} INFO - Running: ['***', 'tasks', 'run', 'data_ingestion', 'read_data', 'scheduled__2024-05-16T20:29:00+00:00', '--job-id', '7', '--raw', '--subdir', 'DAGS_FOLDER/first_dag.py', '--cfg-path', '/tmp/tmpx54tr7hp']
[2024-05-16T20:32:00.939+0000] {standard_task_runner.py:91} INFO - Job 7: Subtask read_data
[2024-05-16T20:32:01.338+0000] {task_command.py:426} INFO - Running <TaskInstance: data_ingestion.read_data scheduled__2024-05-16T20:29:00+00:00 [running]> on host aca4de36b166
[2024-05-16T20:32:02.156+0000] {taskinstance.py:2648} INFO - Exporting env vars: AIRFLOW_CTX_DAG_OWNER='***' AIRFLOW_CTX_DAG_ID='data_ingestion' AIRFLOW_CTX_TASK_ID='read_data' AIRFLOW_CTX_EXECUTION_DATE='2024-05-16T20:29:00+00:00' AIRFLOW_CTX_TRY_NUMBER='2' AIRFLOW_CTX_DAG_RUN_ID='scheduled__2024-05-16T20:29:00+00:00'
[2024-05-16T20:32:02.164+0000] {taskinstance.py:430} INFO - ::endgroup::
[2024-05-16T20:32:02.268+0000] {taskinstance.py:441} INFO - ::group::Post task execution logs
[2024-05-16T20:32:02.270+0000] {taskinstance.py:2905} ERROR - Task failed with exception
Traceback (most recent call last):
  File "/home/airflow/.local/lib/python3.12/site-packages/airflow/models/taskinstance.py", line 465, in _execute_task
    result = _execute_callable(context=context, **execute_callable_kwargs)
             ^^^^^^^^^^^^^^^^^^^^^^^^^^^^^^^^^^^^^^^^^^^^^^^^^^^^^^^^^^^^^
  File "/home/airflow/.local/lib/python3.12/site-packages/airflow/models/taskinstance.py", line 432, in _execute_callable
    return execute_callable(context=context, **execute_callable_kwargs)
           ^^^^^^^^^^^^^^^^^^^^^^^^^^^^^^^^^^^^^^^^^^^^^^^^^^^^^^^^^^^^
  File "/home/airflow/.local/lib/python3.12/site-packages/airflow/models/baseoperator.py", line 400, in wrapper
    return func(self, *args, **kwargs)
           ^^^^^^^^^^^^^^^^^^^^^^^^^^^
  File "/home/airflow/.local/lib/python3.12/site-packages/airflow/operators/python.py", line 235, in execute
    return_value = self.execute_callable()
                   ^^^^^^^^^^^^^^^^^^^^^^^
  File "/home/airflow/.local/lib/python3.12/site-packages/airflow/operators/python.py", line 252, in execute_callable
    return self.python_callable(*self.op_args, **self.op_kwargs)
           ^^^^^^^^^^^^^^^^^^^^^^^^^^^^^^^^^^^^^^^^^^^^^^^^^^^^^
  File "/opt/airflow/dags/first_dag.py", line 25, in read_data
    files = os.listdir(raw_data_path)
            ^^^^^^^^^^^^^^^^^^^^^^^^^
FileNotFoundError: [Errno 2] No such file or directory: '/path/to/raw-data'
[2024-05-16T20:32:02.382+0000] {taskinstance.py:1206} INFO - Marking task as FAILED. dag_id=data_ingestion, task_id=read_data, run_id=scheduled__2024-05-16T20:29:00+00:00, execution_date=20240516T202900, start_date=20240516T203200, end_date=20240516T203202
[2024-05-16T20:32:02.450+0000] {standard_task_runner.py:110} ERROR - Failed to execute job 7 for task read_data ([Errno 2] No such file or directory: '/path/to/raw-data'; 442)
[2024-05-16T20:32:02.498+0000] {local_task_job_runner.py:240} INFO - Task exited with return code 1
[2024-05-16T20:32:02.606+0000] {taskinstance.py:3498} INFO - 0 downstream tasks scheduled from follow-on schedule check
[2024-05-16T20:32:02.623+0000] {local_task_job_runner.py:222} INFO - ::endgroup::
