[2024-05-17T11:49:10.623+0000] {local_task_job_runner.py:120} INFO - ::group::Pre task execution logs
[2024-05-17T11:49:10.663+0000] {taskinstance.py:2076} INFO - Dependencies all met for dep_context=non-requeueable deps ti=<TaskInstance: data_ingestion_pipelines_2.read_data manual__2024-05-17T11:30:28.713644+00:00 [queued]>
[2024-05-17T11:49:10.675+0000] {taskinstance.py:2076} INFO - Dependencies all met for dep_context=requeueable deps ti=<TaskInstance: data_ingestion_pipelines_2.read_data manual__2024-05-17T11:30:28.713644+00:00 [queued]>
[2024-05-17T11:49:10.677+0000] {taskinstance.py:2306} INFO - Starting attempt 4 of 4
[2024-05-17T11:49:10.694+0000] {taskinstance.py:2330} INFO - Executing <Task(PythonOperator): read_data> on 2024-05-17 11:30:28.713644+00:00
[2024-05-17T11:49:10.703+0000] {warnings.py:110} WARNING - /home/***/.local/lib/python3.12/site-packages/***/task/task_runner/standard_task_runner.py:61: DeprecationWarning: This process (pid=1545) is multi-threaded, use of fork() may lead to deadlocks in the child.
  pid = os.fork()

[2024-05-17T11:49:10.706+0000] {standard_task_runner.py:63} INFO - Started process 1562 to run task
[2024-05-17T11:49:10.705+0000] {standard_task_runner.py:90} INFO - Running: ['***', 'tasks', 'run', 'data_ingestion_pipelines_2', 'read_data', 'manual__2024-05-17T11:30:28.713644+00:00', '--job-id', '13', '--raw', '--subdir', 'DAGS_FOLDER/data-ingestion-dag.py', '--cfg-path', '/tmp/tmp9767d1px']
[2024-05-17T11:49:10.707+0000] {standard_task_runner.py:91} INFO - Job 13: Subtask read_data
[2024-05-17T11:49:10.793+0000] {task_command.py:426} INFO - Running <TaskInstance: data_ingestion_pipelines_2.read_data manual__2024-05-17T11:30:28.713644+00:00 [running]> on host 11a40e6e6344
[2024-05-17T11:49:10.920+0000] {taskinstance.py:2648} INFO - Exporting env vars: AIRFLOW_CTX_DAG_OWNER='***' AIRFLOW_CTX_DAG_ID='data_ingestion_pipelines_2' AIRFLOW_CTX_TASK_ID='read_data' AIRFLOW_CTX_EXECUTION_DATE='2024-05-17T11:30:28.713644+00:00' AIRFLOW_CTX_TRY_NUMBER='4' AIRFLOW_CTX_DAG_RUN_ID='manual__2024-05-17T11:30:28.713644+00:00'
[2024-05-17T11:49:10.921+0000] {taskinstance.py:430} INFO - ::endgroup::
[2024-05-17T11:49:10.951+0000] {logging_mixin.py:188} INFO - file_path in read_data is  /opt/***/dags/raw-data/data_part_5.csv
[2024-05-17T11:49:10.974+0000] {python.py:237} INFO - Done. Returned value was: None
[2024-05-17T11:49:10.975+0000] {taskinstance.py:441} INFO - ::group::Post task execution logs
[2024-05-17T11:49:10.993+0000] {taskinstance.py:1206} INFO - Marking task as SUCCESS. dag_id=data_ingestion_pipelines_2, task_id=read_data, run_id=manual__2024-05-17T11:30:28.713644+00:00, execution_date=20240517T113028, start_date=20240517T114910, end_date=20240517T114910
[2024-05-17T11:49:11.042+0000] {local_task_job_runner.py:240} INFO - Task exited with return code 0
[2024-05-17T11:49:11.094+0000] {taskinstance.py:3498} INFO - 1 downstream tasks scheduled from follow-on schedule check
[2024-05-17T11:49:11.100+0000] {local_task_job_runner.py:222} INFO - ::endgroup::
