[2024-05-16T19:44:19.222+0000] {processor.py:161} INFO - Started process (PID=309) to work on /home/airflow/.local/lib/python3.12/site-packages/airflow/example_dags/example_datasets.py
[2024-05-16T19:44:19.224+0000] {processor.py:830} INFO - Processing file /home/airflow/.local/lib/python3.12/site-packages/airflow/example_dags/example_datasets.py for tasks to queue
[2024-05-16T19:44:19.227+0000] {logging_mixin.py:188} INFO - [2024-05-16T19:44:19.227+0000] {dagbag.py:545} INFO - Filling up the DagBag from /home/airflow/.local/lib/python3.12/site-packages/airflow/example_dags/example_datasets.py
[2024-05-16T19:44:19.261+0000] {processor.py:840} INFO - DAG(s) 'conditional_dataset_and_time_based_timetable', 'dataset_consumes_1_never_scheduled', 'consume_1_and_2_with_dataset_expressions', 'dataset_produces_2', 'dataset_consumes_1_and_2', 'consume_1_or_2_with_dataset_expressions', 'dataset_produces_1', 'consume_1_or_both_2_and_3_with_dataset_expressions', 'dataset_consumes_unknown_never_scheduled', 'dataset_consumes_1' retrieved from /home/airflow/.local/lib/python3.12/site-packages/airflow/example_dags/example_datasets.py
[2024-05-16T19:44:19.637+0000] {logging_mixin.py:188} INFO - [2024-05-16T19:44:19.636+0000] {dag.py:3096} INFO - Sync 10 DAGs
[2024-05-16T19:44:19.679+0000] {logging_mixin.py:188} INFO - [2024-05-16T19:44:19.678+0000] {dag.py:3954} INFO - Setting next_dagrun for conditional_dataset_and_time_based_timetable to 2024-05-15 01:00:00+00:00, run_after=2024-05-15 01:00:00+00:00
[2024-05-16T19:44:19.683+0000] {logging_mixin.py:188} INFO - [2024-05-16T19:44:19.683+0000] {dag.py:3954} INFO - Setting next_dagrun for consume_1_and_2_with_dataset_expressions to None, run_after=None
[2024-05-16T19:44:19.686+0000] {logging_mixin.py:188} INFO - [2024-05-16T19:44:19.686+0000] {dag.py:3954} INFO - Setting next_dagrun for consume_1_or_2_with_dataset_expressions to None, run_after=None
[2024-05-16T19:44:19.688+0000] {logging_mixin.py:188} INFO - [2024-05-16T19:44:19.688+0000] {dag.py:3954} INFO - Setting next_dagrun for consume_1_or_both_2_and_3_with_dataset_expressions to None, run_after=None
[2024-05-16T19:44:19.690+0000] {logging_mixin.py:188} INFO - [2024-05-16T19:44:19.690+0000] {dag.py:3954} INFO - Setting next_dagrun for dataset_consumes_1 to None, run_after=None
[2024-05-16T19:44:19.693+0000] {logging_mixin.py:188} INFO - [2024-05-16T19:44:19.692+0000] {dag.py:3954} INFO - Setting next_dagrun for dataset_consumes_1_and_2 to None, run_after=None
[2024-05-16T19:44:19.695+0000] {logging_mixin.py:188} INFO - [2024-05-16T19:44:19.694+0000] {dag.py:3954} INFO - Setting next_dagrun for dataset_consumes_1_never_scheduled to None, run_after=None
[2024-05-16T19:44:19.697+0000] {logging_mixin.py:188} INFO - [2024-05-16T19:44:19.697+0000] {dag.py:3954} INFO - Setting next_dagrun for dataset_consumes_unknown_never_scheduled to None, run_after=None
[2024-05-16T19:44:19.701+0000] {logging_mixin.py:188} INFO - [2024-05-16T19:44:19.701+0000] {dag.py:3954} INFO - Setting next_dagrun for dataset_produces_1 to 2024-05-15 00:00:00+00:00, run_after=2024-05-16 00:00:00+00:00
[2024-05-16T19:44:19.703+0000] {logging_mixin.py:188} INFO - [2024-05-16T19:44:19.703+0000] {dag.py:3954} INFO - Setting next_dagrun for dataset_produces_2 to None, run_after=None
[2024-05-16T19:44:19.764+0000] {processor.py:183} INFO - Processing /home/airflow/.local/lib/python3.12/site-packages/airflow/example_dags/example_datasets.py took 0.553 seconds
[2024-05-16T19:44:49.879+0000] {processor.py:161} INFO - Started process (PID=572) to work on /home/airflow/.local/lib/python3.12/site-packages/airflow/example_dags/example_datasets.py
[2024-05-16T19:44:49.881+0000] {processor.py:830} INFO - Processing file /home/airflow/.local/lib/python3.12/site-packages/airflow/example_dags/example_datasets.py for tasks to queue
[2024-05-16T19:44:49.883+0000] {logging_mixin.py:188} INFO - [2024-05-16T19:44:49.882+0000] {dagbag.py:545} INFO - Filling up the DagBag from /home/airflow/.local/lib/python3.12/site-packages/airflow/example_dags/example_datasets.py
[2024-05-16T19:44:49.903+0000] {processor.py:840} INFO - DAG(s) 'dataset_produces_2', 'dataset_consumes_1_and_2', 'consume_1_or_both_2_and_3_with_dataset_expressions', 'dataset_consumes_1_never_scheduled', 'dataset_consumes_1', 'consume_1_and_2_with_dataset_expressions', 'conditional_dataset_and_time_based_timetable', 'dataset_consumes_unknown_never_scheduled', 'dataset_produces_1', 'consume_1_or_2_with_dataset_expressions' retrieved from /home/airflow/.local/lib/python3.12/site-packages/airflow/example_dags/example_datasets.py
[2024-05-16T19:44:49.977+0000] {logging_mixin.py:188} INFO - [2024-05-16T19:44:49.976+0000] {dag.py:3096} INFO - Sync 10 DAGs
[2024-05-16T19:44:50.017+0000] {logging_mixin.py:188} INFO - [2024-05-16T19:44:50.016+0000] {dag.py:3954} INFO - Setting next_dagrun for conditional_dataset_and_time_based_timetable to 2024-05-15 01:00:00+00:00, run_after=2024-05-15 01:00:00+00:00
[2024-05-16T19:44:50.022+0000] {logging_mixin.py:188} INFO - [2024-05-16T19:44:50.022+0000] {dag.py:3954} INFO - Setting next_dagrun for consume_1_and_2_with_dataset_expressions to None, run_after=None
[2024-05-16T19:44:50.024+0000] {logging_mixin.py:188} INFO - [2024-05-16T19:44:50.024+0000] {dag.py:3954} INFO - Setting next_dagrun for consume_1_or_2_with_dataset_expressions to None, run_after=None
[2024-05-16T19:44:50.026+0000] {logging_mixin.py:188} INFO - [2024-05-16T19:44:50.026+0000] {dag.py:3954} INFO - Setting next_dagrun for consume_1_or_both_2_and_3_with_dataset_expressions to None, run_after=None
[2024-05-16T19:44:50.028+0000] {logging_mixin.py:188} INFO - [2024-05-16T19:44:50.027+0000] {dag.py:3954} INFO - Setting next_dagrun for dataset_consumes_1 to None, run_after=None
[2024-05-16T19:44:50.029+0000] {logging_mixin.py:188} INFO - [2024-05-16T19:44:50.029+0000] {dag.py:3954} INFO - Setting next_dagrun for dataset_consumes_1_and_2 to None, run_after=None
[2024-05-16T19:44:50.031+0000] {logging_mixin.py:188} INFO - [2024-05-16T19:44:50.031+0000] {dag.py:3954} INFO - Setting next_dagrun for dataset_consumes_1_never_scheduled to None, run_after=None
[2024-05-16T19:44:50.033+0000] {logging_mixin.py:188} INFO - [2024-05-16T19:44:50.033+0000] {dag.py:3954} INFO - Setting next_dagrun for dataset_consumes_unknown_never_scheduled to None, run_after=None
[2024-05-16T19:44:50.037+0000] {logging_mixin.py:188} INFO - [2024-05-16T19:44:50.037+0000] {dag.py:3954} INFO - Setting next_dagrun for dataset_produces_1 to 2024-05-15 00:00:00+00:00, run_after=2024-05-16 00:00:00+00:00
[2024-05-16T19:44:50.040+0000] {logging_mixin.py:188} INFO - [2024-05-16T19:44:50.040+0000] {dag.py:3954} INFO - Setting next_dagrun for dataset_produces_2 to None, run_after=None
[2024-05-16T19:44:50.085+0000] {processor.py:183} INFO - Processing /home/airflow/.local/lib/python3.12/site-packages/airflow/example_dags/example_datasets.py took 0.213 seconds
[2024-05-16T19:45:20.839+0000] {processor.py:161} INFO - Started process (PID=833) to work on /home/airflow/.local/lib/python3.12/site-packages/airflow/example_dags/example_datasets.py
[2024-05-16T19:45:20.848+0000] {processor.py:830} INFO - Processing file /home/airflow/.local/lib/python3.12/site-packages/airflow/example_dags/example_datasets.py for tasks to queue
[2024-05-16T19:45:20.862+0000] {logging_mixin.py:188} INFO - [2024-05-16T19:45:20.861+0000] {dagbag.py:545} INFO - Filling up the DagBag from /home/airflow/.local/lib/python3.12/site-packages/airflow/example_dags/example_datasets.py
[2024-05-16T19:45:20.928+0000] {processor.py:840} INFO - DAG(s) 'dataset_consumes_1_and_2', 'consume_1_or_2_with_dataset_expressions', 'dataset_consumes_1', 'dataset_produces_1', 'consume_1_or_both_2_and_3_with_dataset_expressions', 'conditional_dataset_and_time_based_timetable', 'consume_1_and_2_with_dataset_expressions', 'dataset_consumes_1_never_scheduled', 'dataset_produces_2', 'dataset_consumes_unknown_never_scheduled' retrieved from /home/airflow/.local/lib/python3.12/site-packages/airflow/example_dags/example_datasets.py
[2024-05-16T19:45:21.147+0000] {logging_mixin.py:188} INFO - [2024-05-16T19:45:21.147+0000] {dag.py:3096} INFO - Sync 10 DAGs
[2024-05-16T19:45:21.244+0000] {logging_mixin.py:188} INFO - [2024-05-16T19:45:21.242+0000] {dag.py:3954} INFO - Setting next_dagrun for conditional_dataset_and_time_based_timetable to 2024-05-15 01:00:00+00:00, run_after=2024-05-15 01:00:00+00:00
[2024-05-16T19:45:21.259+0000] {logging_mixin.py:188} INFO - [2024-05-16T19:45:21.258+0000] {dag.py:3954} INFO - Setting next_dagrun for consume_1_and_2_with_dataset_expressions to None, run_after=None
[2024-05-16T19:45:21.263+0000] {logging_mixin.py:188} INFO - [2024-05-16T19:45:21.263+0000] {dag.py:3954} INFO - Setting next_dagrun for consume_1_or_2_with_dataset_expressions to None, run_after=None
[2024-05-16T19:45:21.268+0000] {logging_mixin.py:188} INFO - [2024-05-16T19:45:21.267+0000] {dag.py:3954} INFO - Setting next_dagrun for consume_1_or_both_2_and_3_with_dataset_expressions to None, run_after=None
[2024-05-16T19:45:21.276+0000] {logging_mixin.py:188} INFO - [2024-05-16T19:45:21.274+0000] {dag.py:3954} INFO - Setting next_dagrun for dataset_consumes_1 to None, run_after=None
[2024-05-16T19:45:21.280+0000] {logging_mixin.py:188} INFO - [2024-05-16T19:45:21.279+0000] {dag.py:3954} INFO - Setting next_dagrun for dataset_consumes_1_and_2 to None, run_after=None
[2024-05-16T19:45:21.284+0000] {logging_mixin.py:188} INFO - [2024-05-16T19:45:21.284+0000] {dag.py:3954} INFO - Setting next_dagrun for dataset_consumes_1_never_scheduled to None, run_after=None
[2024-05-16T19:45:21.289+0000] {logging_mixin.py:188} INFO - [2024-05-16T19:45:21.289+0000] {dag.py:3954} INFO - Setting next_dagrun for dataset_consumes_unknown_never_scheduled to None, run_after=None
[2024-05-16T19:45:21.300+0000] {logging_mixin.py:188} INFO - [2024-05-16T19:45:21.299+0000] {dag.py:3954} INFO - Setting next_dagrun for dataset_produces_1 to 2024-05-15 00:00:00+00:00, run_after=2024-05-16 00:00:00+00:00
[2024-05-16T19:45:21.305+0000] {logging_mixin.py:188} INFO - [2024-05-16T19:45:21.304+0000] {dag.py:3954} INFO - Setting next_dagrun for dataset_produces_2 to None, run_after=None
[2024-05-16T19:45:21.423+0000] {processor.py:183} INFO - Processing /home/airflow/.local/lib/python3.12/site-packages/airflow/example_dags/example_datasets.py took 0.622 seconds
[2024-05-16T19:45:51.582+0000] {processor.py:161} INFO - Started process (PID=1095) to work on /home/airflow/.local/lib/python3.12/site-packages/airflow/example_dags/example_datasets.py
[2024-05-16T19:45:51.589+0000] {processor.py:830} INFO - Processing file /home/airflow/.local/lib/python3.12/site-packages/airflow/example_dags/example_datasets.py for tasks to queue
[2024-05-16T19:45:51.600+0000] {logging_mixin.py:188} INFO - [2024-05-16T19:45:51.599+0000] {dagbag.py:545} INFO - Filling up the DagBag from /home/airflow/.local/lib/python3.12/site-packages/airflow/example_dags/example_datasets.py
[2024-05-16T19:45:51.675+0000] {processor.py:840} INFO - DAG(s) 'consume_1_or_2_with_dataset_expressions', 'dataset_produces_2', 'consume_1_or_both_2_and_3_with_dataset_expressions', 'dataset_consumes_1_and_2', 'dataset_consumes_1_never_scheduled', 'dataset_consumes_1', 'consume_1_and_2_with_dataset_expressions', 'dataset_consumes_unknown_never_scheduled', 'dataset_produces_1', 'conditional_dataset_and_time_based_timetable' retrieved from /home/airflow/.local/lib/python3.12/site-packages/airflow/example_dags/example_datasets.py
[2024-05-16T19:45:51.799+0000] {logging_mixin.py:188} INFO - [2024-05-16T19:45:51.798+0000] {dag.py:3096} INFO - Sync 10 DAGs
[2024-05-16T19:45:51.863+0000] {logging_mixin.py:188} INFO - [2024-05-16T19:45:51.862+0000] {dag.py:3954} INFO - Setting next_dagrun for conditional_dataset_and_time_based_timetable to 2024-05-15 01:00:00+00:00, run_after=2024-05-15 01:00:00+00:00
[2024-05-16T19:45:51.873+0000] {logging_mixin.py:188} INFO - [2024-05-16T19:45:51.873+0000] {dag.py:3954} INFO - Setting next_dagrun for consume_1_and_2_with_dataset_expressions to None, run_after=None
[2024-05-16T19:45:51.877+0000] {logging_mixin.py:188} INFO - [2024-05-16T19:45:51.877+0000] {dag.py:3954} INFO - Setting next_dagrun for consume_1_or_2_with_dataset_expressions to None, run_after=None
[2024-05-16T19:45:51.881+0000] {logging_mixin.py:188} INFO - [2024-05-16T19:45:51.881+0000] {dag.py:3954} INFO - Setting next_dagrun for consume_1_or_both_2_and_3_with_dataset_expressions to None, run_after=None
[2024-05-16T19:45:51.884+0000] {logging_mixin.py:188} INFO - [2024-05-16T19:45:51.883+0000] {dag.py:3954} INFO - Setting next_dagrun for dataset_consumes_1 to None, run_after=None
[2024-05-16T19:45:51.887+0000] {logging_mixin.py:188} INFO - [2024-05-16T19:45:51.887+0000] {dag.py:3954} INFO - Setting next_dagrun for dataset_consumes_1_and_2 to None, run_after=None
[2024-05-16T19:45:51.890+0000] {logging_mixin.py:188} INFO - [2024-05-16T19:45:51.890+0000] {dag.py:3954} INFO - Setting next_dagrun for dataset_consumes_1_never_scheduled to None, run_after=None
[2024-05-16T19:45:51.893+0000] {logging_mixin.py:188} INFO - [2024-05-16T19:45:51.893+0000] {dag.py:3954} INFO - Setting next_dagrun for dataset_consumes_unknown_never_scheduled to None, run_after=None
[2024-05-16T19:45:51.900+0000] {logging_mixin.py:188} INFO - [2024-05-16T19:45:51.899+0000] {dag.py:3954} INFO - Setting next_dagrun for dataset_produces_1 to 2024-05-15 00:00:00+00:00, run_after=2024-05-16 00:00:00+00:00
[2024-05-16T19:45:51.902+0000] {logging_mixin.py:188} INFO - [2024-05-16T19:45:51.902+0000] {dag.py:3954} INFO - Setting next_dagrun for dataset_produces_2 to None, run_after=None
[2024-05-16T19:45:51.979+0000] {processor.py:183} INFO - Processing /home/airflow/.local/lib/python3.12/site-packages/airflow/example_dags/example_datasets.py took 0.419 seconds
[2024-05-16T19:46:22.597+0000] {processor.py:161} INFO - Started process (PID=1357) to work on /home/airflow/.local/lib/python3.12/site-packages/airflow/example_dags/example_datasets.py
[2024-05-16T19:46:22.598+0000] {processor.py:830} INFO - Processing file /home/airflow/.local/lib/python3.12/site-packages/airflow/example_dags/example_datasets.py for tasks to queue
[2024-05-16T19:46:22.602+0000] {logging_mixin.py:188} INFO - [2024-05-16T19:46:22.601+0000] {dagbag.py:545} INFO - Filling up the DagBag from /home/airflow/.local/lib/python3.12/site-packages/airflow/example_dags/example_datasets.py
[2024-05-16T19:46:22.631+0000] {processor.py:840} INFO - DAG(s) 'dataset_produces_1', 'conditional_dataset_and_time_based_timetable', 'dataset_consumes_unknown_never_scheduled', 'dataset_consumes_1_never_scheduled', 'dataset_consumes_1', 'consume_1_or_both_2_and_3_with_dataset_expressions', 'consume_1_or_2_with_dataset_expressions', 'consume_1_and_2_with_dataset_expressions', 'dataset_consumes_1_and_2', 'dataset_produces_2' retrieved from /home/airflow/.local/lib/python3.12/site-packages/airflow/example_dags/example_datasets.py
[2024-05-16T19:46:22.854+0000] {logging_mixin.py:188} INFO - [2024-05-16T19:46:22.853+0000] {dag.py:3096} INFO - Sync 10 DAGs
[2024-05-16T19:46:22.873+0000] {logging_mixin.py:188} INFO - [2024-05-16T19:46:22.873+0000] {dag.py:3118} INFO - Creating ORM DAG for conditional_dataset_and_time_based_timetable
[2024-05-16T19:46:22.891+0000] {logging_mixin.py:188} INFO - [2024-05-16T19:46:22.890+0000] {dag.py:3954} INFO - Setting next_dagrun for conditional_dataset_and_time_based_timetable to 2024-05-15 01:00:00+00:00, run_after=2024-05-15 01:00:00+00:00
[2024-05-16T19:46:22.892+0000] {logging_mixin.py:188} INFO - [2024-05-16T19:46:22.892+0000] {dag.py:3954} INFO - Setting next_dagrun for consume_1_and_2_with_dataset_expressions to None, run_after=None
[2024-05-16T19:46:22.896+0000] {logging_mixin.py:188} INFO - [2024-05-16T19:46:22.896+0000] {dag.py:3954} INFO - Setting next_dagrun for consume_1_or_2_with_dataset_expressions to None, run_after=None
[2024-05-16T19:46:22.900+0000] {logging_mixin.py:188} INFO - [2024-05-16T19:46:22.899+0000] {dag.py:3954} INFO - Setting next_dagrun for consume_1_or_both_2_and_3_with_dataset_expressions to None, run_after=None
[2024-05-16T19:46:22.903+0000] {logging_mixin.py:188} INFO - [2024-05-16T19:46:22.903+0000] {dag.py:3954} INFO - Setting next_dagrun for dataset_consumes_1 to None, run_after=None
[2024-05-16T19:46:22.906+0000] {logging_mixin.py:188} INFO - [2024-05-16T19:46:22.905+0000] {dag.py:3954} INFO - Setting next_dagrun for dataset_consumes_1_and_2 to None, run_after=None
[2024-05-16T19:46:22.907+0000] {logging_mixin.py:188} INFO - [2024-05-16T19:46:22.907+0000] {dag.py:3954} INFO - Setting next_dagrun for dataset_consumes_1_never_scheduled to None, run_after=None
[2024-05-16T19:46:22.909+0000] {logging_mixin.py:188} INFO - [2024-05-16T19:46:22.909+0000] {dag.py:3954} INFO - Setting next_dagrun for dataset_consumes_unknown_never_scheduled to None, run_after=None
[2024-05-16T19:46:22.912+0000] {logging_mixin.py:188} INFO - [2024-05-16T19:46:22.912+0000] {dag.py:3954} INFO - Setting next_dagrun for dataset_produces_1 to 2024-05-15 00:00:00+00:00, run_after=2024-05-16 00:00:00+00:00
[2024-05-16T19:46:22.914+0000] {logging_mixin.py:188} INFO - [2024-05-16T19:46:22.914+0000] {dag.py:3954} INFO - Setting next_dagrun for dataset_produces_2 to None, run_after=None
[2024-05-16T19:46:22.989+0000] {processor.py:183} INFO - Processing /home/airflow/.local/lib/python3.12/site-packages/airflow/example_dags/example_datasets.py took 0.399 seconds
[2024-05-16T19:46:53.127+0000] {processor.py:161} INFO - Started process (PID=1627) to work on /home/airflow/.local/lib/python3.12/site-packages/airflow/example_dags/example_datasets.py
[2024-05-16T19:46:53.128+0000] {processor.py:830} INFO - Processing file /home/airflow/.local/lib/python3.12/site-packages/airflow/example_dags/example_datasets.py for tasks to queue
[2024-05-16T19:46:53.130+0000] {logging_mixin.py:188} INFO - [2024-05-16T19:46:53.130+0000] {dagbag.py:545} INFO - Filling up the DagBag from /home/airflow/.local/lib/python3.12/site-packages/airflow/example_dags/example_datasets.py
[2024-05-16T19:46:53.145+0000] {processor.py:840} INFO - DAG(s) 'consume_1_or_both_2_and_3_with_dataset_expressions', 'dataset_produces_2', 'dataset_produces_1', 'dataset_consumes_1_never_scheduled', 'dataset_consumes_unknown_never_scheduled', 'consume_1_or_2_with_dataset_expressions', 'dataset_consumes_1_and_2', 'conditional_dataset_and_time_based_timetable', 'consume_1_and_2_with_dataset_expressions', 'dataset_consumes_1' retrieved from /home/airflow/.local/lib/python3.12/site-packages/airflow/example_dags/example_datasets.py
[2024-05-16T19:46:53.197+0000] {logging_mixin.py:188} INFO - [2024-05-16T19:46:53.197+0000] {dag.py:3096} INFO - Sync 10 DAGs
[2024-05-16T19:46:53.222+0000] {logging_mixin.py:188} INFO - [2024-05-16T19:46:53.222+0000] {dag.py:3954} INFO - Setting next_dagrun for conditional_dataset_and_time_based_timetable to 2024-05-15 01:00:00+00:00, run_after=2024-05-15 01:00:00+00:00
[2024-05-16T19:46:53.227+0000] {logging_mixin.py:188} INFO - [2024-05-16T19:46:53.227+0000] {dag.py:3954} INFO - Setting next_dagrun for consume_1_and_2_with_dataset_expressions to None, run_after=None
[2024-05-16T19:46:53.229+0000] {logging_mixin.py:188} INFO - [2024-05-16T19:46:53.229+0000] {dag.py:3954} INFO - Setting next_dagrun for consume_1_or_2_with_dataset_expressions to None, run_after=None
[2024-05-16T19:46:53.231+0000] {logging_mixin.py:188} INFO - [2024-05-16T19:46:53.231+0000] {dag.py:3954} INFO - Setting next_dagrun for consume_1_or_both_2_and_3_with_dataset_expressions to None, run_after=None
[2024-05-16T19:46:53.233+0000] {logging_mixin.py:188} INFO - [2024-05-16T19:46:53.233+0000] {dag.py:3954} INFO - Setting next_dagrun for dataset_consumes_1 to None, run_after=None
[2024-05-16T19:46:53.235+0000] {logging_mixin.py:188} INFO - [2024-05-16T19:46:53.234+0000] {dag.py:3954} INFO - Setting next_dagrun for dataset_consumes_1_and_2 to None, run_after=None
[2024-05-16T19:46:53.236+0000] {logging_mixin.py:188} INFO - [2024-05-16T19:46:53.236+0000] {dag.py:3954} INFO - Setting next_dagrun for dataset_consumes_1_never_scheduled to None, run_after=None
[2024-05-16T19:46:53.238+0000] {logging_mixin.py:188} INFO - [2024-05-16T19:46:53.238+0000] {dag.py:3954} INFO - Setting next_dagrun for dataset_consumes_unknown_never_scheduled to None, run_after=None
[2024-05-16T19:46:53.241+0000] {logging_mixin.py:188} INFO - [2024-05-16T19:46:53.241+0000] {dag.py:3954} INFO - Setting next_dagrun for dataset_produces_1 to 2024-05-15 00:00:00+00:00, run_after=2024-05-16 00:00:00+00:00
[2024-05-16T19:46:53.243+0000] {logging_mixin.py:188} INFO - [2024-05-16T19:46:53.243+0000] {dag.py:3954} INFO - Setting next_dagrun for dataset_produces_2 to None, run_after=None
[2024-05-16T19:46:53.278+0000] {processor.py:183} INFO - Processing /home/airflow/.local/lib/python3.12/site-packages/airflow/example_dags/example_datasets.py took 0.156 seconds
[2024-05-16T19:47:23.358+0000] {processor.py:161} INFO - Started process (PID=1889) to work on /home/airflow/.local/lib/python3.12/site-packages/airflow/example_dags/example_datasets.py
[2024-05-16T19:47:23.360+0000] {processor.py:830} INFO - Processing file /home/airflow/.local/lib/python3.12/site-packages/airflow/example_dags/example_datasets.py for tasks to queue
[2024-05-16T19:47:23.362+0000] {logging_mixin.py:188} INFO - [2024-05-16T19:47:23.362+0000] {dagbag.py:545} INFO - Filling up the DagBag from /home/airflow/.local/lib/python3.12/site-packages/airflow/example_dags/example_datasets.py
[2024-05-16T19:47:23.388+0000] {processor.py:840} INFO - DAG(s) 'consume_1_or_both_2_and_3_with_dataset_expressions', 'dataset_consumes_1', 'dataset_produces_2', 'dataset_consumes_1_never_scheduled', 'conditional_dataset_and_time_based_timetable', 'consume_1_or_2_with_dataset_expressions', 'dataset_consumes_1_and_2', 'dataset_consumes_unknown_never_scheduled', 'dataset_produces_1', 'consume_1_and_2_with_dataset_expressions' retrieved from /home/airflow/.local/lib/python3.12/site-packages/airflow/example_dags/example_datasets.py
[2024-05-16T19:47:23.478+0000] {logging_mixin.py:188} INFO - [2024-05-16T19:47:23.477+0000] {dag.py:3096} INFO - Sync 10 DAGs
[2024-05-16T19:47:23.523+0000] {logging_mixin.py:188} INFO - [2024-05-16T19:47:23.523+0000] {dag.py:3954} INFO - Setting next_dagrun for conditional_dataset_and_time_based_timetable to 2024-05-15 01:00:00+00:00, run_after=2024-05-15 01:00:00+00:00
[2024-05-16T19:47:23.529+0000] {logging_mixin.py:188} INFO - [2024-05-16T19:47:23.529+0000] {dag.py:3954} INFO - Setting next_dagrun for consume_1_and_2_with_dataset_expressions to None, run_after=None
[2024-05-16T19:47:23.535+0000] {logging_mixin.py:188} INFO - [2024-05-16T19:47:23.533+0000] {dag.py:3954} INFO - Setting next_dagrun for consume_1_or_2_with_dataset_expressions to None, run_after=None
[2024-05-16T19:47:23.539+0000] {logging_mixin.py:188} INFO - [2024-05-16T19:47:23.538+0000] {dag.py:3954} INFO - Setting next_dagrun for consume_1_or_both_2_and_3_with_dataset_expressions to None, run_after=None
[2024-05-16T19:47:23.541+0000] {logging_mixin.py:188} INFO - [2024-05-16T19:47:23.541+0000] {dag.py:3954} INFO - Setting next_dagrun for dataset_consumes_1 to None, run_after=None
[2024-05-16T19:47:23.543+0000] {logging_mixin.py:188} INFO - [2024-05-16T19:47:23.542+0000] {dag.py:3954} INFO - Setting next_dagrun for dataset_consumes_1_and_2 to None, run_after=None
[2024-05-16T19:47:23.544+0000] {logging_mixin.py:188} INFO - [2024-05-16T19:47:23.544+0000] {dag.py:3954} INFO - Setting next_dagrun for dataset_consumes_1_never_scheduled to None, run_after=None
[2024-05-16T19:47:23.547+0000] {logging_mixin.py:188} INFO - [2024-05-16T19:47:23.547+0000] {dag.py:3954} INFO - Setting next_dagrun for dataset_consumes_unknown_never_scheduled to None, run_after=None
[2024-05-16T19:47:23.553+0000] {logging_mixin.py:188} INFO - [2024-05-16T19:47:23.553+0000] {dag.py:3954} INFO - Setting next_dagrun for dataset_produces_1 to 2024-05-15 00:00:00+00:00, run_after=2024-05-16 00:00:00+00:00
[2024-05-16T19:47:23.555+0000] {logging_mixin.py:188} INFO - [2024-05-16T19:47:23.555+0000] {dag.py:3954} INFO - Setting next_dagrun for dataset_produces_2 to None, run_after=None
[2024-05-16T19:47:23.613+0000] {processor.py:183} INFO - Processing /home/airflow/.local/lib/python3.12/site-packages/airflow/example_dags/example_datasets.py took 0.264 seconds
