[2024-05-16T19:44:21.664+0000] {processor.py:161} INFO - Started process (PID=369) to work on /home/airflow/.local/lib/python3.12/site-packages/airflow/example_dags/example_skip_dag.py
[2024-05-16T19:44:21.666+0000] {processor.py:830} INFO - Processing file /home/airflow/.local/lib/python3.12/site-packages/airflow/example_dags/example_skip_dag.py for tasks to queue
[2024-05-16T19:44:21.670+0000] {logging_mixin.py:188} INFO - [2024-05-16T19:44:21.669+0000] {dagbag.py:545} INFO - Filling up the DagBag from /home/airflow/.local/lib/python3.12/site-packages/airflow/example_dags/example_skip_dag.py
[2024-05-16T19:44:21.685+0000] {processor.py:840} INFO - DAG(s) 'example_skip_dag' retrieved from /home/airflow/.local/lib/python3.12/site-packages/airflow/example_dags/example_skip_dag.py
[2024-05-16T19:44:22.016+0000] {logging_mixin.py:188} INFO - [2024-05-16T19:44:22.015+0000] {dag.py:3096} INFO - Sync 1 DAGs
[2024-05-16T19:44:22.070+0000] {logging_mixin.py:188} INFO - [2024-05-16T19:44:22.069+0000] {dag.py:3954} INFO - Setting next_dagrun for example_skip_dag to 2024-05-15 00:00:00+00:00, run_after=2024-05-16 00:00:00+00:00
[2024-05-16T19:44:22.131+0000] {processor.py:183} INFO - Processing /home/airflow/.local/lib/python3.12/site-packages/airflow/example_dags/example_skip_dag.py took 0.480 seconds
[2024-05-16T19:44:52.882+0000] {processor.py:161} INFO - Started process (PID=630) to work on /home/airflow/.local/lib/python3.12/site-packages/airflow/example_dags/example_skip_dag.py
[2024-05-16T19:44:52.883+0000] {processor.py:830} INFO - Processing file /home/airflow/.local/lib/python3.12/site-packages/airflow/example_dags/example_skip_dag.py for tasks to queue
[2024-05-16T19:44:52.885+0000] {logging_mixin.py:188} INFO - [2024-05-16T19:44:52.884+0000] {dagbag.py:545} INFO - Filling up the DagBag from /home/airflow/.local/lib/python3.12/site-packages/airflow/example_dags/example_skip_dag.py
[2024-05-16T19:44:52.892+0000] {processor.py:840} INFO - DAG(s) 'example_skip_dag' retrieved from /home/airflow/.local/lib/python3.12/site-packages/airflow/example_dags/example_skip_dag.py
[2024-05-16T19:44:52.914+0000] {logging_mixin.py:188} INFO - [2024-05-16T19:44:52.914+0000] {dag.py:3096} INFO - Sync 1 DAGs
[2024-05-16T19:44:52.937+0000] {logging_mixin.py:188} INFO - [2024-05-16T19:44:52.936+0000] {dag.py:3954} INFO - Setting next_dagrun for example_skip_dag to 2024-05-15 00:00:00+00:00, run_after=2024-05-16 00:00:00+00:00
[2024-05-16T19:44:52.958+0000] {processor.py:183} INFO - Processing /home/airflow/.local/lib/python3.12/site-packages/airflow/example_dags/example_skip_dag.py took 0.082 seconds
[2024-05-16T19:45:24.147+0000] {processor.py:161} INFO - Started process (PID=893) to work on /home/airflow/.local/lib/python3.12/site-packages/airflow/example_dags/example_skip_dag.py
[2024-05-16T19:45:24.150+0000] {processor.py:830} INFO - Processing file /home/airflow/.local/lib/python3.12/site-packages/airflow/example_dags/example_skip_dag.py for tasks to queue
[2024-05-16T19:45:24.158+0000] {logging_mixin.py:188} INFO - [2024-05-16T19:45:24.157+0000] {dagbag.py:545} INFO - Filling up the DagBag from /home/airflow/.local/lib/python3.12/site-packages/airflow/example_dags/example_skip_dag.py
[2024-05-16T19:45:24.175+0000] {processor.py:840} INFO - DAG(s) 'example_skip_dag' retrieved from /home/airflow/.local/lib/python3.12/site-packages/airflow/example_dags/example_skip_dag.py
[2024-05-16T19:45:24.232+0000] {logging_mixin.py:188} INFO - [2024-05-16T19:45:24.231+0000] {dag.py:3096} INFO - Sync 1 DAGs
[2024-05-16T19:45:24.300+0000] {logging_mixin.py:188} INFO - [2024-05-16T19:45:24.299+0000] {dag.py:3954} INFO - Setting next_dagrun for example_skip_dag to 2024-05-15 00:00:00+00:00, run_after=2024-05-16 00:00:00+00:00
[2024-05-16T19:45:24.353+0000] {processor.py:183} INFO - Processing /home/airflow/.local/lib/python3.12/site-packages/airflow/example_dags/example_skip_dag.py took 0.228 seconds
[2024-05-16T19:45:54.940+0000] {processor.py:161} INFO - Started process (PID=1155) to work on /home/airflow/.local/lib/python3.12/site-packages/airflow/example_dags/example_skip_dag.py
[2024-05-16T19:45:54.941+0000] {processor.py:830} INFO - Processing file /home/airflow/.local/lib/python3.12/site-packages/airflow/example_dags/example_skip_dag.py for tasks to queue
[2024-05-16T19:45:54.943+0000] {logging_mixin.py:188} INFO - [2024-05-16T19:45:54.942+0000] {dagbag.py:545} INFO - Filling up the DagBag from /home/airflow/.local/lib/python3.12/site-packages/airflow/example_dags/example_skip_dag.py
[2024-05-16T19:45:54.949+0000] {processor.py:840} INFO - DAG(s) 'example_skip_dag' retrieved from /home/airflow/.local/lib/python3.12/site-packages/airflow/example_dags/example_skip_dag.py
[2024-05-16T19:45:54.973+0000] {logging_mixin.py:188} INFO - [2024-05-16T19:45:54.972+0000] {dag.py:3096} INFO - Sync 1 DAGs
[2024-05-16T19:45:54.997+0000] {logging_mixin.py:188} INFO - [2024-05-16T19:45:54.996+0000] {dag.py:3954} INFO - Setting next_dagrun for example_skip_dag to 2024-05-15 00:00:00+00:00, run_after=2024-05-16 00:00:00+00:00
[2024-05-16T19:45:55.020+0000] {processor.py:183} INFO - Processing /home/airflow/.local/lib/python3.12/site-packages/airflow/example_dags/example_skip_dag.py took 0.088 seconds
[2024-05-16T19:46:25.839+0000] {processor.py:161} INFO - Started process (PID=1419) to work on /home/airflow/.local/lib/python3.12/site-packages/airflow/example_dags/example_skip_dag.py
[2024-05-16T19:46:25.840+0000] {processor.py:830} INFO - Processing file /home/airflow/.local/lib/python3.12/site-packages/airflow/example_dags/example_skip_dag.py for tasks to queue
[2024-05-16T19:46:25.842+0000] {logging_mixin.py:188} INFO - [2024-05-16T19:46:25.842+0000] {dagbag.py:545} INFO - Filling up the DagBag from /home/airflow/.local/lib/python3.12/site-packages/airflow/example_dags/example_skip_dag.py
[2024-05-16T19:46:25.850+0000] {processor.py:840} INFO - DAG(s) 'example_skip_dag' retrieved from /home/airflow/.local/lib/python3.12/site-packages/airflow/example_dags/example_skip_dag.py
[2024-05-16T19:46:25.880+0000] {logging_mixin.py:188} INFO - [2024-05-16T19:46:25.880+0000] {dag.py:3096} INFO - Sync 1 DAGs
[2024-05-16T19:46:25.921+0000] {logging_mixin.py:188} INFO - [2024-05-16T19:46:25.921+0000] {dag.py:3954} INFO - Setting next_dagrun for example_skip_dag to 2024-05-15 00:00:00+00:00, run_after=2024-05-16 00:00:00+00:00
[2024-05-16T19:46:25.947+0000] {processor.py:183} INFO - Processing /home/airflow/.local/lib/python3.12/site-packages/airflow/example_dags/example_skip_dag.py took 0.117 seconds
[2024-05-16T19:46:56.112+0000] {processor.py:161} INFO - Started process (PID=1682) to work on /home/airflow/.local/lib/python3.12/site-packages/airflow/example_dags/example_skip_dag.py
[2024-05-16T19:46:56.113+0000] {processor.py:830} INFO - Processing file /home/airflow/.local/lib/python3.12/site-packages/airflow/example_dags/example_skip_dag.py for tasks to queue
[2024-05-16T19:46:56.115+0000] {logging_mixin.py:188} INFO - [2024-05-16T19:46:56.115+0000] {dagbag.py:545} INFO - Filling up the DagBag from /home/airflow/.local/lib/python3.12/site-packages/airflow/example_dags/example_skip_dag.py
[2024-05-16T19:46:56.122+0000] {processor.py:840} INFO - DAG(s) 'example_skip_dag' retrieved from /home/airflow/.local/lib/python3.12/site-packages/airflow/example_dags/example_skip_dag.py
[2024-05-16T19:46:56.148+0000] {logging_mixin.py:188} INFO - [2024-05-16T19:46:56.148+0000] {dag.py:3096} INFO - Sync 1 DAGs
[2024-05-16T19:46:56.172+0000] {logging_mixin.py:188} INFO - [2024-05-16T19:46:56.171+0000] {dag.py:3954} INFO - Setting next_dagrun for example_skip_dag to 2024-05-15 00:00:00+00:00, run_after=2024-05-16 00:00:00+00:00
[2024-05-16T19:46:56.195+0000] {processor.py:183} INFO - Processing /home/airflow/.local/lib/python3.12/site-packages/airflow/example_dags/example_skip_dag.py took 0.089 seconds
[2024-05-16T19:47:27.024+0000] {processor.py:161} INFO - Started process (PID=1944) to work on /home/airflow/.local/lib/python3.12/site-packages/airflow/example_dags/example_skip_dag.py
[2024-05-16T19:47:27.027+0000] {processor.py:830} INFO - Processing file /home/airflow/.local/lib/python3.12/site-packages/airflow/example_dags/example_skip_dag.py for tasks to queue
[2024-05-16T19:47:27.037+0000] {logging_mixin.py:188} INFO - [2024-05-16T19:47:27.036+0000] {dagbag.py:545} INFO - Filling up the DagBag from /home/airflow/.local/lib/python3.12/site-packages/airflow/example_dags/example_skip_dag.py
[2024-05-16T19:47:27.051+0000] {processor.py:840} INFO - DAG(s) 'example_skip_dag' retrieved from /home/airflow/.local/lib/python3.12/site-packages/airflow/example_dags/example_skip_dag.py
[2024-05-16T19:47:27.099+0000] {logging_mixin.py:188} INFO - [2024-05-16T19:47:27.099+0000] {dag.py:3096} INFO - Sync 1 DAGs
[2024-05-16T19:47:27.142+0000] {logging_mixin.py:188} INFO - [2024-05-16T19:47:27.142+0000] {dag.py:3954} INFO - Setting next_dagrun for example_skip_dag to 2024-05-15 00:00:00+00:00, run_after=2024-05-16 00:00:00+00:00
[2024-05-16T19:47:27.186+0000] {processor.py:183} INFO - Processing /home/airflow/.local/lib/python3.12/site-packages/airflow/example_dags/example_skip_dag.py took 0.177 seconds
