[2024-05-16T19:44:15.286+0000] {processor.py:161} INFO - Started process (PID=229) to work on /home/airflow/.local/lib/python3.12/site-packages/airflow/example_dags/example_dynamic_task_mapping_with_no_taskflow_operators.py
[2024-05-16T19:44:15.288+0000] {processor.py:830} INFO - Processing file /home/airflow/.local/lib/python3.12/site-packages/airflow/example_dags/example_dynamic_task_mapping_with_no_taskflow_operators.py for tasks to queue
[2024-05-16T19:44:15.290+0000] {logging_mixin.py:188} INFO - [2024-05-16T19:44:15.290+0000] {dagbag.py:545} INFO - Filling up the DagBag from /home/airflow/.local/lib/python3.12/site-packages/airflow/example_dags/example_dynamic_task_mapping_with_no_taskflow_operators.py
[2024-05-16T19:44:15.304+0000] {processor.py:840} INFO - DAG(s) 'example_dynamic_task_mapping_with_no_taskflow_operators' retrieved from /home/airflow/.local/lib/python3.12/site-packages/airflow/example_dags/example_dynamic_task_mapping_with_no_taskflow_operators.py
[2024-05-16T19:44:15.495+0000] {logging_mixin.py:188} INFO - [2024-05-16T19:44:15.495+0000] {dag.py:3096} INFO - Sync 1 DAGs
[2024-05-16T19:44:15.527+0000] {logging_mixin.py:188} INFO - [2024-05-16T19:44:15.527+0000] {dag.py:3954} INFO - Setting next_dagrun for example_dynamic_task_mapping_with_no_taskflow_operators to 2024-05-15 00:00:00+00:00, run_after=2024-05-16 00:00:00+00:00
[2024-05-16T19:44:15.557+0000] {processor.py:183} INFO - Processing /home/airflow/.local/lib/python3.12/site-packages/airflow/example_dags/example_dynamic_task_mapping_with_no_taskflow_operators.py took 0.280 seconds
[2024-05-16T19:44:45.659+0000] {processor.py:161} INFO - Started process (PID=490) to work on /home/airflow/.local/lib/python3.12/site-packages/airflow/example_dags/example_dynamic_task_mapping_with_no_taskflow_operators.py
[2024-05-16T19:44:45.660+0000] {processor.py:830} INFO - Processing file /home/airflow/.local/lib/python3.12/site-packages/airflow/example_dags/example_dynamic_task_mapping_with_no_taskflow_operators.py for tasks to queue
[2024-05-16T19:44:45.663+0000] {logging_mixin.py:188} INFO - [2024-05-16T19:44:45.663+0000] {dagbag.py:545} INFO - Filling up the DagBag from /home/airflow/.local/lib/python3.12/site-packages/airflow/example_dags/example_dynamic_task_mapping_with_no_taskflow_operators.py
[2024-05-16T19:44:45.672+0000] {processor.py:840} INFO - DAG(s) 'example_dynamic_task_mapping_with_no_taskflow_operators' retrieved from /home/airflow/.local/lib/python3.12/site-packages/airflow/example_dags/example_dynamic_task_mapping_with_no_taskflow_operators.py
[2024-05-16T19:44:45.704+0000] {logging_mixin.py:188} INFO - [2024-05-16T19:44:45.704+0000] {dag.py:3096} INFO - Sync 1 DAGs
[2024-05-16T19:44:45.743+0000] {logging_mixin.py:188} INFO - [2024-05-16T19:44:45.742+0000] {dag.py:3954} INFO - Setting next_dagrun for example_dynamic_task_mapping_with_no_taskflow_operators to 2024-05-15 00:00:00+00:00, run_after=2024-05-16 00:00:00+00:00
[2024-05-16T19:44:45.771+0000] {processor.py:183} INFO - Processing /home/airflow/.local/lib/python3.12/site-packages/airflow/example_dags/example_dynamic_task_mapping_with_no_taskflow_operators.py took 0.122 seconds
[2024-05-16T19:45:16.540+0000] {processor.py:161} INFO - Started process (PID=753) to work on /home/airflow/.local/lib/python3.12/site-packages/airflow/example_dags/example_dynamic_task_mapping_with_no_taskflow_operators.py
[2024-05-16T19:45:16.542+0000] {processor.py:830} INFO - Processing file /home/airflow/.local/lib/python3.12/site-packages/airflow/example_dags/example_dynamic_task_mapping_with_no_taskflow_operators.py for tasks to queue
[2024-05-16T19:45:16.545+0000] {logging_mixin.py:188} INFO - [2024-05-16T19:45:16.544+0000] {dagbag.py:545} INFO - Filling up the DagBag from /home/airflow/.local/lib/python3.12/site-packages/airflow/example_dags/example_dynamic_task_mapping_with_no_taskflow_operators.py
[2024-05-16T19:45:16.552+0000] {processor.py:840} INFO - DAG(s) 'example_dynamic_task_mapping_with_no_taskflow_operators' retrieved from /home/airflow/.local/lib/python3.12/site-packages/airflow/example_dags/example_dynamic_task_mapping_with_no_taskflow_operators.py
[2024-05-16T19:45:16.578+0000] {logging_mixin.py:188} INFO - [2024-05-16T19:45:16.578+0000] {dag.py:3096} INFO - Sync 1 DAGs
[2024-05-16T19:45:16.604+0000] {logging_mixin.py:188} INFO - [2024-05-16T19:45:16.604+0000] {dag.py:3954} INFO - Setting next_dagrun for example_dynamic_task_mapping_with_no_taskflow_operators to 2024-05-15 00:00:00+00:00, run_after=2024-05-16 00:00:00+00:00
[2024-05-16T19:45:16.632+0000] {processor.py:183} INFO - Processing /home/airflow/.local/lib/python3.12/site-packages/airflow/example_dags/example_dynamic_task_mapping_with_no_taskflow_operators.py took 0.098 seconds
[2024-05-16T19:45:47.489+0000] {processor.py:161} INFO - Started process (PID=1015) to work on /home/airflow/.local/lib/python3.12/site-packages/airflow/example_dags/example_dynamic_task_mapping_with_no_taskflow_operators.py
[2024-05-16T19:45:47.491+0000] {processor.py:830} INFO - Processing file /home/airflow/.local/lib/python3.12/site-packages/airflow/example_dags/example_dynamic_task_mapping_with_no_taskflow_operators.py for tasks to queue
[2024-05-16T19:45:47.493+0000] {logging_mixin.py:188} INFO - [2024-05-16T19:45:47.493+0000] {dagbag.py:545} INFO - Filling up the DagBag from /home/airflow/.local/lib/python3.12/site-packages/airflow/example_dags/example_dynamic_task_mapping_with_no_taskflow_operators.py
[2024-05-16T19:45:47.507+0000] {processor.py:840} INFO - DAG(s) 'example_dynamic_task_mapping_with_no_taskflow_operators' retrieved from /home/airflow/.local/lib/python3.12/site-packages/airflow/example_dags/example_dynamic_task_mapping_with_no_taskflow_operators.py
[2024-05-16T19:45:47.548+0000] {logging_mixin.py:188} INFO - [2024-05-16T19:45:47.547+0000] {dag.py:3096} INFO - Sync 1 DAGs
[2024-05-16T19:45:47.607+0000] {logging_mixin.py:188} INFO - [2024-05-16T19:45:47.607+0000] {dag.py:3954} INFO - Setting next_dagrun for example_dynamic_task_mapping_with_no_taskflow_operators to 2024-05-15 00:00:00+00:00, run_after=2024-05-16 00:00:00+00:00
[2024-05-16T19:45:47.648+0000] {processor.py:183} INFO - Processing /home/airflow/.local/lib/python3.12/site-packages/airflow/example_dags/example_dynamic_task_mapping_with_no_taskflow_operators.py took 0.171 seconds
[2024-05-16T19:46:17.932+0000] {processor.py:161} INFO - Started process (PID=1279) to work on /home/airflow/.local/lib/python3.12/site-packages/airflow/example_dags/example_dynamic_task_mapping_with_no_taskflow_operators.py
[2024-05-16T19:46:17.934+0000] {processor.py:830} INFO - Processing file /home/airflow/.local/lib/python3.12/site-packages/airflow/example_dags/example_dynamic_task_mapping_with_no_taskflow_operators.py for tasks to queue
[2024-05-16T19:46:17.939+0000] {logging_mixin.py:188} INFO - [2024-05-16T19:46:17.939+0000] {dagbag.py:545} INFO - Filling up the DagBag from /home/airflow/.local/lib/python3.12/site-packages/airflow/example_dags/example_dynamic_task_mapping_with_no_taskflow_operators.py
[2024-05-16T19:46:17.948+0000] {processor.py:840} INFO - DAG(s) 'example_dynamic_task_mapping_with_no_taskflow_operators' retrieved from /home/airflow/.local/lib/python3.12/site-packages/airflow/example_dags/example_dynamic_task_mapping_with_no_taskflow_operators.py
[2024-05-16T19:46:17.979+0000] {logging_mixin.py:188} INFO - [2024-05-16T19:46:17.979+0000] {dag.py:3096} INFO - Sync 1 DAGs
[2024-05-16T19:46:18.026+0000] {logging_mixin.py:188} INFO - [2024-05-16T19:46:18.026+0000] {dag.py:3954} INFO - Setting next_dagrun for example_dynamic_task_mapping_with_no_taskflow_operators to 2024-05-15 00:00:00+00:00, run_after=2024-05-16 00:00:00+00:00
[2024-05-16T19:46:18.065+0000] {processor.py:183} INFO - Processing /home/airflow/.local/lib/python3.12/site-packages/airflow/example_dags/example_dynamic_task_mapping_with_no_taskflow_operators.py took 0.143 seconds
[2024-05-16T19:46:48.605+0000] {processor.py:161} INFO - Started process (PID=1540) to work on /home/airflow/.local/lib/python3.12/site-packages/airflow/example_dags/example_dynamic_task_mapping_with_no_taskflow_operators.py
[2024-05-16T19:46:48.606+0000] {processor.py:830} INFO - Processing file /home/airflow/.local/lib/python3.12/site-packages/airflow/example_dags/example_dynamic_task_mapping_with_no_taskflow_operators.py for tasks to queue
[2024-05-16T19:46:48.609+0000] {logging_mixin.py:188} INFO - [2024-05-16T19:46:48.609+0000] {dagbag.py:545} INFO - Filling up the DagBag from /home/airflow/.local/lib/python3.12/site-packages/airflow/example_dags/example_dynamic_task_mapping_with_no_taskflow_operators.py
[2024-05-16T19:46:48.617+0000] {processor.py:840} INFO - DAG(s) 'example_dynamic_task_mapping_with_no_taskflow_operators' retrieved from /home/airflow/.local/lib/python3.12/site-packages/airflow/example_dags/example_dynamic_task_mapping_with_no_taskflow_operators.py
[2024-05-16T19:46:48.642+0000] {logging_mixin.py:188} INFO - [2024-05-16T19:46:48.642+0000] {dag.py:3096} INFO - Sync 1 DAGs
[2024-05-16T19:46:48.667+0000] {logging_mixin.py:188} INFO - [2024-05-16T19:46:48.667+0000] {dag.py:3954} INFO - Setting next_dagrun for example_dynamic_task_mapping_with_no_taskflow_operators to 2024-05-15 00:00:00+00:00, run_after=2024-05-16 00:00:00+00:00
[2024-05-16T19:46:48.693+0000] {processor.py:183} INFO - Processing /home/airflow/.local/lib/python3.12/site-packages/airflow/example_dags/example_dynamic_task_mapping_with_no_taskflow_operators.py took 0.096 seconds
[2024-05-16T19:47:18.874+0000] {processor.py:161} INFO - Started process (PID=1802) to work on /home/airflow/.local/lib/python3.12/site-packages/airflow/example_dags/example_dynamic_task_mapping_with_no_taskflow_operators.py
[2024-05-16T19:47:18.875+0000] {processor.py:830} INFO - Processing file /home/airflow/.local/lib/python3.12/site-packages/airflow/example_dags/example_dynamic_task_mapping_with_no_taskflow_operators.py for tasks to queue
[2024-05-16T19:47:18.878+0000] {logging_mixin.py:188} INFO - [2024-05-16T19:47:18.878+0000] {dagbag.py:545} INFO - Filling up the DagBag from /home/airflow/.local/lib/python3.12/site-packages/airflow/example_dags/example_dynamic_task_mapping_with_no_taskflow_operators.py
[2024-05-16T19:47:18.888+0000] {processor.py:840} INFO - DAG(s) 'example_dynamic_task_mapping_with_no_taskflow_operators' retrieved from /home/airflow/.local/lib/python3.12/site-packages/airflow/example_dags/example_dynamic_task_mapping_with_no_taskflow_operators.py
[2024-05-16T19:47:18.933+0000] {logging_mixin.py:188} INFO - [2024-05-16T19:47:18.932+0000] {dag.py:3096} INFO - Sync 1 DAGs
[2024-05-16T19:47:18.971+0000] {logging_mixin.py:188} INFO - [2024-05-16T19:47:18.970+0000] {dag.py:3954} INFO - Setting next_dagrun for example_dynamic_task_mapping_with_no_taskflow_operators to 2024-05-15 00:00:00+00:00, run_after=2024-05-16 00:00:00+00:00
[2024-05-16T19:47:18.997+0000] {processor.py:183} INFO - Processing /home/airflow/.local/lib/python3.12/site-packages/airflow/example_dags/example_dynamic_task_mapping_with_no_taskflow_operators.py took 0.131 seconds
