[2024-05-16T19:44:18.437+0000] {processor.py:161} INFO - Started process (PID=294) to work on /home/airflow/.local/lib/python3.12/site-packages/airflow/example_dags/example_external_task_marker_dag.py
[2024-05-16T19:44:18.439+0000] {processor.py:830} INFO - Processing file /home/airflow/.local/lib/python3.12/site-packages/airflow/example_dags/example_external_task_marker_dag.py for tasks to queue
[2024-05-16T19:44:18.443+0000] {logging_mixin.py:188} INFO - [2024-05-16T19:44:18.443+0000] {dagbag.py:545} INFO - Filling up the DagBag from /home/airflow/.local/lib/python3.12/site-packages/airflow/example_dags/example_external_task_marker_dag.py
[2024-05-16T19:44:18.460+0000] {processor.py:840} INFO - DAG(s) 'example_external_task_marker_child', 'example_external_task_marker_parent' retrieved from /home/airflow/.local/lib/python3.12/site-packages/airflow/example_dags/example_external_task_marker_dag.py
[2024-05-16T19:44:18.805+0000] {logging_mixin.py:188} INFO - [2024-05-16T19:44:18.804+0000] {dag.py:3096} INFO - Sync 2 DAGs
[2024-05-16T19:44:18.859+0000] {logging_mixin.py:188} INFO - [2024-05-16T19:44:18.859+0000] {dag.py:3954} INFO - Setting next_dagrun for example_external_task_marker_child to None, run_after=None
[2024-05-16T19:44:18.869+0000] {logging_mixin.py:188} INFO - [2024-05-16T19:44:18.868+0000] {dag.py:3954} INFO - Setting next_dagrun for example_external_task_marker_parent to None, run_after=None
[2024-05-16T19:44:18.919+0000] {processor.py:183} INFO - Processing /home/airflow/.local/lib/python3.12/site-packages/airflow/example_dags/example_external_task_marker_dag.py took 0.494 seconds
[2024-05-16T19:44:49.447+0000] {processor.py:161} INFO - Started process (PID=555) to work on /home/airflow/.local/lib/python3.12/site-packages/airflow/example_dags/example_external_task_marker_dag.py
[2024-05-16T19:44:49.449+0000] {processor.py:830} INFO - Processing file /home/airflow/.local/lib/python3.12/site-packages/airflow/example_dags/example_external_task_marker_dag.py for tasks to queue
[2024-05-16T19:44:49.451+0000] {logging_mixin.py:188} INFO - [2024-05-16T19:44:49.451+0000] {dagbag.py:545} INFO - Filling up the DagBag from /home/airflow/.local/lib/python3.12/site-packages/airflow/example_dags/example_external_task_marker_dag.py
[2024-05-16T19:44:49.459+0000] {processor.py:840} INFO - DAG(s) 'example_external_task_marker_parent', 'example_external_task_marker_child' retrieved from /home/airflow/.local/lib/python3.12/site-packages/airflow/example_dags/example_external_task_marker_dag.py
[2024-05-16T19:44:49.492+0000] {logging_mixin.py:188} INFO - [2024-05-16T19:44:49.491+0000] {dag.py:3096} INFO - Sync 2 DAGs
[2024-05-16T19:44:49.508+0000] {logging_mixin.py:188} INFO - [2024-05-16T19:44:49.508+0000] {dag.py:3954} INFO - Setting next_dagrun for example_external_task_marker_child to None, run_after=None
[2024-05-16T19:44:49.513+0000] {logging_mixin.py:188} INFO - [2024-05-16T19:44:49.512+0000] {dag.py:3954} INFO - Setting next_dagrun for example_external_task_marker_parent to None, run_after=None
[2024-05-16T19:44:49.536+0000] {processor.py:183} INFO - Processing /home/airflow/.local/lib/python3.12/site-packages/airflow/example_dags/example_external_task_marker_dag.py took 0.096 seconds
[2024-05-16T19:45:20.015+0000] {processor.py:161} INFO - Started process (PID=817) to work on /home/airflow/.local/lib/python3.12/site-packages/airflow/example_dags/example_external_task_marker_dag.py
[2024-05-16T19:45:20.017+0000] {processor.py:830} INFO - Processing file /home/airflow/.local/lib/python3.12/site-packages/airflow/example_dags/example_external_task_marker_dag.py for tasks to queue
[2024-05-16T19:45:20.030+0000] {logging_mixin.py:188} INFO - [2024-05-16T19:45:20.029+0000] {dagbag.py:545} INFO - Filling up the DagBag from /home/airflow/.local/lib/python3.12/site-packages/airflow/example_dags/example_external_task_marker_dag.py
[2024-05-16T19:45:20.046+0000] {processor.py:840} INFO - DAG(s) 'example_external_task_marker_child', 'example_external_task_marker_parent' retrieved from /home/airflow/.local/lib/python3.12/site-packages/airflow/example_dags/example_external_task_marker_dag.py
[2024-05-16T19:45:20.119+0000] {logging_mixin.py:188} INFO - [2024-05-16T19:45:20.118+0000] {dag.py:3096} INFO - Sync 2 DAGs
[2024-05-16T19:45:20.175+0000] {logging_mixin.py:188} INFO - [2024-05-16T19:45:20.175+0000] {dag.py:3954} INFO - Setting next_dagrun for example_external_task_marker_child to None, run_after=None
[2024-05-16T19:45:20.186+0000] {logging_mixin.py:188} INFO - [2024-05-16T19:45:20.185+0000] {dag.py:3954} INFO - Setting next_dagrun for example_external_task_marker_parent to None, run_after=None
[2024-05-16T19:45:20.243+0000] {processor.py:183} INFO - Processing /home/airflow/.local/lib/python3.12/site-packages/airflow/example_dags/example_external_task_marker_dag.py took 0.250 seconds
[2024-05-16T19:45:50.965+0000] {processor.py:161} INFO - Started process (PID=1080) to work on /home/airflow/.local/lib/python3.12/site-packages/airflow/example_dags/example_external_task_marker_dag.py
[2024-05-16T19:45:50.967+0000] {processor.py:830} INFO - Processing file /home/airflow/.local/lib/python3.12/site-packages/airflow/example_dags/example_external_task_marker_dag.py for tasks to queue
[2024-05-16T19:45:50.972+0000] {logging_mixin.py:188} INFO - [2024-05-16T19:45:50.971+0000] {dagbag.py:545} INFO - Filling up the DagBag from /home/airflow/.local/lib/python3.12/site-packages/airflow/example_dags/example_external_task_marker_dag.py
[2024-05-16T19:45:50.987+0000] {processor.py:840} INFO - DAG(s) 'example_external_task_marker_parent', 'example_external_task_marker_child' retrieved from /home/airflow/.local/lib/python3.12/site-packages/airflow/example_dags/example_external_task_marker_dag.py
[2024-05-16T19:45:51.056+0000] {logging_mixin.py:188} INFO - [2024-05-16T19:45:51.056+0000] {dag.py:3096} INFO - Sync 2 DAGs
[2024-05-16T19:45:51.100+0000] {logging_mixin.py:188} INFO - [2024-05-16T19:45:51.099+0000] {dag.py:3954} INFO - Setting next_dagrun for example_external_task_marker_child to None, run_after=None
[2024-05-16T19:45:51.113+0000] {logging_mixin.py:188} INFO - [2024-05-16T19:45:51.112+0000] {dag.py:3954} INFO - Setting next_dagrun for example_external_task_marker_parent to None, run_after=None
[2024-05-16T19:45:51.162+0000] {processor.py:183} INFO - Processing /home/airflow/.local/lib/python3.12/site-packages/airflow/example_dags/example_external_task_marker_dag.py took 0.212 seconds
[2024-05-16T19:46:21.320+0000] {processor.py:161} INFO - Started process (PID=1342) to work on /home/airflow/.local/lib/python3.12/site-packages/airflow/example_dags/example_external_task_marker_dag.py
[2024-05-16T19:46:21.324+0000] {processor.py:830} INFO - Processing file /home/airflow/.local/lib/python3.12/site-packages/airflow/example_dags/example_external_task_marker_dag.py for tasks to queue
[2024-05-16T19:46:21.327+0000] {logging_mixin.py:188} INFO - [2024-05-16T19:46:21.326+0000] {dagbag.py:545} INFO - Filling up the DagBag from /home/airflow/.local/lib/python3.12/site-packages/airflow/example_dags/example_external_task_marker_dag.py
[2024-05-16T19:46:21.341+0000] {processor.py:840} INFO - DAG(s) 'example_external_task_marker_child', 'example_external_task_marker_parent' retrieved from /home/airflow/.local/lib/python3.12/site-packages/airflow/example_dags/example_external_task_marker_dag.py
[2024-05-16T19:46:21.397+0000] {logging_mixin.py:188} INFO - [2024-05-16T19:46:21.396+0000] {dag.py:3096} INFO - Sync 2 DAGs
[2024-05-16T19:46:21.429+0000] {logging_mixin.py:188} INFO - [2024-05-16T19:46:21.428+0000] {dag.py:3954} INFO - Setting next_dagrun for example_external_task_marker_child to None, run_after=None
[2024-05-16T19:46:21.440+0000] {logging_mixin.py:188} INFO - [2024-05-16T19:46:21.439+0000] {dag.py:3954} INFO - Setting next_dagrun for example_external_task_marker_parent to None, run_after=None
[2024-05-16T19:46:21.490+0000] {processor.py:183} INFO - Processing /home/airflow/.local/lib/python3.12/site-packages/airflow/example_dags/example_external_task_marker_dag.py took 0.182 seconds
[2024-05-16T19:46:51.655+0000] {processor.py:161} INFO - Started process (PID=1605) to work on /home/airflow/.local/lib/python3.12/site-packages/airflow/example_dags/example_external_task_marker_dag.py
[2024-05-16T19:46:51.656+0000] {processor.py:830} INFO - Processing file /home/airflow/.local/lib/python3.12/site-packages/airflow/example_dags/example_external_task_marker_dag.py for tasks to queue
[2024-05-16T19:46:51.659+0000] {logging_mixin.py:188} INFO - [2024-05-16T19:46:51.659+0000] {dagbag.py:545} INFO - Filling up the DagBag from /home/airflow/.local/lib/python3.12/site-packages/airflow/example_dags/example_external_task_marker_dag.py
[2024-05-16T19:46:51.670+0000] {processor.py:840} INFO - DAG(s) 'example_external_task_marker_parent', 'example_external_task_marker_child' retrieved from /home/airflow/.local/lib/python3.12/site-packages/airflow/example_dags/example_external_task_marker_dag.py
[2024-05-16T19:46:51.739+0000] {logging_mixin.py:188} INFO - [2024-05-16T19:46:51.738+0000] {dag.py:3096} INFO - Sync 2 DAGs
[2024-05-16T19:46:51.766+0000] {logging_mixin.py:188} INFO - [2024-05-16T19:46:51.766+0000] {dag.py:3954} INFO - Setting next_dagrun for example_external_task_marker_child to None, run_after=None
[2024-05-16T19:46:51.774+0000] {logging_mixin.py:188} INFO - [2024-05-16T19:46:51.774+0000] {dag.py:3954} INFO - Setting next_dagrun for example_external_task_marker_parent to None, run_after=None
[2024-05-16T19:46:51.807+0000] {processor.py:183} INFO - Processing /home/airflow/.local/lib/python3.12/site-packages/airflow/example_dags/example_external_task_marker_dag.py took 0.161 seconds
[2024-05-16T19:47:21.891+0000] {processor.py:161} INFO - Started process (PID=1864) to work on /home/airflow/.local/lib/python3.12/site-packages/airflow/example_dags/example_external_task_marker_dag.py
[2024-05-16T19:47:21.892+0000] {processor.py:830} INFO - Processing file /home/airflow/.local/lib/python3.12/site-packages/airflow/example_dags/example_external_task_marker_dag.py for tasks to queue
[2024-05-16T19:47:21.895+0000] {logging_mixin.py:188} INFO - [2024-05-16T19:47:21.894+0000] {dagbag.py:545} INFO - Filling up the DagBag from /home/airflow/.local/lib/python3.12/site-packages/airflow/example_dags/example_external_task_marker_dag.py
[2024-05-16T19:47:21.909+0000] {processor.py:840} INFO - DAG(s) 'example_external_task_marker_child', 'example_external_task_marker_parent' retrieved from /home/airflow/.local/lib/python3.12/site-packages/airflow/example_dags/example_external_task_marker_dag.py
[2024-05-16T19:47:21.955+0000] {logging_mixin.py:188} INFO - [2024-05-16T19:47:21.955+0000] {dag.py:3096} INFO - Sync 2 DAGs
[2024-05-16T19:47:21.973+0000] {logging_mixin.py:188} INFO - [2024-05-16T19:47:21.973+0000] {dag.py:3954} INFO - Setting next_dagrun for example_external_task_marker_child to None, run_after=None
[2024-05-16T19:47:21.978+0000] {logging_mixin.py:188} INFO - [2024-05-16T19:47:21.978+0000] {dag.py:3954} INFO - Setting next_dagrun for example_external_task_marker_parent to None, run_after=None
[2024-05-16T19:47:22.000+0000] {processor.py:183} INFO - Processing /home/airflow/.local/lib/python3.12/site-packages/airflow/example_dags/example_external_task_marker_dag.py took 0.123 seconds
