[2024-05-16T19:44:17.812+0000] {processor.py:161} INFO - Started process (PID=284) to work on /home/airflow/.local/lib/python3.12/site-packages/airflow/example_dags/example_short_circuit_operator.py
[2024-05-16T19:44:17.820+0000] {processor.py:830} INFO - Processing file /home/airflow/.local/lib/python3.12/site-packages/airflow/example_dags/example_short_circuit_operator.py for tasks to queue
[2024-05-16T19:44:17.826+0000] {logging_mixin.py:188} INFO - [2024-05-16T19:44:17.825+0000] {dagbag.py:545} INFO - Filling up the DagBag from /home/airflow/.local/lib/python3.12/site-packages/airflow/example_dags/example_short_circuit_operator.py
[2024-05-16T19:44:17.858+0000] {processor.py:840} INFO - DAG(s) 'example_short_circuit_operator' retrieved from /home/airflow/.local/lib/python3.12/site-packages/airflow/example_dags/example_short_circuit_operator.py
[2024-05-16T19:44:18.239+0000] {logging_mixin.py:188} INFO - [2024-05-16T19:44:18.239+0000] {dag.py:3096} INFO - Sync 1 DAGs
[2024-05-16T19:44:18.309+0000] {logging_mixin.py:188} INFO - [2024-05-16T19:44:18.308+0000] {dag.py:3954} INFO - Setting next_dagrun for example_short_circuit_operator to 2024-05-15 00:00:00+00:00, run_after=2024-05-16 00:00:00+00:00
[2024-05-16T19:44:18.356+0000] {processor.py:183} INFO - Processing /home/airflow/.local/lib/python3.12/site-packages/airflow/example_dags/example_short_circuit_operator.py took 0.561 seconds
[2024-05-16T19:44:48.429+0000] {processor.py:161} INFO - Started process (PID=547) to work on /home/airflow/.local/lib/python3.12/site-packages/airflow/example_dags/example_short_circuit_operator.py
[2024-05-16T19:44:48.431+0000] {processor.py:830} INFO - Processing file /home/airflow/.local/lib/python3.12/site-packages/airflow/example_dags/example_short_circuit_operator.py for tasks to queue
[2024-05-16T19:44:48.432+0000] {logging_mixin.py:188} INFO - [2024-05-16T19:44:48.432+0000] {dagbag.py:545} INFO - Filling up the DagBag from /home/airflow/.local/lib/python3.12/site-packages/airflow/example_dags/example_short_circuit_operator.py
[2024-05-16T19:44:48.439+0000] {processor.py:840} INFO - DAG(s) 'example_short_circuit_operator' retrieved from /home/airflow/.local/lib/python3.12/site-packages/airflow/example_dags/example_short_circuit_operator.py
[2024-05-16T19:44:48.463+0000] {logging_mixin.py:188} INFO - [2024-05-16T19:44:48.463+0000] {dag.py:3096} INFO - Sync 1 DAGs
[2024-05-16T19:44:48.483+0000] {logging_mixin.py:188} INFO - [2024-05-16T19:44:48.483+0000] {dag.py:3954} INFO - Setting next_dagrun for example_short_circuit_operator to 2024-05-15 00:00:00+00:00, run_after=2024-05-16 00:00:00+00:00
[2024-05-16T19:44:48.508+0000] {processor.py:183} INFO - Processing /home/airflow/.local/lib/python3.12/site-packages/airflow/example_dags/example_short_circuit_operator.py took 0.084 seconds
[2024-05-16T19:45:19.228+0000] {processor.py:161} INFO - Started process (PID=808) to work on /home/airflow/.local/lib/python3.12/site-packages/airflow/example_dags/example_short_circuit_operator.py
[2024-05-16T19:45:19.231+0000] {processor.py:830} INFO - Processing file /home/airflow/.local/lib/python3.12/site-packages/airflow/example_dags/example_short_circuit_operator.py for tasks to queue
[2024-05-16T19:45:19.245+0000] {logging_mixin.py:188} INFO - [2024-05-16T19:45:19.244+0000] {dagbag.py:545} INFO - Filling up the DagBag from /home/airflow/.local/lib/python3.12/site-packages/airflow/example_dags/example_short_circuit_operator.py
[2024-05-16T19:45:19.275+0000] {processor.py:840} INFO - DAG(s) 'example_short_circuit_operator' retrieved from /home/airflow/.local/lib/python3.12/site-packages/airflow/example_dags/example_short_circuit_operator.py
[2024-05-16T19:45:19.420+0000] {logging_mixin.py:188} INFO - [2024-05-16T19:45:19.419+0000] {dag.py:3096} INFO - Sync 1 DAGs
[2024-05-16T19:45:19.611+0000] {logging_mixin.py:188} INFO - [2024-05-16T19:45:19.611+0000] {dag.py:3954} INFO - Setting next_dagrun for example_short_circuit_operator to 2024-05-15 00:00:00+00:00, run_after=2024-05-16 00:00:00+00:00
[2024-05-16T19:45:19.757+0000] {processor.py:183} INFO - Processing /home/airflow/.local/lib/python3.12/site-packages/airflow/example_dags/example_short_circuit_operator.py took 0.555 seconds
[2024-05-16T19:45:49.962+0000] {processor.py:161} INFO - Started process (PID=1072) to work on /home/airflow/.local/lib/python3.12/site-packages/airflow/example_dags/example_short_circuit_operator.py
[2024-05-16T19:45:49.965+0000] {processor.py:830} INFO - Processing file /home/airflow/.local/lib/python3.12/site-packages/airflow/example_dags/example_short_circuit_operator.py for tasks to queue
[2024-05-16T19:45:49.972+0000] {logging_mixin.py:188} INFO - [2024-05-16T19:45:49.971+0000] {dagbag.py:545} INFO - Filling up the DagBag from /home/airflow/.local/lib/python3.12/site-packages/airflow/example_dags/example_short_circuit_operator.py
[2024-05-16T19:45:50.001+0000] {processor.py:840} INFO - DAG(s) 'example_short_circuit_operator' retrieved from /home/airflow/.local/lib/python3.12/site-packages/airflow/example_dags/example_short_circuit_operator.py
[2024-05-16T19:45:50.073+0000] {logging_mixin.py:188} INFO - [2024-05-16T19:45:50.072+0000] {dag.py:3096} INFO - Sync 1 DAGs
[2024-05-16T19:45:50.127+0000] {logging_mixin.py:188} INFO - [2024-05-16T19:45:50.127+0000] {dag.py:3954} INFO - Setting next_dagrun for example_short_circuit_operator to 2024-05-15 00:00:00+00:00, run_after=2024-05-16 00:00:00+00:00
[2024-05-16T19:45:50.207+0000] {processor.py:183} INFO - Processing /home/airflow/.local/lib/python3.12/site-packages/airflow/example_dags/example_short_circuit_operator.py took 0.260 seconds
[2024-05-16T19:46:20.323+0000] {processor.py:161} INFO - Started process (PID=1334) to work on /home/airflow/.local/lib/python3.12/site-packages/airflow/example_dags/example_short_circuit_operator.py
[2024-05-16T19:46:20.325+0000] {processor.py:830} INFO - Processing file /home/airflow/.local/lib/python3.12/site-packages/airflow/example_dags/example_short_circuit_operator.py for tasks to queue
[2024-05-16T19:46:20.329+0000] {logging_mixin.py:188} INFO - [2024-05-16T19:46:20.328+0000] {dagbag.py:545} INFO - Filling up the DagBag from /home/airflow/.local/lib/python3.12/site-packages/airflow/example_dags/example_short_circuit_operator.py
[2024-05-16T19:46:20.347+0000] {processor.py:840} INFO - DAG(s) 'example_short_circuit_operator' retrieved from /home/airflow/.local/lib/python3.12/site-packages/airflow/example_dags/example_short_circuit_operator.py
[2024-05-16T19:46:20.404+0000] {logging_mixin.py:188} INFO - [2024-05-16T19:46:20.402+0000] {dag.py:3096} INFO - Sync 1 DAGs
[2024-05-16T19:46:20.456+0000] {logging_mixin.py:188} INFO - [2024-05-16T19:46:20.455+0000] {dag.py:3954} INFO - Setting next_dagrun for example_short_circuit_operator to 2024-05-15 00:00:00+00:00, run_after=2024-05-16 00:00:00+00:00
[2024-05-16T19:46:20.501+0000] {processor.py:183} INFO - Processing /home/airflow/.local/lib/python3.12/site-packages/airflow/example_dags/example_short_circuit_operator.py took 0.196 seconds
[2024-05-16T19:46:51.471+0000] {processor.py:161} INFO - Started process (PID=1597) to work on /home/airflow/.local/lib/python3.12/site-packages/airflow/example_dags/example_short_circuit_operator.py
[2024-05-16T19:46:51.472+0000] {processor.py:830} INFO - Processing file /home/airflow/.local/lib/python3.12/site-packages/airflow/example_dags/example_short_circuit_operator.py for tasks to queue
[2024-05-16T19:46:51.475+0000] {logging_mixin.py:188} INFO - [2024-05-16T19:46:51.475+0000] {dagbag.py:545} INFO - Filling up the DagBag from /home/airflow/.local/lib/python3.12/site-packages/airflow/example_dags/example_short_circuit_operator.py
[2024-05-16T19:46:51.490+0000] {processor.py:840} INFO - DAG(s) 'example_short_circuit_operator' retrieved from /home/airflow/.local/lib/python3.12/site-packages/airflow/example_dags/example_short_circuit_operator.py
[2024-05-16T19:46:51.529+0000] {logging_mixin.py:188} INFO - [2024-05-16T19:46:51.528+0000] {dag.py:3096} INFO - Sync 1 DAGs
[2024-05-16T19:46:51.568+0000] {logging_mixin.py:188} INFO - [2024-05-16T19:46:51.568+0000] {dag.py:3954} INFO - Setting next_dagrun for example_short_circuit_operator to 2024-05-15 00:00:00+00:00, run_after=2024-05-16 00:00:00+00:00
[2024-05-16T19:46:51.602+0000] {processor.py:183} INFO - Processing /home/airflow/.local/lib/python3.12/site-packages/airflow/example_dags/example_short_circuit_operator.py took 0.140 seconds
[2024-05-16T19:47:21.703+0000] {processor.py:161} INFO - Started process (PID=1859) to work on /home/airflow/.local/lib/python3.12/site-packages/airflow/example_dags/example_short_circuit_operator.py
[2024-05-16T19:47:21.705+0000] {processor.py:830} INFO - Processing file /home/airflow/.local/lib/python3.12/site-packages/airflow/example_dags/example_short_circuit_operator.py for tasks to queue
[2024-05-16T19:47:21.707+0000] {logging_mixin.py:188} INFO - [2024-05-16T19:47:21.706+0000] {dagbag.py:545} INFO - Filling up the DagBag from /home/airflow/.local/lib/python3.12/site-packages/airflow/example_dags/example_short_circuit_operator.py
[2024-05-16T19:47:21.714+0000] {processor.py:840} INFO - DAG(s) 'example_short_circuit_operator' retrieved from /home/airflow/.local/lib/python3.12/site-packages/airflow/example_dags/example_short_circuit_operator.py
[2024-05-16T19:47:21.748+0000] {logging_mixin.py:188} INFO - [2024-05-16T19:47:21.747+0000] {dag.py:3096} INFO - Sync 1 DAGs
[2024-05-16T19:47:21.778+0000] {logging_mixin.py:188} INFO - [2024-05-16T19:47:21.777+0000] {dag.py:3954} INFO - Setting next_dagrun for example_short_circuit_operator to 2024-05-15 00:00:00+00:00, run_after=2024-05-16 00:00:00+00:00
[2024-05-16T19:47:21.809+0000] {processor.py:183} INFO - Processing /home/airflow/.local/lib/python3.12/site-packages/airflow/example_dags/example_short_circuit_operator.py took 0.112 seconds
