[2024-05-16T19:44:21.282+0000] {processor.py:161} INFO - Started process (PID=354) to work on /home/airflow/.local/lib/python3.12/site-packages/airflow/example_dags/example_bash_decorator.py
[2024-05-16T19:44:21.284+0000] {processor.py:830} INFO - Processing file /home/airflow/.local/lib/python3.12/site-packages/airflow/example_dags/example_bash_decorator.py for tasks to queue
[2024-05-16T19:44:21.288+0000] {logging_mixin.py:188} INFO - [2024-05-16T19:44:21.287+0000] {dagbag.py:545} INFO - Filling up the DagBag from /home/airflow/.local/lib/python3.12/site-packages/airflow/example_dags/example_bash_decorator.py
[2024-05-16T19:44:21.318+0000] {processor.py:840} INFO - DAG(s) 'example_bash_decorator' retrieved from /home/airflow/.local/lib/python3.12/site-packages/airflow/example_dags/example_bash_decorator.py
[2024-05-16T19:44:21.524+0000] {logging_mixin.py:188} INFO - [2024-05-16T19:44:21.524+0000] {dag.py:3096} INFO - Sync 1 DAGs
[2024-05-16T19:44:21.542+0000] {logging_mixin.py:188} INFO - [2024-05-16T19:44:21.542+0000] {dag.py:3954} INFO - Setting next_dagrun for example_bash_decorator to None, run_after=None
[2024-05-16T19:44:21.571+0000] {processor.py:183} INFO - Processing /home/airflow/.local/lib/python3.12/site-packages/airflow/example_dags/example_bash_decorator.py took 0.297 seconds
[2024-05-16T19:44:51.726+0000] {processor.py:161} INFO - Started process (PID=615) to work on /home/airflow/.local/lib/python3.12/site-packages/airflow/example_dags/example_bash_decorator.py
[2024-05-16T19:44:51.728+0000] {processor.py:830} INFO - Processing file /home/airflow/.local/lib/python3.12/site-packages/airflow/example_dags/example_bash_decorator.py for tasks to queue
[2024-05-16T19:44:51.730+0000] {logging_mixin.py:188} INFO - [2024-05-16T19:44:51.730+0000] {dagbag.py:545} INFO - Filling up the DagBag from /home/airflow/.local/lib/python3.12/site-packages/airflow/example_dags/example_bash_decorator.py
[2024-05-16T19:44:51.748+0000] {processor.py:840} INFO - DAG(s) 'example_bash_decorator' retrieved from /home/airflow/.local/lib/python3.12/site-packages/airflow/example_dags/example_bash_decorator.py
[2024-05-16T19:44:51.783+0000] {logging_mixin.py:188} INFO - [2024-05-16T19:44:51.783+0000] {dag.py:3096} INFO - Sync 1 DAGs
[2024-05-16T19:44:51.805+0000] {logging_mixin.py:188} INFO - [2024-05-16T19:44:51.804+0000] {dag.py:3954} INFO - Setting next_dagrun for example_bash_decorator to None, run_after=None
[2024-05-16T19:44:51.831+0000] {processor.py:183} INFO - Processing /home/airflow/.local/lib/python3.12/site-packages/airflow/example_dags/example_bash_decorator.py took 0.113 seconds
[2024-05-16T19:45:23.608+0000] {processor.py:161} INFO - Started process (PID=878) to work on /home/airflow/.local/lib/python3.12/site-packages/airflow/example_dags/example_bash_decorator.py
[2024-05-16T19:45:23.611+0000] {processor.py:830} INFO - Processing file /home/airflow/.local/lib/python3.12/site-packages/airflow/example_dags/example_bash_decorator.py for tasks to queue
[2024-05-16T19:45:23.616+0000] {logging_mixin.py:188} INFO - [2024-05-16T19:45:23.615+0000] {dagbag.py:545} INFO - Filling up the DagBag from /home/airflow/.local/lib/python3.12/site-packages/airflow/example_dags/example_bash_decorator.py
[2024-05-16T19:45:23.693+0000] {processor.py:840} INFO - DAG(s) 'example_bash_decorator' retrieved from /home/airflow/.local/lib/python3.12/site-packages/airflow/example_dags/example_bash_decorator.py
[2024-05-16T19:45:23.798+0000] {logging_mixin.py:188} INFO - [2024-05-16T19:45:23.797+0000] {dag.py:3096} INFO - Sync 1 DAGs
[2024-05-16T19:45:23.848+0000] {logging_mixin.py:188} INFO - [2024-05-16T19:45:23.848+0000] {dag.py:3954} INFO - Setting next_dagrun for example_bash_decorator to None, run_after=None
[2024-05-16T19:45:23.916+0000] {processor.py:183} INFO - Processing /home/airflow/.local/lib/python3.12/site-packages/airflow/example_dags/example_bash_decorator.py took 0.346 seconds
[2024-05-16T19:45:54.820+0000] {processor.py:161} INFO - Started process (PID=1142) to work on /home/airflow/.local/lib/python3.12/site-packages/airflow/example_dags/example_bash_decorator.py
[2024-05-16T19:45:54.822+0000] {processor.py:830} INFO - Processing file /home/airflow/.local/lib/python3.12/site-packages/airflow/example_dags/example_bash_decorator.py for tasks to queue
[2024-05-16T19:45:54.824+0000] {logging_mixin.py:188} INFO - [2024-05-16T19:45:54.823+0000] {dagbag.py:545} INFO - Filling up the DagBag from /home/airflow/.local/lib/python3.12/site-packages/airflow/example_dags/example_bash_decorator.py
[2024-05-16T19:45:54.837+0000] {processor.py:840} INFO - DAG(s) 'example_bash_decorator' retrieved from /home/airflow/.local/lib/python3.12/site-packages/airflow/example_dags/example_bash_decorator.py
[2024-05-16T19:45:54.863+0000] {logging_mixin.py:188} INFO - [2024-05-16T19:45:54.862+0000] {dag.py:3096} INFO - Sync 1 DAGs
[2024-05-16T19:45:54.876+0000] {logging_mixin.py:188} INFO - [2024-05-16T19:45:54.876+0000] {dag.py:3954} INFO - Setting next_dagrun for example_bash_decorator to None, run_after=None
[2024-05-16T19:45:54.898+0000] {processor.py:183} INFO - Processing /home/airflow/.local/lib/python3.12/site-packages/airflow/example_dags/example_bash_decorator.py took 0.083 seconds
[2024-05-16T19:46:25.545+0000] {processor.py:161} INFO - Started process (PID=1404) to work on /home/airflow/.local/lib/python3.12/site-packages/airflow/example_dags/example_bash_decorator.py
[2024-05-16T19:46:25.546+0000] {processor.py:830} INFO - Processing file /home/airflow/.local/lib/python3.12/site-packages/airflow/example_dags/example_bash_decorator.py for tasks to queue
[2024-05-16T19:46:25.548+0000] {logging_mixin.py:188} INFO - [2024-05-16T19:46:25.548+0000] {dagbag.py:545} INFO - Filling up the DagBag from /home/airflow/.local/lib/python3.12/site-packages/airflow/example_dags/example_bash_decorator.py
[2024-05-16T19:46:25.565+0000] {processor.py:840} INFO - DAG(s) 'example_bash_decorator' retrieved from /home/airflow/.local/lib/python3.12/site-packages/airflow/example_dags/example_bash_decorator.py
[2024-05-16T19:46:25.595+0000] {logging_mixin.py:188} INFO - [2024-05-16T19:46:25.595+0000] {dag.py:3096} INFO - Sync 1 DAGs
[2024-05-16T19:46:25.613+0000] {logging_mixin.py:188} INFO - [2024-05-16T19:46:25.612+0000] {dag.py:3954} INFO - Setting next_dagrun for example_bash_decorator to None, run_after=None
[2024-05-16T19:46:25.639+0000] {processor.py:183} INFO - Processing /home/airflow/.local/lib/python3.12/site-packages/airflow/example_dags/example_bash_decorator.py took 0.100 seconds
[2024-05-16T19:46:55.883+0000] {processor.py:161} INFO - Started process (PID=1667) to work on /home/airflow/.local/lib/python3.12/site-packages/airflow/example_dags/example_bash_decorator.py
[2024-05-16T19:46:55.884+0000] {processor.py:830} INFO - Processing file /home/airflow/.local/lib/python3.12/site-packages/airflow/example_dags/example_bash_decorator.py for tasks to queue
[2024-05-16T19:46:55.886+0000] {logging_mixin.py:188} INFO - [2024-05-16T19:46:55.886+0000] {dagbag.py:545} INFO - Filling up the DagBag from /home/airflow/.local/lib/python3.12/site-packages/airflow/example_dags/example_bash_decorator.py
[2024-05-16T19:46:55.900+0000] {processor.py:840} INFO - DAG(s) 'example_bash_decorator' retrieved from /home/airflow/.local/lib/python3.12/site-packages/airflow/example_dags/example_bash_decorator.py
[2024-05-16T19:46:55.925+0000] {logging_mixin.py:188} INFO - [2024-05-16T19:46:55.925+0000] {dag.py:3096} INFO - Sync 1 DAGs
[2024-05-16T19:46:55.939+0000] {logging_mixin.py:188} INFO - [2024-05-16T19:46:55.939+0000] {dag.py:3954} INFO - Setting next_dagrun for example_bash_decorator to None, run_after=None
[2024-05-16T19:46:55.958+0000] {processor.py:183} INFO - Processing /home/airflow/.local/lib/python3.12/site-packages/airflow/example_dags/example_bash_decorator.py took 0.081 seconds
[2024-05-16T19:47:26.461+0000] {processor.py:161} INFO - Started process (PID=1929) to work on /home/airflow/.local/lib/python3.12/site-packages/airflow/example_dags/example_bash_decorator.py
[2024-05-16T19:47:26.463+0000] {processor.py:830} INFO - Processing file /home/airflow/.local/lib/python3.12/site-packages/airflow/example_dags/example_bash_decorator.py for tasks to queue
[2024-05-16T19:47:26.467+0000] {logging_mixin.py:188} INFO - [2024-05-16T19:47:26.466+0000] {dagbag.py:545} INFO - Filling up the DagBag from /home/airflow/.local/lib/python3.12/site-packages/airflow/example_dags/example_bash_decorator.py
[2024-05-16T19:47:26.500+0000] {processor.py:840} INFO - DAG(s) 'example_bash_decorator' retrieved from /home/airflow/.local/lib/python3.12/site-packages/airflow/example_dags/example_bash_decorator.py
[2024-05-16T19:47:26.551+0000] {logging_mixin.py:188} INFO - [2024-05-16T19:47:26.550+0000] {dag.py:3096} INFO - Sync 1 DAGs
[2024-05-16T19:47:26.572+0000] {logging_mixin.py:188} INFO - [2024-05-16T19:47:26.572+0000] {dag.py:3954} INFO - Setting next_dagrun for example_bash_decorator to None, run_after=None
[2024-05-16T19:47:26.602+0000] {processor.py:183} INFO - Processing /home/airflow/.local/lib/python3.12/site-packages/airflow/example_dags/example_bash_decorator.py took 0.150 seconds
