[2024-05-16T19:44:20.955+0000] {processor.py:161} INFO - Started process (PID=349) to work on /home/airflow/.local/lib/python3.12/site-packages/airflow/example_dags/example_display_name.py
[2024-05-16T19:44:20.957+0000] {processor.py:830} INFO - Processing file /home/airflow/.local/lib/python3.12/site-packages/airflow/example_dags/example_display_name.py for tasks to queue
[2024-05-16T19:44:20.960+0000] {logging_mixin.py:188} INFO - [2024-05-16T19:44:20.960+0000] {dagbag.py:545} INFO - Filling up the DagBag from /home/airflow/.local/lib/python3.12/site-packages/airflow/example_dags/example_display_name.py
[2024-05-16T19:44:20.971+0000] {processor.py:840} INFO - DAG(s) 'example_display_name' retrieved from /home/airflow/.local/lib/python3.12/site-packages/airflow/example_dags/example_display_name.py
[2024-05-16T19:44:21.173+0000] {logging_mixin.py:188} INFO - [2024-05-16T19:44:21.172+0000] {dag.py:3096} INFO - Sync 1 DAGs
[2024-05-16T19:44:21.196+0000] {logging_mixin.py:188} INFO - [2024-05-16T19:44:21.195+0000] {dag.py:3954} INFO - Setting next_dagrun for example_display_name to None, run_after=None
[2024-05-16T19:44:21.229+0000] {processor.py:183} INFO - Processing /home/airflow/.local/lib/python3.12/site-packages/airflow/example_dags/example_display_name.py took 0.283 seconds
[2024-05-16T19:44:51.577+0000] {processor.py:161} INFO - Started process (PID=610) to work on /home/airflow/.local/lib/python3.12/site-packages/airflow/example_dags/example_display_name.py
[2024-05-16T19:44:51.579+0000] {processor.py:830} INFO - Processing file /home/airflow/.local/lib/python3.12/site-packages/airflow/example_dags/example_display_name.py for tasks to queue
[2024-05-16T19:44:51.581+0000] {logging_mixin.py:188} INFO - [2024-05-16T19:44:51.581+0000] {dagbag.py:545} INFO - Filling up the DagBag from /home/airflow/.local/lib/python3.12/site-packages/airflow/example_dags/example_display_name.py
[2024-05-16T19:44:51.590+0000] {processor.py:840} INFO - DAG(s) 'example_display_name' retrieved from /home/airflow/.local/lib/python3.12/site-packages/airflow/example_dags/example_display_name.py
[2024-05-16T19:44:51.625+0000] {logging_mixin.py:188} INFO - [2024-05-16T19:44:51.625+0000] {dag.py:3096} INFO - Sync 1 DAGs
[2024-05-16T19:44:51.645+0000] {logging_mixin.py:188} INFO - [2024-05-16T19:44:51.645+0000] {dag.py:3954} INFO - Setting next_dagrun for example_display_name to None, run_after=None
[2024-05-16T19:44:51.678+0000] {processor.py:183} INFO - Processing /home/airflow/.local/lib/python3.12/site-packages/airflow/example_dags/example_display_name.py took 0.111 seconds
[2024-05-16T19:45:23.134+0000] {processor.py:161} INFO - Started process (PID=873) to work on /home/airflow/.local/lib/python3.12/site-packages/airflow/example_dags/example_display_name.py
[2024-05-16T19:45:23.142+0000] {processor.py:830} INFO - Processing file /home/airflow/.local/lib/python3.12/site-packages/airflow/example_dags/example_display_name.py for tasks to queue
[2024-05-16T19:45:23.147+0000] {logging_mixin.py:188} INFO - [2024-05-16T19:45:23.147+0000] {dagbag.py:545} INFO - Filling up the DagBag from /home/airflow/.local/lib/python3.12/site-packages/airflow/example_dags/example_display_name.py
[2024-05-16T19:45:23.183+0000] {processor.py:840} INFO - DAG(s) 'example_display_name' retrieved from /home/airflow/.local/lib/python3.12/site-packages/airflow/example_dags/example_display_name.py
[2024-05-16T19:45:23.311+0000] {logging_mixin.py:188} INFO - [2024-05-16T19:45:23.310+0000] {dag.py:3096} INFO - Sync 1 DAGs
[2024-05-16T19:45:23.416+0000] {logging_mixin.py:188} INFO - [2024-05-16T19:45:23.415+0000] {dag.py:3954} INFO - Setting next_dagrun for example_display_name to None, run_after=None
[2024-05-16T19:45:23.560+0000] {processor.py:183} INFO - Processing /home/airflow/.local/lib/python3.12/site-packages/airflow/example_dags/example_display_name.py took 0.481 seconds
[2024-05-16T19:45:53.809+0000] {processor.py:161} INFO - Started process (PID=1137) to work on /home/airflow/.local/lib/python3.12/site-packages/airflow/example_dags/example_display_name.py
[2024-05-16T19:45:53.810+0000] {processor.py:830} INFO - Processing file /home/airflow/.local/lib/python3.12/site-packages/airflow/example_dags/example_display_name.py for tasks to queue
[2024-05-16T19:45:53.812+0000] {logging_mixin.py:188} INFO - [2024-05-16T19:45:53.812+0000] {dagbag.py:545} INFO - Filling up the DagBag from /home/airflow/.local/lib/python3.12/site-packages/airflow/example_dags/example_display_name.py
[2024-05-16T19:45:53.818+0000] {processor.py:840} INFO - DAG(s) 'example_display_name' retrieved from /home/airflow/.local/lib/python3.12/site-packages/airflow/example_dags/example_display_name.py
[2024-05-16T19:45:53.839+0000] {logging_mixin.py:188} INFO - [2024-05-16T19:45:53.838+0000] {dag.py:3096} INFO - Sync 1 DAGs
[2024-05-16T19:45:53.853+0000] {logging_mixin.py:188} INFO - [2024-05-16T19:45:53.852+0000] {dag.py:3954} INFO - Setting next_dagrun for example_display_name to None, run_after=None
[2024-05-16T19:45:53.875+0000] {processor.py:183} INFO - Processing /home/airflow/.local/lib/python3.12/site-packages/airflow/example_dags/example_display_name.py took 0.073 seconds
[2024-05-16T19:46:24.536+0000] {processor.py:161} INFO - Started process (PID=1399) to work on /home/airflow/.local/lib/python3.12/site-packages/airflow/example_dags/example_display_name.py
[2024-05-16T19:46:24.538+0000] {processor.py:830} INFO - Processing file /home/airflow/.local/lib/python3.12/site-packages/airflow/example_dags/example_display_name.py for tasks to queue
[2024-05-16T19:46:24.540+0000] {logging_mixin.py:188} INFO - [2024-05-16T19:46:24.540+0000] {dagbag.py:545} INFO - Filling up the DagBag from /home/airflow/.local/lib/python3.12/site-packages/airflow/example_dags/example_display_name.py
[2024-05-16T19:46:24.548+0000] {processor.py:840} INFO - DAG(s) 'example_display_name' retrieved from /home/airflow/.local/lib/python3.12/site-packages/airflow/example_dags/example_display_name.py
[2024-05-16T19:46:24.574+0000] {logging_mixin.py:188} INFO - [2024-05-16T19:46:24.573+0000] {dag.py:3096} INFO - Sync 1 DAGs
[2024-05-16T19:46:24.593+0000] {logging_mixin.py:188} INFO - [2024-05-16T19:46:24.593+0000] {dag.py:3954} INFO - Setting next_dagrun for example_display_name to None, run_after=None
[2024-05-16T19:46:24.621+0000] {processor.py:183} INFO - Processing /home/airflow/.local/lib/python3.12/site-packages/airflow/example_dags/example_display_name.py took 0.095 seconds
[2024-05-16T19:46:54.869+0000] {processor.py:161} INFO - Started process (PID=1662) to work on /home/airflow/.local/lib/python3.12/site-packages/airflow/example_dags/example_display_name.py
[2024-05-16T19:46:54.871+0000] {processor.py:830} INFO - Processing file /home/airflow/.local/lib/python3.12/site-packages/airflow/example_dags/example_display_name.py for tasks to queue
[2024-05-16T19:46:54.874+0000] {logging_mixin.py:188} INFO - [2024-05-16T19:46:54.874+0000] {dagbag.py:545} INFO - Filling up the DagBag from /home/airflow/.local/lib/python3.12/site-packages/airflow/example_dags/example_display_name.py
[2024-05-16T19:46:54.881+0000] {processor.py:840} INFO - DAG(s) 'example_display_name' retrieved from /home/airflow/.local/lib/python3.12/site-packages/airflow/example_dags/example_display_name.py
[2024-05-16T19:46:54.909+0000] {logging_mixin.py:188} INFO - [2024-05-16T19:46:54.909+0000] {dag.py:3096} INFO - Sync 1 DAGs
[2024-05-16T19:46:54.928+0000] {logging_mixin.py:188} INFO - [2024-05-16T19:46:54.928+0000] {dag.py:3954} INFO - Setting next_dagrun for example_display_name to None, run_after=None
[2024-05-16T19:46:54.980+0000] {processor.py:183} INFO - Processing /home/airflow/.local/lib/python3.12/site-packages/airflow/example_dags/example_display_name.py took 0.119 seconds
[2024-05-16T19:47:26.291+0000] {processor.py:161} INFO - Started process (PID=1924) to work on /home/airflow/.local/lib/python3.12/site-packages/airflow/example_dags/example_display_name.py
[2024-05-16T19:47:26.292+0000] {processor.py:830} INFO - Processing file /home/airflow/.local/lib/python3.12/site-packages/airflow/example_dags/example_display_name.py for tasks to queue
[2024-05-16T19:47:26.294+0000] {logging_mixin.py:188} INFO - [2024-05-16T19:47:26.294+0000] {dagbag.py:545} INFO - Filling up the DagBag from /home/airflow/.local/lib/python3.12/site-packages/airflow/example_dags/example_display_name.py
[2024-05-16T19:47:26.306+0000] {processor.py:840} INFO - DAG(s) 'example_display_name' retrieved from /home/airflow/.local/lib/python3.12/site-packages/airflow/example_dags/example_display_name.py
[2024-05-16T19:47:26.339+0000] {logging_mixin.py:188} INFO - [2024-05-16T19:47:26.339+0000] {dag.py:3096} INFO - Sync 1 DAGs
[2024-05-16T19:47:26.360+0000] {logging_mixin.py:188} INFO - [2024-05-16T19:47:26.359+0000] {dag.py:3954} INFO - Setting next_dagrun for example_display_name to None, run_after=None
[2024-05-16T19:47:26.395+0000] {processor.py:183} INFO - Processing /home/airflow/.local/lib/python3.12/site-packages/airflow/example_dags/example_display_name.py took 0.114 seconds
