[2024-05-16T19:44:19.439+0000] {processor.py:161} INFO - Started process (PID=314) to work on /home/airflow/.local/lib/python3.12/site-packages/airflow/example_dags/example_task_group_decorator.py
[2024-05-16T19:44:19.440+0000] {processor.py:830} INFO - Processing file /home/airflow/.local/lib/python3.12/site-packages/airflow/example_dags/example_task_group_decorator.py for tasks to queue
[2024-05-16T19:44:19.443+0000] {logging_mixin.py:188} INFO - [2024-05-16T19:44:19.442+0000] {dagbag.py:545} INFO - Filling up the DagBag from /home/airflow/.local/lib/python3.12/site-packages/airflow/example_dags/example_task_group_decorator.py
[2024-05-16T19:44:19.473+0000] {processor.py:840} INFO - DAG(s) 'example_task_group_decorator' retrieved from /home/airflow/.local/lib/python3.12/site-packages/airflow/example_dags/example_task_group_decorator.py
[2024-05-16T19:44:19.670+0000] {logging_mixin.py:188} INFO - [2024-05-16T19:44:19.670+0000] {dag.py:3096} INFO - Sync 1 DAGs
[2024-05-16T19:44:19.703+0000] {logging_mixin.py:188} INFO - [2024-05-16T19:44:19.703+0000] {dag.py:3954} INFO - Setting next_dagrun for example_task_group_decorator to 2024-05-15 00:00:00+00:00, run_after=2024-05-16 00:00:00+00:00
[2024-05-16T19:44:19.738+0000] {processor.py:183} INFO - Processing /home/airflow/.local/lib/python3.12/site-packages/airflow/example_dags/example_task_group_decorator.py took 0.308 seconds
[2024-05-16T19:44:49.879+0000] {processor.py:161} INFO - Started process (PID=575) to work on /home/airflow/.local/lib/python3.12/site-packages/airflow/example_dags/example_task_group_decorator.py
[2024-05-16T19:44:49.880+0000] {processor.py:830} INFO - Processing file /home/airflow/.local/lib/python3.12/site-packages/airflow/example_dags/example_task_group_decorator.py for tasks to queue
[2024-05-16T19:44:49.883+0000] {logging_mixin.py:188} INFO - [2024-05-16T19:44:49.882+0000] {dagbag.py:545} INFO - Filling up the DagBag from /home/airflow/.local/lib/python3.12/site-packages/airflow/example_dags/example_task_group_decorator.py
[2024-05-16T19:44:49.905+0000] {processor.py:840} INFO - DAG(s) 'example_task_group_decorator' retrieved from /home/airflow/.local/lib/python3.12/site-packages/airflow/example_dags/example_task_group_decorator.py
[2024-05-16T19:44:49.945+0000] {logging_mixin.py:188} INFO - [2024-05-16T19:44:49.944+0000] {dag.py:3096} INFO - Sync 1 DAGs
[2024-05-16T19:44:49.975+0000] {logging_mixin.py:188} INFO - [2024-05-16T19:44:49.975+0000] {dag.py:3954} INFO - Setting next_dagrun for example_task_group_decorator to 2024-05-15 00:00:00+00:00, run_after=2024-05-16 00:00:00+00:00
[2024-05-16T19:44:49.999+0000] {processor.py:183} INFO - Processing /home/airflow/.local/lib/python3.12/site-packages/airflow/example_dags/example_task_group_decorator.py took 0.127 seconds
[2024-05-16T19:45:21.314+0000] {processor.py:161} INFO - Started process (PID=838) to work on /home/airflow/.local/lib/python3.12/site-packages/airflow/example_dags/example_task_group_decorator.py
[2024-05-16T19:45:21.316+0000] {processor.py:830} INFO - Processing file /home/airflow/.local/lib/python3.12/site-packages/airflow/example_dags/example_task_group_decorator.py for tasks to queue
[2024-05-16T19:45:21.322+0000] {logging_mixin.py:188} INFO - [2024-05-16T19:45:21.321+0000] {dagbag.py:545} INFO - Filling up the DagBag from /home/airflow/.local/lib/python3.12/site-packages/airflow/example_dags/example_task_group_decorator.py
[2024-05-16T19:45:21.369+0000] {processor.py:840} INFO - DAG(s) 'example_task_group_decorator' retrieved from /home/airflow/.local/lib/python3.12/site-packages/airflow/example_dags/example_task_group_decorator.py
[2024-05-16T19:45:21.458+0000] {logging_mixin.py:188} INFO - [2024-05-16T19:45:21.457+0000] {dag.py:3096} INFO - Sync 1 DAGs
[2024-05-16T19:45:21.558+0000] {logging_mixin.py:188} INFO - [2024-05-16T19:45:21.557+0000] {dag.py:3954} INFO - Setting next_dagrun for example_task_group_decorator to 2024-05-15 00:00:00+00:00, run_after=2024-05-16 00:00:00+00:00
[2024-05-16T19:45:21.643+0000] {processor.py:183} INFO - Processing /home/airflow/.local/lib/python3.12/site-packages/airflow/example_dags/example_task_group_decorator.py took 0.346 seconds
[2024-05-16T19:45:51.894+0000] {processor.py:161} INFO - Started process (PID=1100) to work on /home/airflow/.local/lib/python3.12/site-packages/airflow/example_dags/example_task_group_decorator.py
[2024-05-16T19:45:51.895+0000] {processor.py:830} INFO - Processing file /home/airflow/.local/lib/python3.12/site-packages/airflow/example_dags/example_task_group_decorator.py for tasks to queue
[2024-05-16T19:45:51.899+0000] {logging_mixin.py:188} INFO - [2024-05-16T19:45:51.898+0000] {dagbag.py:545} INFO - Filling up the DagBag from /home/airflow/.local/lib/python3.12/site-packages/airflow/example_dags/example_task_group_decorator.py
[2024-05-16T19:45:51.933+0000] {processor.py:840} INFO - DAG(s) 'example_task_group_decorator' retrieved from /home/airflow/.local/lib/python3.12/site-packages/airflow/example_dags/example_task_group_decorator.py
[2024-05-16T19:45:51.991+0000] {logging_mixin.py:188} INFO - [2024-05-16T19:45:51.991+0000] {dag.py:3096} INFO - Sync 1 DAGs
[2024-05-16T19:45:52.104+0000] {logging_mixin.py:188} INFO - [2024-05-16T19:45:52.103+0000] {dag.py:3954} INFO - Setting next_dagrun for example_task_group_decorator to 2024-05-15 00:00:00+00:00, run_after=2024-05-16 00:00:00+00:00
[2024-05-16T19:45:52.171+0000] {processor.py:183} INFO - Processing /home/airflow/.local/lib/python3.12/site-packages/airflow/example_dags/example_task_group_decorator.py took 0.291 seconds
[2024-05-16T19:46:22.788+0000] {processor.py:161} INFO - Started process (PID=1362) to work on /home/airflow/.local/lib/python3.12/site-packages/airflow/example_dags/example_task_group_decorator.py
[2024-05-16T19:46:22.790+0000] {processor.py:830} INFO - Processing file /home/airflow/.local/lib/python3.12/site-packages/airflow/example_dags/example_task_group_decorator.py for tasks to queue
[2024-05-16T19:46:22.792+0000] {logging_mixin.py:188} INFO - [2024-05-16T19:46:22.792+0000] {dagbag.py:545} INFO - Filling up the DagBag from /home/airflow/.local/lib/python3.12/site-packages/airflow/example_dags/example_task_group_decorator.py
[2024-05-16T19:46:22.810+0000] {processor.py:840} INFO - DAG(s) 'example_task_group_decorator' retrieved from /home/airflow/.local/lib/python3.12/site-packages/airflow/example_dags/example_task_group_decorator.py
[2024-05-16T19:46:22.847+0000] {logging_mixin.py:188} INFO - [2024-05-16T19:46:22.847+0000] {dag.py:3096} INFO - Sync 1 DAGs
[2024-05-16T19:46:22.880+0000] {logging_mixin.py:188} INFO - [2024-05-16T19:46:22.880+0000] {dag.py:3954} INFO - Setting next_dagrun for example_task_group_decorator to 2024-05-15 00:00:00+00:00, run_after=2024-05-16 00:00:00+00:00
[2024-05-16T19:46:22.912+0000] {processor.py:183} INFO - Processing /home/airflow/.local/lib/python3.12/site-packages/airflow/example_dags/example_task_group_decorator.py took 0.135 seconds
[2024-05-16T19:46:52.992+0000] {processor.py:161} INFO - Started process (PID=1622) to work on /home/airflow/.local/lib/python3.12/site-packages/airflow/example_dags/example_task_group_decorator.py
[2024-05-16T19:46:52.993+0000] {processor.py:830} INFO - Processing file /home/airflow/.local/lib/python3.12/site-packages/airflow/example_dags/example_task_group_decorator.py for tasks to queue
[2024-05-16T19:46:52.995+0000] {logging_mixin.py:188} INFO - [2024-05-16T19:46:52.995+0000] {dagbag.py:545} INFO - Filling up the DagBag from /home/airflow/.local/lib/python3.12/site-packages/airflow/example_dags/example_task_group_decorator.py
[2024-05-16T19:46:53.010+0000] {processor.py:840} INFO - DAG(s) 'example_task_group_decorator' retrieved from /home/airflow/.local/lib/python3.12/site-packages/airflow/example_dags/example_task_group_decorator.py
[2024-05-16T19:46:53.037+0000] {logging_mixin.py:188} INFO - [2024-05-16T19:46:53.037+0000] {dag.py:3096} INFO - Sync 1 DAGs
[2024-05-16T19:46:53.062+0000] {logging_mixin.py:188} INFO - [2024-05-16T19:46:53.062+0000] {dag.py:3954} INFO - Setting next_dagrun for example_task_group_decorator to 2024-05-15 00:00:00+00:00, run_after=2024-05-16 00:00:00+00:00
[2024-05-16T19:46:53.082+0000] {processor.py:183} INFO - Processing /home/airflow/.local/lib/python3.12/site-packages/airflow/example_dags/example_task_group_decorator.py took 0.096 seconds
[2024-05-16T19:47:23.187+0000] {processor.py:161} INFO - Started process (PID=1882) to work on /home/airflow/.local/lib/python3.12/site-packages/airflow/example_dags/example_task_group_decorator.py
[2024-05-16T19:47:23.189+0000] {processor.py:830} INFO - Processing file /home/airflow/.local/lib/python3.12/site-packages/airflow/example_dags/example_task_group_decorator.py for tasks to queue
[2024-05-16T19:47:23.190+0000] {logging_mixin.py:188} INFO - [2024-05-16T19:47:23.190+0000] {dagbag.py:545} INFO - Filling up the DagBag from /home/airflow/.local/lib/python3.12/site-packages/airflow/example_dags/example_task_group_decorator.py
[2024-05-16T19:47:23.207+0000] {processor.py:840} INFO - DAG(s) 'example_task_group_decorator' retrieved from /home/airflow/.local/lib/python3.12/site-packages/airflow/example_dags/example_task_group_decorator.py
[2024-05-16T19:47:23.241+0000] {logging_mixin.py:188} INFO - [2024-05-16T19:47:23.241+0000] {dag.py:3096} INFO - Sync 1 DAGs
[2024-05-16T19:47:23.270+0000] {logging_mixin.py:188} INFO - [2024-05-16T19:47:23.270+0000] {dag.py:3954} INFO - Setting next_dagrun for example_task_group_decorator to 2024-05-15 00:00:00+00:00, run_after=2024-05-16 00:00:00+00:00
[2024-05-16T19:47:23.295+0000] {processor.py:183} INFO - Processing /home/airflow/.local/lib/python3.12/site-packages/airflow/example_dags/example_task_group_decorator.py took 0.118 seconds
