[2024-05-16T19:44:16.086+0000] {processor.py:161} INFO - Started process (PID=254) to work on /home/airflow/.local/lib/python3.12/site-packages/airflow/example_dags/example_branch_python_dop_operator_3.py
[2024-05-16T19:44:16.088+0000] {processor.py:830} INFO - Processing file /home/airflow/.local/lib/python3.12/site-packages/airflow/example_dags/example_branch_python_dop_operator_3.py for tasks to queue
[2024-05-16T19:44:16.092+0000] {logging_mixin.py:188} INFO - [2024-05-16T19:44:16.091+0000] {dagbag.py:545} INFO - Filling up the DagBag from /home/airflow/.local/lib/python3.12/site-packages/airflow/example_dags/example_branch_python_dop_operator_3.py
[2024-05-16T19:44:16.114+0000] {processor.py:840} INFO - DAG(s) 'example_branch_dop_operator_v3' retrieved from /home/airflow/.local/lib/python3.12/site-packages/airflow/example_dags/example_branch_python_dop_operator_3.py
[2024-05-16T19:44:16.359+0000] {logging_mixin.py:188} INFO - [2024-05-16T19:44:16.359+0000] {dag.py:3096} INFO - Sync 1 DAGs
[2024-05-16T19:44:16.437+0000] {logging_mixin.py:188} INFO - [2024-05-16T19:44:16.436+0000] {dag.py:3954} INFO - Setting next_dagrun for example_branch_dop_operator_v3 to 2024-05-16 19:43:00+00:00, run_after=2024-05-16 19:44:00+00:00
[2024-05-16T19:44:16.526+0000] {processor.py:183} INFO - Processing /home/airflow/.local/lib/python3.12/site-packages/airflow/example_dags/example_branch_python_dop_operator_3.py took 0.451 seconds
[2024-05-16T19:44:46.984+0000] {processor.py:161} INFO - Started process (PID=515) to work on /home/airflow/.local/lib/python3.12/site-packages/airflow/example_dags/example_branch_python_dop_operator_3.py
[2024-05-16T19:44:46.985+0000] {processor.py:830} INFO - Processing file /home/airflow/.local/lib/python3.12/site-packages/airflow/example_dags/example_branch_python_dop_operator_3.py for tasks to queue
[2024-05-16T19:44:46.987+0000] {logging_mixin.py:188} INFO - [2024-05-16T19:44:46.987+0000] {dagbag.py:545} INFO - Filling up the DagBag from /home/airflow/.local/lib/python3.12/site-packages/airflow/example_dags/example_branch_python_dop_operator_3.py
[2024-05-16T19:44:46.997+0000] {processor.py:840} INFO - DAG(s) 'example_branch_dop_operator_v3' retrieved from /home/airflow/.local/lib/python3.12/site-packages/airflow/example_dags/example_branch_python_dop_operator_3.py
[2024-05-16T19:44:47.021+0000] {logging_mixin.py:188} INFO - [2024-05-16T19:44:47.020+0000] {dag.py:3096} INFO - Sync 1 DAGs
[2024-05-16T19:44:47.053+0000] {logging_mixin.py:188} INFO - [2024-05-16T19:44:47.053+0000] {dag.py:3954} INFO - Setting next_dagrun for example_branch_dop_operator_v3 to 2024-05-16 19:43:00+00:00, run_after=2024-05-16 19:44:00+00:00
[2024-05-16T19:44:47.077+0000] {processor.py:183} INFO - Processing /home/airflow/.local/lib/python3.12/site-packages/airflow/example_dags/example_branch_python_dop_operator_3.py took 0.100 seconds
[2024-05-16T19:45:17.856+0000] {processor.py:161} INFO - Started process (PID=778) to work on /home/airflow/.local/lib/python3.12/site-packages/airflow/example_dags/example_branch_python_dop_operator_3.py
[2024-05-16T19:45:17.857+0000] {processor.py:830} INFO - Processing file /home/airflow/.local/lib/python3.12/site-packages/airflow/example_dags/example_branch_python_dop_operator_3.py for tasks to queue
[2024-05-16T19:45:17.859+0000] {logging_mixin.py:188} INFO - [2024-05-16T19:45:17.859+0000] {dagbag.py:545} INFO - Filling up the DagBag from /home/airflow/.local/lib/python3.12/site-packages/airflow/example_dags/example_branch_python_dop_operator_3.py
[2024-05-16T19:45:17.873+0000] {processor.py:840} INFO - DAG(s) 'example_branch_dop_operator_v3' retrieved from /home/airflow/.local/lib/python3.12/site-packages/airflow/example_dags/example_branch_python_dop_operator_3.py
[2024-05-16T19:45:17.943+0000] {logging_mixin.py:188} INFO - [2024-05-16T19:45:17.943+0000] {dag.py:3096} INFO - Sync 1 DAGs
[2024-05-16T19:45:18.067+0000] {logging_mixin.py:188} INFO - [2024-05-16T19:45:18.067+0000] {dag.py:3954} INFO - Setting next_dagrun for example_branch_dop_operator_v3 to 2024-05-16 19:44:00+00:00, run_after=2024-05-16 19:45:00+00:00
[2024-05-16T19:45:18.191+0000] {processor.py:183} INFO - Processing /home/airflow/.local/lib/python3.12/site-packages/airflow/example_dags/example_branch_python_dop_operator_3.py took 0.343 seconds
[2024-05-16T19:45:49.093+0000] {processor.py:161} INFO - Started process (PID=1040) to work on /home/airflow/.local/lib/python3.12/site-packages/airflow/example_dags/example_branch_python_dop_operator_3.py
[2024-05-16T19:45:49.097+0000] {processor.py:830} INFO - Processing file /home/airflow/.local/lib/python3.12/site-packages/airflow/example_dags/example_branch_python_dop_operator_3.py for tasks to queue
[2024-05-16T19:45:49.101+0000] {logging_mixin.py:188} INFO - [2024-05-16T19:45:49.100+0000] {dagbag.py:545} INFO - Filling up the DagBag from /home/airflow/.local/lib/python3.12/site-packages/airflow/example_dags/example_branch_python_dop_operator_3.py
[2024-05-16T19:45:49.121+0000] {processor.py:840} INFO - DAG(s) 'example_branch_dop_operator_v3' retrieved from /home/airflow/.local/lib/python3.12/site-packages/airflow/example_dags/example_branch_python_dop_operator_3.py
[2024-05-16T19:45:49.177+0000] {logging_mixin.py:188} INFO - [2024-05-16T19:45:49.176+0000] {dag.py:3096} INFO - Sync 1 DAGs
[2024-05-16T19:45:49.263+0000] {logging_mixin.py:188} INFO - [2024-05-16T19:45:49.263+0000] {dag.py:3954} INFO - Setting next_dagrun for example_branch_dop_operator_v3 to 2024-05-16 19:44:00+00:00, run_after=2024-05-16 19:45:00+00:00
[2024-05-16T19:45:49.310+0000] {processor.py:183} INFO - Processing /home/airflow/.local/lib/python3.12/site-packages/airflow/example_dags/example_branch_python_dop_operator_3.py took 0.230 seconds
[2024-05-16T19:46:19.363+0000] {processor.py:161} INFO - Started process (PID=1302) to work on /home/airflow/.local/lib/python3.12/site-packages/airflow/example_dags/example_branch_python_dop_operator_3.py
[2024-05-16T19:46:19.365+0000] {processor.py:830} INFO - Processing file /home/airflow/.local/lib/python3.12/site-packages/airflow/example_dags/example_branch_python_dop_operator_3.py for tasks to queue
[2024-05-16T19:46:19.369+0000] {logging_mixin.py:188} INFO - [2024-05-16T19:46:19.368+0000] {dagbag.py:545} INFO - Filling up the DagBag from /home/airflow/.local/lib/python3.12/site-packages/airflow/example_dags/example_branch_python_dop_operator_3.py
[2024-05-16T19:46:19.382+0000] {processor.py:840} INFO - DAG(s) 'example_branch_dop_operator_v3' retrieved from /home/airflow/.local/lib/python3.12/site-packages/airflow/example_dags/example_branch_python_dop_operator_3.py
[2024-05-16T19:46:19.423+0000] {logging_mixin.py:188} INFO - [2024-05-16T19:46:19.423+0000] {dag.py:3096} INFO - Sync 1 DAGs
[2024-05-16T19:46:19.492+0000] {logging_mixin.py:188} INFO - [2024-05-16T19:46:19.491+0000] {dag.py:3954} INFO - Setting next_dagrun for example_branch_dop_operator_v3 to 2024-05-16 19:45:00+00:00, run_after=2024-05-16 19:46:00+00:00
[2024-05-16T19:46:19.540+0000] {processor.py:183} INFO - Processing /home/airflow/.local/lib/python3.12/site-packages/airflow/example_dags/example_branch_python_dop_operator_3.py took 0.187 seconds
[2024-05-16T19:46:49.908+0000] {processor.py:161} INFO - Started process (PID=1565) to work on /home/airflow/.local/lib/python3.12/site-packages/airflow/example_dags/example_branch_python_dop_operator_3.py
[2024-05-16T19:46:49.909+0000] {processor.py:830} INFO - Processing file /home/airflow/.local/lib/python3.12/site-packages/airflow/example_dags/example_branch_python_dop_operator_3.py for tasks to queue
[2024-05-16T19:46:49.913+0000] {logging_mixin.py:188} INFO - [2024-05-16T19:46:49.912+0000] {dagbag.py:545} INFO - Filling up the DagBag from /home/airflow/.local/lib/python3.12/site-packages/airflow/example_dags/example_branch_python_dop_operator_3.py
[2024-05-16T19:46:49.927+0000] {processor.py:840} INFO - DAG(s) 'example_branch_dop_operator_v3' retrieved from /home/airflow/.local/lib/python3.12/site-packages/airflow/example_dags/example_branch_python_dop_operator_3.py
[2024-05-16T19:46:49.964+0000] {logging_mixin.py:188} INFO - [2024-05-16T19:46:49.963+0000] {dag.py:3096} INFO - Sync 1 DAGs
[2024-05-16T19:46:50.022+0000] {logging_mixin.py:188} INFO - [2024-05-16T19:46:50.022+0000] {dag.py:3954} INFO - Setting next_dagrun for example_branch_dop_operator_v3 to 2024-05-16 19:45:00+00:00, run_after=2024-05-16 19:46:00+00:00
[2024-05-16T19:46:50.060+0000] {processor.py:183} INFO - Processing /home/airflow/.local/lib/python3.12/site-packages/airflow/example_dags/example_branch_python_dop_operator_3.py took 0.163 seconds
[2024-05-16T19:47:20.179+0000] {processor.py:161} INFO - Started process (PID=1827) to work on /home/airflow/.local/lib/python3.12/site-packages/airflow/example_dags/example_branch_python_dop_operator_3.py
[2024-05-16T19:47:20.180+0000] {processor.py:830} INFO - Processing file /home/airflow/.local/lib/python3.12/site-packages/airflow/example_dags/example_branch_python_dop_operator_3.py for tasks to queue
[2024-05-16T19:47:20.182+0000] {logging_mixin.py:188} INFO - [2024-05-16T19:47:20.182+0000] {dagbag.py:545} INFO - Filling up the DagBag from /home/airflow/.local/lib/python3.12/site-packages/airflow/example_dags/example_branch_python_dop_operator_3.py
[2024-05-16T19:47:20.193+0000] {processor.py:840} INFO - DAG(s) 'example_branch_dop_operator_v3' retrieved from /home/airflow/.local/lib/python3.12/site-packages/airflow/example_dags/example_branch_python_dop_operator_3.py
[2024-05-16T19:47:20.216+0000] {logging_mixin.py:188} INFO - [2024-05-16T19:47:20.216+0000] {dag.py:3096} INFO - Sync 1 DAGs
[2024-05-16T19:47:20.252+0000] {logging_mixin.py:188} INFO - [2024-05-16T19:47:20.252+0000] {dag.py:3954} INFO - Setting next_dagrun for example_branch_dop_operator_v3 to 2024-05-16 19:46:00+00:00, run_after=2024-05-16 19:47:00+00:00
[2024-05-16T19:47:20.277+0000] {processor.py:183} INFO - Processing /home/airflow/.local/lib/python3.12/site-packages/airflow/example_dags/example_branch_python_dop_operator_3.py took 0.104 seconds
