[2024-05-16T19:44:17.067+0000] {processor.py:161} INFO - Started process (PID=274) to work on /home/airflow/.local/lib/python3.12/site-packages/airflow/example_dags/example_subdag_operator.py
[2024-05-16T19:44:17.070+0000] {processor.py:830} INFO - Processing file /home/airflow/.local/lib/python3.12/site-packages/airflow/example_dags/example_subdag_operator.py for tasks to queue
[2024-05-16T19:44:17.074+0000] {logging_mixin.py:188} INFO - [2024-05-16T19:44:17.073+0000] {dagbag.py:545} INFO - Filling up the DagBag from /home/airflow/.local/lib/python3.12/site-packages/airflow/example_dags/example_subdag_operator.py
[2024-05-16T19:44:17.126+0000] {processor.py:840} INFO - DAG(s) 'example_subdag_operator.section-1', 'example_subdag_operator.section-2', 'example_subdag_operator' retrieved from /home/airflow/.local/lib/python3.12/site-packages/airflow/example_dags/example_subdag_operator.py
[2024-05-16T19:44:17.474+0000] {logging_mixin.py:188} INFO - [2024-05-16T19:44:17.466+0000] {dag.py:3096} INFO - Sync 3 DAGs
[2024-05-16T19:44:17.595+0000] {logging_mixin.py:188} INFO - [2024-05-16T19:44:17.594+0000] {dag.py:3954} INFO - Setting next_dagrun for example_subdag_operator to 2022-01-01 00:00:00+00:00, run_after=2022-01-01 00:00:00+00:00
[2024-05-16T19:44:17.605+0000] {logging_mixin.py:188} INFO - [2024-05-16T19:44:17.605+0000] {dag.py:3954} INFO - Setting next_dagrun for example_subdag_operator.section-1 to None, run_after=None
[2024-05-16T19:44:17.614+0000] {logging_mixin.py:188} INFO - [2024-05-16T19:44:17.614+0000] {dag.py:3954} INFO - Setting next_dagrun for example_subdag_operator.section-2 to None, run_after=None
[2024-05-16T19:44:17.661+0000] {logging_mixin.py:188} INFO - [2024-05-16T19:44:17.660+0000] {dag.py:3096} INFO - Sync 2 DAGs
[2024-05-16T19:44:17.680+0000] {logging_mixin.py:188} INFO - [2024-05-16T19:44:17.680+0000] {dag.py:3954} INFO - Setting next_dagrun for example_subdag_operator.section-1 to None, run_after=None
[2024-05-16T19:44:17.682+0000] {logging_mixin.py:188} INFO - [2024-05-16T19:44:17.682+0000] {dag.py:3954} INFO - Setting next_dagrun for example_subdag_operator.section-2 to None, run_after=None
[2024-05-16T19:44:17.724+0000] {processor.py:183} INFO - Processing /home/airflow/.local/lib/python3.12/site-packages/airflow/example_dags/example_subdag_operator.py took 0.671 seconds
[2024-05-16T19:44:48.209+0000] {processor.py:161} INFO - Started process (PID=535) to work on /home/airflow/.local/lib/python3.12/site-packages/airflow/example_dags/example_subdag_operator.py
[2024-05-16T19:44:48.210+0000] {processor.py:830} INFO - Processing file /home/airflow/.local/lib/python3.12/site-packages/airflow/example_dags/example_subdag_operator.py for tasks to queue
[2024-05-16T19:44:48.212+0000] {logging_mixin.py:188} INFO - [2024-05-16T19:44:48.211+0000] {dagbag.py:545} INFO - Filling up the DagBag from /home/airflow/.local/lib/python3.12/site-packages/airflow/example_dags/example_subdag_operator.py
[2024-05-16T19:44:48.240+0000] {processor.py:840} INFO - DAG(s) 'example_subdag_operator.section-1', 'example_subdag_operator.section-2', 'example_subdag_operator' retrieved from /home/airflow/.local/lib/python3.12/site-packages/airflow/example_dags/example_subdag_operator.py
[2024-05-16T19:44:48.261+0000] {logging_mixin.py:188} INFO - [2024-05-16T19:44:48.260+0000] {dag.py:3096} INFO - Sync 3 DAGs
[2024-05-16T19:44:48.283+0000] {logging_mixin.py:188} INFO - [2024-05-16T19:44:48.282+0000] {dag.py:3954} INFO - Setting next_dagrun for example_subdag_operator to 2022-01-01 00:00:00+00:00, run_after=2022-01-01 00:00:00+00:00
[2024-05-16T19:44:48.287+0000] {logging_mixin.py:188} INFO - [2024-05-16T19:44:48.287+0000] {dag.py:3954} INFO - Setting next_dagrun for example_subdag_operator.section-1 to None, run_after=None
[2024-05-16T19:44:48.289+0000] {logging_mixin.py:188} INFO - [2024-05-16T19:44:48.288+0000] {dag.py:3954} INFO - Setting next_dagrun for example_subdag_operator.section-2 to None, run_after=None
[2024-05-16T19:44:48.296+0000] {logging_mixin.py:188} INFO - [2024-05-16T19:44:48.296+0000] {dag.py:3096} INFO - Sync 2 DAGs
[2024-05-16T19:44:48.303+0000] {logging_mixin.py:188} INFO - [2024-05-16T19:44:48.303+0000] {dag.py:3954} INFO - Setting next_dagrun for example_subdag_operator.section-1 to None, run_after=None
[2024-05-16T19:44:48.304+0000] {logging_mixin.py:188} INFO - [2024-05-16T19:44:48.304+0000] {dag.py:3954} INFO - Setting next_dagrun for example_subdag_operator.section-2 to None, run_after=None
[2024-05-16T19:44:48.316+0000] {processor.py:183} INFO - Processing /home/airflow/.local/lib/python3.12/site-packages/airflow/example_dags/example_subdag_operator.py took 0.116 seconds
[2024-05-16T19:45:18.543+0000] {processor.py:161} INFO - Started process (PID=798) to work on /home/airflow/.local/lib/python3.12/site-packages/airflow/example_dags/example_subdag_operator.py
[2024-05-16T19:45:18.545+0000] {processor.py:830} INFO - Processing file /home/airflow/.local/lib/python3.12/site-packages/airflow/example_dags/example_subdag_operator.py for tasks to queue
[2024-05-16T19:45:18.548+0000] {logging_mixin.py:188} INFO - [2024-05-16T19:45:18.548+0000] {dagbag.py:545} INFO - Filling up the DagBag from /home/airflow/.local/lib/python3.12/site-packages/airflow/example_dags/example_subdag_operator.py
[2024-05-16T19:45:18.598+0000] {processor.py:840} INFO - DAG(s) 'example_subdag_operator.section-1', 'example_subdag_operator.section-2', 'example_subdag_operator' retrieved from /home/airflow/.local/lib/python3.12/site-packages/airflow/example_dags/example_subdag_operator.py
[2024-05-16T19:45:18.693+0000] {logging_mixin.py:188} INFO - [2024-05-16T19:45:18.683+0000] {dag.py:3096} INFO - Sync 3 DAGs
[2024-05-16T19:45:18.781+0000] {logging_mixin.py:188} INFO - [2024-05-16T19:45:18.780+0000] {dag.py:3954} INFO - Setting next_dagrun for example_subdag_operator to 2022-01-01 00:00:00+00:00, run_after=2022-01-01 00:00:00+00:00
[2024-05-16T19:45:18.799+0000] {logging_mixin.py:188} INFO - [2024-05-16T19:45:18.798+0000] {dag.py:3954} INFO - Setting next_dagrun for example_subdag_operator.section-1 to None, run_after=None
[2024-05-16T19:45:18.815+0000] {logging_mixin.py:188} INFO - [2024-05-16T19:45:18.806+0000] {dag.py:3954} INFO - Setting next_dagrun for example_subdag_operator.section-2 to None, run_after=None
[2024-05-16T19:45:18.897+0000] {logging_mixin.py:188} INFO - [2024-05-16T19:45:18.896+0000] {dag.py:3096} INFO - Sync 2 DAGs
[2024-05-16T19:45:18.930+0000] {logging_mixin.py:188} INFO - [2024-05-16T19:45:18.930+0000] {dag.py:3954} INFO - Setting next_dagrun for example_subdag_operator.section-1 to None, run_after=None
[2024-05-16T19:45:18.938+0000] {logging_mixin.py:188} INFO - [2024-05-16T19:45:18.935+0000] {dag.py:3954} INFO - Setting next_dagrun for example_subdag_operator.section-2 to None, run_after=None
[2024-05-16T19:45:18.998+0000] {processor.py:183} INFO - Processing /home/airflow/.local/lib/python3.12/site-packages/airflow/example_dags/example_subdag_operator.py took 0.474 seconds
[2024-05-16T19:45:49.537+0000] {processor.py:161} INFO - Started process (PID=1060) to work on /home/airflow/.local/lib/python3.12/site-packages/airflow/example_dags/example_subdag_operator.py
[2024-05-16T19:45:49.539+0000] {processor.py:830} INFO - Processing file /home/airflow/.local/lib/python3.12/site-packages/airflow/example_dags/example_subdag_operator.py for tasks to queue
[2024-05-16T19:45:49.542+0000] {logging_mixin.py:188} INFO - [2024-05-16T19:45:49.541+0000] {dagbag.py:545} INFO - Filling up the DagBag from /home/airflow/.local/lib/python3.12/site-packages/airflow/example_dags/example_subdag_operator.py
[2024-05-16T19:45:49.589+0000] {processor.py:840} INFO - DAG(s) 'example_subdag_operator.section-1', 'example_subdag_operator.section-2', 'example_subdag_operator' retrieved from /home/airflow/.local/lib/python3.12/site-packages/airflow/example_dags/example_subdag_operator.py
[2024-05-16T19:45:49.615+0000] {logging_mixin.py:188} INFO - [2024-05-16T19:45:49.615+0000] {dag.py:3096} INFO - Sync 3 DAGs
[2024-05-16T19:45:49.659+0000] {logging_mixin.py:188} INFO - [2024-05-16T19:45:49.659+0000] {dag.py:3954} INFO - Setting next_dagrun for example_subdag_operator to 2022-01-01 00:00:00+00:00, run_after=2022-01-01 00:00:00+00:00
[2024-05-16T19:45:49.670+0000] {logging_mixin.py:188} INFO - [2024-05-16T19:45:49.670+0000] {dag.py:3954} INFO - Setting next_dagrun for example_subdag_operator.section-1 to None, run_after=None
[2024-05-16T19:45:49.673+0000] {logging_mixin.py:188} INFO - [2024-05-16T19:45:49.673+0000] {dag.py:3954} INFO - Setting next_dagrun for example_subdag_operator.section-2 to None, run_after=None
[2024-05-16T19:45:49.691+0000] {logging_mixin.py:188} INFO - [2024-05-16T19:45:49.691+0000] {dag.py:3096} INFO - Sync 2 DAGs
[2024-05-16T19:45:49.706+0000] {logging_mixin.py:188} INFO - [2024-05-16T19:45:49.706+0000] {dag.py:3954} INFO - Setting next_dagrun for example_subdag_operator.section-1 to None, run_after=None
[2024-05-16T19:45:49.708+0000] {logging_mixin.py:188} INFO - [2024-05-16T19:45:49.707+0000] {dag.py:3954} INFO - Setting next_dagrun for example_subdag_operator.section-2 to None, run_after=None
[2024-05-16T19:45:49.740+0000] {processor.py:183} INFO - Processing /home/airflow/.local/lib/python3.12/site-packages/airflow/example_dags/example_subdag_operator.py took 0.217 seconds
[2024-05-16T19:46:19.890+0000] {processor.py:161} INFO - Started process (PID=1322) to work on /home/airflow/.local/lib/python3.12/site-packages/airflow/example_dags/example_subdag_operator.py
[2024-05-16T19:46:19.892+0000] {processor.py:830} INFO - Processing file /home/airflow/.local/lib/python3.12/site-packages/airflow/example_dags/example_subdag_operator.py for tasks to queue
[2024-05-16T19:46:19.898+0000] {logging_mixin.py:188} INFO - [2024-05-16T19:46:19.897+0000] {dagbag.py:545} INFO - Filling up the DagBag from /home/airflow/.local/lib/python3.12/site-packages/airflow/example_dags/example_subdag_operator.py
[2024-05-16T19:46:19.955+0000] {processor.py:840} INFO - DAG(s) 'example_subdag_operator.section-1', 'example_subdag_operator.section-2', 'example_subdag_operator' retrieved from /home/airflow/.local/lib/python3.12/site-packages/airflow/example_dags/example_subdag_operator.py
[2024-05-16T19:46:20.001+0000] {logging_mixin.py:188} INFO - [2024-05-16T19:46:20.000+0000] {dag.py:3096} INFO - Sync 3 DAGs
[2024-05-16T19:46:20.061+0000] {logging_mixin.py:188} INFO - [2024-05-16T19:46:20.060+0000] {dag.py:3954} INFO - Setting next_dagrun for example_subdag_operator to 2022-01-01 00:00:00+00:00, run_after=2022-01-01 00:00:00+00:00
[2024-05-16T19:46:20.071+0000] {logging_mixin.py:188} INFO - [2024-05-16T19:46:20.070+0000] {dag.py:3954} INFO - Setting next_dagrun for example_subdag_operator.section-1 to None, run_after=None
[2024-05-16T19:46:20.075+0000] {logging_mixin.py:188} INFO - [2024-05-16T19:46:20.074+0000] {dag.py:3954} INFO - Setting next_dagrun for example_subdag_operator.section-2 to None, run_after=None
[2024-05-16T19:46:20.091+0000] {logging_mixin.py:188} INFO - [2024-05-16T19:46:20.091+0000] {dag.py:3096} INFO - Sync 2 DAGs
[2024-05-16T19:46:20.107+0000] {logging_mixin.py:188} INFO - [2024-05-16T19:46:20.107+0000] {dag.py:3954} INFO - Setting next_dagrun for example_subdag_operator.section-1 to None, run_after=None
[2024-05-16T19:46:20.108+0000] {logging_mixin.py:188} INFO - [2024-05-16T19:46:20.108+0000] {dag.py:3954} INFO - Setting next_dagrun for example_subdag_operator.section-2 to None, run_after=None
[2024-05-16T19:46:20.133+0000] {processor.py:183} INFO - Processing /home/airflow/.local/lib/python3.12/site-packages/airflow/example_dags/example_subdag_operator.py took 0.261 seconds
[2024-05-16T19:46:50.244+0000] {processor.py:161} INFO - Started process (PID=1585) to work on /home/airflow/.local/lib/python3.12/site-packages/airflow/example_dags/example_subdag_operator.py
[2024-05-16T19:46:50.245+0000] {processor.py:830} INFO - Processing file /home/airflow/.local/lib/python3.12/site-packages/airflow/example_dags/example_subdag_operator.py for tasks to queue
[2024-05-16T19:46:50.247+0000] {logging_mixin.py:188} INFO - [2024-05-16T19:46:50.247+0000] {dagbag.py:545} INFO - Filling up the DagBag from /home/airflow/.local/lib/python3.12/site-packages/airflow/example_dags/example_subdag_operator.py
[2024-05-16T19:46:50.277+0000] {processor.py:840} INFO - DAG(s) 'example_subdag_operator.section-1', 'example_subdag_operator.section-2', 'example_subdag_operator' retrieved from /home/airflow/.local/lib/python3.12/site-packages/airflow/example_dags/example_subdag_operator.py
[2024-05-16T19:46:50.304+0000] {logging_mixin.py:188} INFO - [2024-05-16T19:46:50.303+0000] {dag.py:3096} INFO - Sync 3 DAGs
[2024-05-16T19:46:50.337+0000] {logging_mixin.py:188} INFO - [2024-05-16T19:46:50.337+0000] {dag.py:3954} INFO - Setting next_dagrun for example_subdag_operator to 2022-01-01 00:00:00+00:00, run_after=2022-01-01 00:00:00+00:00
[2024-05-16T19:46:50.347+0000] {logging_mixin.py:188} INFO - [2024-05-16T19:46:50.347+0000] {dag.py:3954} INFO - Setting next_dagrun for example_subdag_operator.section-1 to None, run_after=None
[2024-05-16T19:46:50.350+0000] {logging_mixin.py:188} INFO - [2024-05-16T19:46:50.349+0000] {dag.py:3954} INFO - Setting next_dagrun for example_subdag_operator.section-2 to None, run_after=None
[2024-05-16T19:46:50.362+0000] {logging_mixin.py:188} INFO - [2024-05-16T19:46:50.362+0000] {dag.py:3096} INFO - Sync 2 DAGs
[2024-05-16T19:46:50.373+0000] {logging_mixin.py:188} INFO - [2024-05-16T19:46:50.372+0000] {dag.py:3954} INFO - Setting next_dagrun for example_subdag_operator.section-1 to None, run_after=None
[2024-05-16T19:46:50.374+0000] {logging_mixin.py:188} INFO - [2024-05-16T19:46:50.373+0000] {dag.py:3954} INFO - Setting next_dagrun for example_subdag_operator.section-2 to None, run_after=None
[2024-05-16T19:46:50.398+0000] {processor.py:183} INFO - Processing /home/airflow/.local/lib/python3.12/site-packages/airflow/example_dags/example_subdag_operator.py took 0.161 seconds
[2024-05-16T19:47:20.486+0000] {processor.py:161} INFO - Started process (PID=1847) to work on /home/airflow/.local/lib/python3.12/site-packages/airflow/example_dags/example_subdag_operator.py
[2024-05-16T19:47:20.487+0000] {processor.py:830} INFO - Processing file /home/airflow/.local/lib/python3.12/site-packages/airflow/example_dags/example_subdag_operator.py for tasks to queue
[2024-05-16T19:47:20.489+0000] {logging_mixin.py:188} INFO - [2024-05-16T19:47:20.489+0000] {dagbag.py:545} INFO - Filling up the DagBag from /home/airflow/.local/lib/python3.12/site-packages/airflow/example_dags/example_subdag_operator.py
[2024-05-16T19:47:20.525+0000] {processor.py:840} INFO - DAG(s) 'example_subdag_operator.section-1', 'example_subdag_operator.section-2', 'example_subdag_operator' retrieved from /home/airflow/.local/lib/python3.12/site-packages/airflow/example_dags/example_subdag_operator.py
[2024-05-16T19:47:20.558+0000] {logging_mixin.py:188} INFO - [2024-05-16T19:47:20.558+0000] {dag.py:3096} INFO - Sync 3 DAGs
[2024-05-16T19:47:20.592+0000] {logging_mixin.py:188} INFO - [2024-05-16T19:47:20.592+0000] {dag.py:3954} INFO - Setting next_dagrun for example_subdag_operator to 2022-01-01 00:00:00+00:00, run_after=2022-01-01 00:00:00+00:00
[2024-05-16T19:47:20.600+0000] {logging_mixin.py:188} INFO - [2024-05-16T19:47:20.600+0000] {dag.py:3954} INFO - Setting next_dagrun for example_subdag_operator.section-1 to None, run_after=None
[2024-05-16T19:47:20.603+0000] {logging_mixin.py:188} INFO - [2024-05-16T19:47:20.602+0000] {dag.py:3954} INFO - Setting next_dagrun for example_subdag_operator.section-2 to None, run_after=None
[2024-05-16T19:47:20.618+0000] {logging_mixin.py:188} INFO - [2024-05-16T19:47:20.618+0000] {dag.py:3096} INFO - Sync 2 DAGs
[2024-05-16T19:47:20.626+0000] {logging_mixin.py:188} INFO - [2024-05-16T19:47:20.625+0000] {dag.py:3954} INFO - Setting next_dagrun for example_subdag_operator.section-1 to None, run_after=None
[2024-05-16T19:47:20.626+0000] {logging_mixin.py:188} INFO - [2024-05-16T19:47:20.626+0000] {dag.py:3954} INFO - Setting next_dagrun for example_subdag_operator.section-2 to None, run_after=None
[2024-05-16T19:47:20.643+0000] {processor.py:183} INFO - Processing /home/airflow/.local/lib/python3.12/site-packages/airflow/example_dags/example_subdag_operator.py took 0.166 seconds
