[2024-05-16T19:44:14.994+0000] {processor.py:161} INFO - Started process (PID=224) to work on /home/airflow/.local/lib/python3.12/site-packages/airflow/example_dags/example_xcomargs.py
[2024-05-16T19:44:14.996+0000] {processor.py:830} INFO - Processing file /home/airflow/.local/lib/python3.12/site-packages/airflow/example_dags/example_xcomargs.py for tasks to queue
[2024-05-16T19:44:15.000+0000] {logging_mixin.py:188} INFO - [2024-05-16T19:44:14.999+0000] {dagbag.py:545} INFO - Filling up the DagBag from /home/airflow/.local/lib/python3.12/site-packages/airflow/example_dags/example_xcomargs.py
[2024-05-16T19:44:15.031+0000] {processor.py:840} INFO - DAG(s) 'example_xcom_args', 'example_xcom_args_with_operators' retrieved from /home/airflow/.local/lib/python3.12/site-packages/airflow/example_dags/example_xcomargs.py
[2024-05-16T19:44:15.284+0000] {logging_mixin.py:188} INFO - [2024-05-16T19:44:15.283+0000] {dag.py:3096} INFO - Sync 2 DAGs
[2024-05-16T19:44:15.301+0000] {logging_mixin.py:188} INFO - [2024-05-16T19:44:15.301+0000] {dag.py:3954} INFO - Setting next_dagrun for example_xcom_args to None, run_after=None
[2024-05-16T19:44:15.307+0000] {logging_mixin.py:188} INFO - [2024-05-16T19:44:15.307+0000] {dag.py:3954} INFO - Setting next_dagrun for example_xcom_args_with_operators to None, run_after=None
[2024-05-16T19:44:15.333+0000] {processor.py:183} INFO - Processing /home/airflow/.local/lib/python3.12/site-packages/airflow/example_dags/example_xcomargs.py took 0.356 seconds
[2024-05-16T19:44:45.585+0000] {processor.py:161} INFO - Started process (PID=485) to work on /home/airflow/.local/lib/python3.12/site-packages/airflow/example_dags/example_xcomargs.py
[2024-05-16T19:44:45.587+0000] {processor.py:830} INFO - Processing file /home/airflow/.local/lib/python3.12/site-packages/airflow/example_dags/example_xcomargs.py for tasks to queue
[2024-05-16T19:44:45.590+0000] {logging_mixin.py:188} INFO - [2024-05-16T19:44:45.589+0000] {dagbag.py:545} INFO - Filling up the DagBag from /home/airflow/.local/lib/python3.12/site-packages/airflow/example_dags/example_xcomargs.py
[2024-05-16T19:44:45.605+0000] {processor.py:840} INFO - DAG(s) 'example_xcom_args_with_operators', 'example_xcom_args' retrieved from /home/airflow/.local/lib/python3.12/site-packages/airflow/example_dags/example_xcomargs.py
[2024-05-16T19:44:45.646+0000] {logging_mixin.py:188} INFO - [2024-05-16T19:44:45.646+0000] {dag.py:3096} INFO - Sync 2 DAGs
[2024-05-16T19:44:45.670+0000] {logging_mixin.py:188} INFO - [2024-05-16T19:44:45.669+0000] {dag.py:3954} INFO - Setting next_dagrun for example_xcom_args to None, run_after=None
[2024-05-16T19:44:45.677+0000] {logging_mixin.py:188} INFO - [2024-05-16T19:44:45.676+0000] {dag.py:3954} INFO - Setting next_dagrun for example_xcom_args_with_operators to None, run_after=None
[2024-05-16T19:44:45.707+0000] {processor.py:183} INFO - Processing /home/airflow/.local/lib/python3.12/site-packages/airflow/example_dags/example_xcomargs.py took 0.136 seconds
[2024-05-16T19:45:16.470+0000] {processor.py:161} INFO - Started process (PID=748) to work on /home/airflow/.local/lib/python3.12/site-packages/airflow/example_dags/example_xcomargs.py
[2024-05-16T19:45:16.471+0000] {processor.py:830} INFO - Processing file /home/airflow/.local/lib/python3.12/site-packages/airflow/example_dags/example_xcomargs.py for tasks to queue
[2024-05-16T19:45:16.473+0000] {logging_mixin.py:188} INFO - [2024-05-16T19:45:16.473+0000] {dagbag.py:545} INFO - Filling up the DagBag from /home/airflow/.local/lib/python3.12/site-packages/airflow/example_dags/example_xcomargs.py
[2024-05-16T19:45:16.484+0000] {processor.py:840} INFO - DAG(s) 'example_xcom_args', 'example_xcom_args_with_operators' retrieved from /home/airflow/.local/lib/python3.12/site-packages/airflow/example_dags/example_xcomargs.py
[2024-05-16T19:45:16.515+0000] {logging_mixin.py:188} INFO - [2024-05-16T19:45:16.514+0000] {dag.py:3096} INFO - Sync 2 DAGs
[2024-05-16T19:45:16.531+0000] {logging_mixin.py:188} INFO - [2024-05-16T19:45:16.530+0000] {dag.py:3954} INFO - Setting next_dagrun for example_xcom_args to None, run_after=None
[2024-05-16T19:45:16.536+0000] {logging_mixin.py:188} INFO - [2024-05-16T19:45:16.535+0000] {dag.py:3954} INFO - Setting next_dagrun for example_xcom_args_with_operators to None, run_after=None
[2024-05-16T19:45:16.557+0000] {processor.py:183} INFO - Processing /home/airflow/.local/lib/python3.12/site-packages/airflow/example_dags/example_xcomargs.py took 0.092 seconds
[2024-05-16T19:45:47.402+0000] {processor.py:161} INFO - Started process (PID=1010) to work on /home/airflow/.local/lib/python3.12/site-packages/airflow/example_dags/example_xcomargs.py
[2024-05-16T19:45:47.404+0000] {processor.py:830} INFO - Processing file /home/airflow/.local/lib/python3.12/site-packages/airflow/example_dags/example_xcomargs.py for tasks to queue
[2024-05-16T19:45:47.406+0000] {logging_mixin.py:188} INFO - [2024-05-16T19:45:47.405+0000] {dagbag.py:545} INFO - Filling up the DagBag from /home/airflow/.local/lib/python3.12/site-packages/airflow/example_dags/example_xcomargs.py
[2024-05-16T19:45:47.416+0000] {processor.py:840} INFO - DAG(s) 'example_xcom_args_with_operators', 'example_xcom_args' retrieved from /home/airflow/.local/lib/python3.12/site-packages/airflow/example_dags/example_xcomargs.py
[2024-05-16T19:45:47.455+0000] {logging_mixin.py:188} INFO - [2024-05-16T19:45:47.455+0000] {dag.py:3096} INFO - Sync 2 DAGs
[2024-05-16T19:45:47.491+0000] {logging_mixin.py:188} INFO - [2024-05-16T19:45:47.491+0000] {dag.py:3954} INFO - Setting next_dagrun for example_xcom_args to None, run_after=None
[2024-05-16T19:45:47.497+0000] {logging_mixin.py:188} INFO - [2024-05-16T19:45:47.497+0000] {dag.py:3954} INFO - Setting next_dagrun for example_xcom_args_with_operators to None, run_after=None
[2024-05-16T19:45:47.540+0000] {processor.py:183} INFO - Processing /home/airflow/.local/lib/python3.12/site-packages/airflow/example_dags/example_xcomargs.py took 0.148 seconds
[2024-05-16T19:46:17.772+0000] {processor.py:161} INFO - Started process (PID=1272) to work on /home/airflow/.local/lib/python3.12/site-packages/airflow/example_dags/example_xcomargs.py
[2024-05-16T19:46:17.774+0000] {processor.py:830} INFO - Processing file /home/airflow/.local/lib/python3.12/site-packages/airflow/example_dags/example_xcomargs.py for tasks to queue
[2024-05-16T19:46:17.776+0000] {logging_mixin.py:188} INFO - [2024-05-16T19:46:17.776+0000] {dagbag.py:545} INFO - Filling up the DagBag from /home/airflow/.local/lib/python3.12/site-packages/airflow/example_dags/example_xcomargs.py
[2024-05-16T19:46:17.789+0000] {processor.py:840} INFO - DAG(s) 'example_xcom_args', 'example_xcom_args_with_operators' retrieved from /home/airflow/.local/lib/python3.12/site-packages/airflow/example_dags/example_xcomargs.py
[2024-05-16T19:46:17.829+0000] {logging_mixin.py:188} INFO - [2024-05-16T19:46:17.828+0000] {dag.py:3096} INFO - Sync 2 DAGs
[2024-05-16T19:46:17.850+0000] {logging_mixin.py:188} INFO - [2024-05-16T19:46:17.850+0000] {dag.py:3954} INFO - Setting next_dagrun for example_xcom_args to None, run_after=None
[2024-05-16T19:46:17.859+0000] {logging_mixin.py:188} INFO - [2024-05-16T19:46:17.858+0000] {dag.py:3954} INFO - Setting next_dagrun for example_xcom_args_with_operators to None, run_after=None
[2024-05-16T19:46:17.889+0000] {processor.py:183} INFO - Processing /home/airflow/.local/lib/python3.12/site-packages/airflow/example_dags/example_xcomargs.py took 0.127 seconds
[2024-05-16T19:46:48.529+0000] {processor.py:161} INFO - Started process (PID=1535) to work on /home/airflow/.local/lib/python3.12/site-packages/airflow/example_dags/example_xcomargs.py
[2024-05-16T19:46:48.530+0000] {processor.py:830} INFO - Processing file /home/airflow/.local/lib/python3.12/site-packages/airflow/example_dags/example_xcomargs.py for tasks to queue
[2024-05-16T19:46:48.532+0000] {logging_mixin.py:188} INFO - [2024-05-16T19:46:48.532+0000] {dagbag.py:545} INFO - Filling up the DagBag from /home/airflow/.local/lib/python3.12/site-packages/airflow/example_dags/example_xcomargs.py
[2024-05-16T19:46:48.542+0000] {processor.py:840} INFO - DAG(s) 'example_xcom_args', 'example_xcom_args_with_operators' retrieved from /home/airflow/.local/lib/python3.12/site-packages/airflow/example_dags/example_xcomargs.py
[2024-05-16T19:46:48.570+0000] {logging_mixin.py:188} INFO - [2024-05-16T19:46:48.569+0000] {dag.py:3096} INFO - Sync 2 DAGs
[2024-05-16T19:46:48.586+0000] {logging_mixin.py:188} INFO - [2024-05-16T19:46:48.586+0000] {dag.py:3954} INFO - Setting next_dagrun for example_xcom_args to None, run_after=None
[2024-05-16T19:46:48.591+0000] {logging_mixin.py:188} INFO - [2024-05-16T19:46:48.591+0000] {dag.py:3954} INFO - Setting next_dagrun for example_xcom_args_with_operators to None, run_after=None
[2024-05-16T19:46:48.612+0000] {processor.py:183} INFO - Processing /home/airflow/.local/lib/python3.12/site-packages/airflow/example_dags/example_xcomargs.py took 0.089 seconds
[2024-05-16T19:47:18.802+0000] {processor.py:161} INFO - Started process (PID=1797) to work on /home/airflow/.local/lib/python3.12/site-packages/airflow/example_dags/example_xcomargs.py
[2024-05-16T19:47:18.803+0000] {processor.py:830} INFO - Processing file /home/airflow/.local/lib/python3.12/site-packages/airflow/example_dags/example_xcomargs.py for tasks to queue
[2024-05-16T19:47:18.805+0000] {logging_mixin.py:188} INFO - [2024-05-16T19:47:18.805+0000] {dagbag.py:545} INFO - Filling up the DagBag from /home/airflow/.local/lib/python3.12/site-packages/airflow/example_dags/example_xcomargs.py
[2024-05-16T19:47:18.814+0000] {processor.py:840} INFO - DAG(s) 'example_xcom_args_with_operators', 'example_xcom_args' retrieved from /home/airflow/.local/lib/python3.12/site-packages/airflow/example_dags/example_xcomargs.py
[2024-05-16T19:47:18.844+0000] {logging_mixin.py:188} INFO - [2024-05-16T19:47:18.844+0000] {dag.py:3096} INFO - Sync 2 DAGs
[2024-05-16T19:47:18.861+0000] {logging_mixin.py:188} INFO - [2024-05-16T19:47:18.861+0000] {dag.py:3954} INFO - Setting next_dagrun for example_xcom_args to None, run_after=None
[2024-05-16T19:47:18.868+0000] {logging_mixin.py:188} INFO - [2024-05-16T19:47:18.867+0000] {dag.py:3954} INFO - Setting next_dagrun for example_xcom_args_with_operators to None, run_after=None
[2024-05-16T19:47:18.891+0000] {processor.py:183} INFO - Processing /home/airflow/.local/lib/python3.12/site-packages/airflow/example_dags/example_xcomargs.py took 0.095 seconds
