[2024-05-16T19:44:13.311+0000] {processor.py:161} INFO - Started process (PID=196) to work on /home/airflow/.local/lib/python3.12/site-packages/airflow/example_dags/tutorial_objectstorage.py
[2024-05-16T19:44:13.314+0000] {processor.py:830} INFO - Processing file /home/airflow/.local/lib/python3.12/site-packages/airflow/example_dags/tutorial_objectstorage.py for tasks to queue
[2024-05-16T19:44:13.318+0000] {logging_mixin.py:188} INFO - [2024-05-16T19:44:13.317+0000] {dagbag.py:545} INFO - Filling up the DagBag from /home/airflow/.local/lib/python3.12/site-packages/airflow/example_dags/tutorial_objectstorage.py
[2024-05-16T19:44:13.361+0000] {processor.py:840} INFO - DAG(s) 'tutorial_objectstorage' retrieved from /home/airflow/.local/lib/python3.12/site-packages/airflow/example_dags/tutorial_objectstorage.py
[2024-05-16T19:44:13.749+0000] {logging_mixin.py:188} INFO - [2024-05-16T19:44:13.748+0000] {dag.py:3096} INFO - Sync 1 DAGs
[2024-05-16T19:44:13.784+0000] {logging_mixin.py:188} INFO - [2024-05-16T19:44:13.783+0000] {dag.py:3954} INFO - Setting next_dagrun for tutorial_objectstorage to None, run_after=None
[2024-05-16T19:44:13.826+0000] {processor.py:183} INFO - Processing /home/airflow/.local/lib/python3.12/site-packages/airflow/example_dags/tutorial_objectstorage.py took 0.535 seconds
[2024-05-16T19:44:43.901+0000] {processor.py:161} INFO - Started process (PID=455) to work on /home/airflow/.local/lib/python3.12/site-packages/airflow/example_dags/tutorial_objectstorage.py
[2024-05-16T19:44:43.902+0000] {processor.py:830} INFO - Processing file /home/airflow/.local/lib/python3.12/site-packages/airflow/example_dags/tutorial_objectstorage.py for tasks to queue
[2024-05-16T19:44:43.905+0000] {logging_mixin.py:188} INFO - [2024-05-16T19:44:43.904+0000] {dagbag.py:545} INFO - Filling up the DagBag from /home/airflow/.local/lib/python3.12/site-packages/airflow/example_dags/tutorial_objectstorage.py
[2024-05-16T19:44:43.915+0000] {processor.py:840} INFO - DAG(s) 'tutorial_objectstorage' retrieved from /home/airflow/.local/lib/python3.12/site-packages/airflow/example_dags/tutorial_objectstorage.py
[2024-05-16T19:44:43.961+0000] {logging_mixin.py:188} INFO - [2024-05-16T19:44:43.960+0000] {dag.py:3096} INFO - Sync 1 DAGs
[2024-05-16T19:44:43.989+0000] {logging_mixin.py:188} INFO - [2024-05-16T19:44:43.989+0000] {dag.py:3954} INFO - Setting next_dagrun for tutorial_objectstorage to None, run_after=None
[2024-05-16T19:44:44.024+0000] {processor.py:183} INFO - Processing /home/airflow/.local/lib/python3.12/site-packages/airflow/example_dags/tutorial_objectstorage.py took 0.131 seconds
[2024-05-16T19:45:15.035+0000] {processor.py:161} INFO - Started process (PID=718) to work on /home/airflow/.local/lib/python3.12/site-packages/airflow/example_dags/tutorial_objectstorage.py
[2024-05-16T19:45:15.037+0000] {processor.py:830} INFO - Processing file /home/airflow/.local/lib/python3.12/site-packages/airflow/example_dags/tutorial_objectstorage.py for tasks to queue
[2024-05-16T19:45:15.039+0000] {logging_mixin.py:188} INFO - [2024-05-16T19:45:15.038+0000] {dagbag.py:545} INFO - Filling up the DagBag from /home/airflow/.local/lib/python3.12/site-packages/airflow/example_dags/tutorial_objectstorage.py
[2024-05-16T19:45:15.047+0000] {processor.py:840} INFO - DAG(s) 'tutorial_objectstorage' retrieved from /home/airflow/.local/lib/python3.12/site-packages/airflow/example_dags/tutorial_objectstorage.py
[2024-05-16T19:45:15.069+0000] {logging_mixin.py:188} INFO - [2024-05-16T19:45:15.069+0000] {dag.py:3096} INFO - Sync 1 DAGs
[2024-05-16T19:45:15.082+0000] {logging_mixin.py:188} INFO - [2024-05-16T19:45:15.081+0000] {dag.py:3954} INFO - Setting next_dagrun for tutorial_objectstorage to None, run_after=None
[2024-05-16T19:45:15.102+0000] {processor.py:183} INFO - Processing /home/airflow/.local/lib/python3.12/site-packages/airflow/example_dags/tutorial_objectstorage.py took 0.074 seconds
[2024-05-16T19:45:45.883+0000] {processor.py:161} INFO - Started process (PID=980) to work on /home/airflow/.local/lib/python3.12/site-packages/airflow/example_dags/tutorial_objectstorage.py
[2024-05-16T19:45:45.885+0000] {processor.py:830} INFO - Processing file /home/airflow/.local/lib/python3.12/site-packages/airflow/example_dags/tutorial_objectstorage.py for tasks to queue
[2024-05-16T19:45:45.887+0000] {logging_mixin.py:188} INFO - [2024-05-16T19:45:45.887+0000] {dagbag.py:545} INFO - Filling up the DagBag from /home/airflow/.local/lib/python3.12/site-packages/airflow/example_dags/tutorial_objectstorage.py
[2024-05-16T19:45:45.894+0000] {processor.py:840} INFO - DAG(s) 'tutorial_objectstorage' retrieved from /home/airflow/.local/lib/python3.12/site-packages/airflow/example_dags/tutorial_objectstorage.py
[2024-05-16T19:45:45.918+0000] {logging_mixin.py:188} INFO - [2024-05-16T19:45:45.917+0000] {dag.py:3096} INFO - Sync 1 DAGs
[2024-05-16T19:45:45.931+0000] {logging_mixin.py:188} INFO - [2024-05-16T19:45:45.931+0000] {dag.py:3954} INFO - Setting next_dagrun for tutorial_objectstorage to None, run_after=None
[2024-05-16T19:45:45.958+0000] {processor.py:183} INFO - Processing /home/airflow/.local/lib/python3.12/site-packages/airflow/example_dags/tutorial_objectstorage.py took 0.081 seconds
[2024-05-16T19:46:16.055+0000] {processor.py:161} INFO - Started process (PID=1242) to work on /home/airflow/.local/lib/python3.12/site-packages/airflow/example_dags/tutorial_objectstorage.py
[2024-05-16T19:46:16.057+0000] {processor.py:830} INFO - Processing file /home/airflow/.local/lib/python3.12/site-packages/airflow/example_dags/tutorial_objectstorage.py for tasks to queue
[2024-05-16T19:46:16.059+0000] {logging_mixin.py:188} INFO - [2024-05-16T19:46:16.059+0000] {dagbag.py:545} INFO - Filling up the DagBag from /home/airflow/.local/lib/python3.12/site-packages/airflow/example_dags/tutorial_objectstorage.py
[2024-05-16T19:46:16.067+0000] {processor.py:840} INFO - DAG(s) 'tutorial_objectstorage' retrieved from /home/airflow/.local/lib/python3.12/site-packages/airflow/example_dags/tutorial_objectstorage.py
[2024-05-16T19:46:16.100+0000] {logging_mixin.py:188} INFO - [2024-05-16T19:46:16.100+0000] {dag.py:3096} INFO - Sync 1 DAGs
[2024-05-16T19:46:16.122+0000] {logging_mixin.py:188} INFO - [2024-05-16T19:46:16.122+0000] {dag.py:3954} INFO - Setting next_dagrun for tutorial_objectstorage to None, run_after=None
[2024-05-16T19:46:16.151+0000] {processor.py:183} INFO - Processing /home/airflow/.local/lib/python3.12/site-packages/airflow/example_dags/tutorial_objectstorage.py took 0.104 seconds
[2024-05-16T19:46:47.057+0000] {processor.py:161} INFO - Started process (PID=1505) to work on /home/airflow/.local/lib/python3.12/site-packages/airflow/example_dags/tutorial_objectstorage.py
[2024-05-16T19:46:47.058+0000] {processor.py:830} INFO - Processing file /home/airflow/.local/lib/python3.12/site-packages/airflow/example_dags/tutorial_objectstorage.py for tasks to queue
[2024-05-16T19:46:47.060+0000] {logging_mixin.py:188} INFO - [2024-05-16T19:46:47.060+0000] {dagbag.py:545} INFO - Filling up the DagBag from /home/airflow/.local/lib/python3.12/site-packages/airflow/example_dags/tutorial_objectstorage.py
[2024-05-16T19:46:47.069+0000] {processor.py:840} INFO - DAG(s) 'tutorial_objectstorage' retrieved from /home/airflow/.local/lib/python3.12/site-packages/airflow/example_dags/tutorial_objectstorage.py
[2024-05-16T19:46:47.094+0000] {logging_mixin.py:188} INFO - [2024-05-16T19:46:47.094+0000] {dag.py:3096} INFO - Sync 1 DAGs
[2024-05-16T19:46:47.114+0000] {logging_mixin.py:188} INFO - [2024-05-16T19:46:47.114+0000] {dag.py:3954} INFO - Setting next_dagrun for tutorial_objectstorage to None, run_after=None
[2024-05-16T19:46:47.146+0000] {processor.py:183} INFO - Processing /home/airflow/.local/lib/python3.12/site-packages/airflow/example_dags/tutorial_objectstorage.py took 0.099 seconds
[2024-05-16T19:47:17.212+0000] {processor.py:161} INFO - Started process (PID=1767) to work on /home/airflow/.local/lib/python3.12/site-packages/airflow/example_dags/tutorial_objectstorage.py
[2024-05-16T19:47:17.213+0000] {processor.py:830} INFO - Processing file /home/airflow/.local/lib/python3.12/site-packages/airflow/example_dags/tutorial_objectstorage.py for tasks to queue
[2024-05-16T19:47:17.214+0000] {logging_mixin.py:188} INFO - [2024-05-16T19:47:17.214+0000] {dagbag.py:545} INFO - Filling up the DagBag from /home/airflow/.local/lib/python3.12/site-packages/airflow/example_dags/tutorial_objectstorage.py
[2024-05-16T19:47:17.221+0000] {processor.py:840} INFO - DAG(s) 'tutorial_objectstorage' retrieved from /home/airflow/.local/lib/python3.12/site-packages/airflow/example_dags/tutorial_objectstorage.py
[2024-05-16T19:47:17.241+0000] {logging_mixin.py:188} INFO - [2024-05-16T19:47:17.240+0000] {dag.py:3096} INFO - Sync 1 DAGs
[2024-05-16T19:47:17.253+0000] {logging_mixin.py:188} INFO - [2024-05-16T19:47:17.253+0000] {dag.py:3954} INFO - Setting next_dagrun for tutorial_objectstorage to None, run_after=None
[2024-05-16T19:47:17.275+0000] {processor.py:183} INFO - Processing /home/airflow/.local/lib/python3.12/site-packages/airflow/example_dags/tutorial_objectstorage.py took 0.069 seconds
