[2024-05-18T02:28:33.333+0000] {local_task_job_runner.py:120} INFO - ::group::Pre task execution logs
[2024-05-18T02:28:33.486+0000] {taskinstance.py:2076} INFO - Dependencies all met for dep_context=non-requeueable deps ti=<TaskInstance: data_ingestion_pipelines_2.save_data_errors scheduled__2024-05-17T00:00:00+00:00 [queued]>
[2024-05-18T02:28:33.529+0000] {taskinstance.py:2076} INFO - Dependencies all met for dep_context=requeueable deps ti=<TaskInstance: data_ingestion_pipelines_2.save_data_errors scheduled__2024-05-17T00:00:00+00:00 [queued]>
[2024-05-18T02:28:33.534+0000] {taskinstance.py:2306} INFO - Starting attempt 11 of 11
[2024-05-18T02:28:33.575+0000] {taskinstance.py:2330} INFO - Executing <Task(PythonOperator): save_data_errors> on 2024-05-17 00:00:00+00:00
[2024-05-18T02:28:33.594+0000] {warnings.py:110} WARNING - /home/***/.local/lib/python3.12/site-packages/***/task/task_runner/standard_task_runner.py:61: DeprecationWarning: This process (pid=3328) is multi-threaded, use of fork() may lead to deadlocks in the child.
  pid = os.fork()

[2024-05-18T02:28:33.601+0000] {standard_task_runner.py:63} INFO - Started process 3377 to run task
[2024-05-18T02:28:33.599+0000] {standard_task_runner.py:90} INFO - Running: ['***', 'tasks', 'run', 'data_ingestion_pipelines_2', 'save_data_errors', 'scheduled__2024-05-17T00:00:00+00:00', '--job-id', '204', '--raw', '--subdir', 'DAGS_FOLDER/data-ingestion-dag.py', '--cfg-path', '/tmp/tmp4plgf52j']
[2024-05-18T02:28:33.603+0000] {standard_task_runner.py:91} INFO - Job 204: Subtask save_data_errors
[2024-05-18T02:28:33.728+0000] {task_command.py:426} INFO - Running <TaskInstance: data_ingestion_pipelines_2.save_data_errors scheduled__2024-05-17T00:00:00+00:00 [running]> on host 5ee845ef4e45
[2024-05-18T02:28:34.035+0000] {taskinstance.py:2648} INFO - Exporting env vars: AIRFLOW_CTX_DAG_OWNER='***' AIRFLOW_CTX_DAG_ID='data_ingestion_pipelines_2' AIRFLOW_CTX_TASK_ID='save_data_errors' AIRFLOW_CTX_EXECUTION_DATE='2024-05-17T00:00:00+00:00' AIRFLOW_CTX_TRY_NUMBER='11' AIRFLOW_CTX_DAG_RUN_ID='scheduled__2024-05-17T00:00:00+00:00'
[2024-05-18T02:28:34.037+0000] {taskinstance.py:430} INFO - ::endgroup::
[2024-05-18T02:28:34.080+0000] {warnings.py:110} WARNING - /opt/***/dags/data-ingestion-dag.py:294: DeprecationWarning: There is no current event loop
  loop = asyncio.get_event_loop()

[2024-05-18T02:28:34.409+0000] {logging_mixin.py:188} INFO - Database 'postgres' already exists.
[2024-05-18T02:28:34.428+0000] {logging_mixin.py:188} INFO - Create table result: CREATE TABLE
[2024-05-18T02:28:34.541+0000] {logging_mixin.py:188} INFO - An error occurred: string indices must be integers, not 'str'
[2024-05-18T02:28:34.557+0000] {python.py:237} INFO - Done. Returned value was: None
[2024-05-18T02:28:34.567+0000] {taskinstance.py:441} INFO - ::group::Post task execution logs
[2024-05-18T02:28:34.620+0000] {taskinstance.py:1206} INFO - Marking task as SUCCESS. dag_id=data_ingestion_pipelines_2, task_id=save_data_errors, run_id=scheduled__2024-05-17T00:00:00+00:00, execution_date=20240517T000000, start_date=20240518T022833, end_date=20240518T022834
[2024-05-18T02:28:34.711+0000] {local_task_job_runner.py:240} INFO - Task exited with return code 0
[2024-05-18T02:28:34.764+0000] {taskinstance.py:3498} INFO - 0 downstream tasks scheduled from follow-on schedule check
[2024-05-18T02:28:34.769+0000] {local_task_job_runner.py:222} INFO - ::endgroup::
