[2024-05-18T02:40:27.380+0000] {local_task_job_runner.py:120} INFO - ::group::Pre task execution logs
[2024-05-18T02:40:27.444+0000] {taskinstance.py:2076} INFO - Dependencies all met for dep_context=non-requeueable deps ti=<TaskInstance: data_ingestion_pipelines_2.save_data_errors scheduled__2024-05-17T00:00:00+00:00 [queued]>
[2024-05-18T02:40:27.463+0000] {taskinstance.py:2076} INFO - Dependencies all met for dep_context=requeueable deps ti=<TaskInstance: data_ingestion_pipelines_2.save_data_errors scheduled__2024-05-17T00:00:00+00:00 [queued]>
[2024-05-18T02:40:27.465+0000] {taskinstance.py:2306} INFO - Starting attempt 16 of 16
[2024-05-18T02:40:27.489+0000] {taskinstance.py:2330} INFO - Executing <Task(PythonOperator): save_data_errors> on 2024-05-17 00:00:00+00:00
[2024-05-18T02:40:27.501+0000] {warnings.py:110} WARNING - /home/***/.local/lib/python3.12/site-packages/***/task/task_runner/standard_task_runner.py:61: DeprecationWarning: This process (pid=4297) is multi-threaded, use of fork() may lead to deadlocks in the child.
  pid = os.fork()

[2024-05-18T02:40:27.504+0000] {standard_task_runner.py:63} INFO - Started process 4336 to run task
[2024-05-18T02:40:27.504+0000] {standard_task_runner.py:90} INFO - Running: ['***', 'tasks', 'run', 'data_ingestion_pipelines_2', 'save_data_errors', 'scheduled__2024-05-17T00:00:00+00:00', '--job-id', '224', '--raw', '--subdir', 'DAGS_FOLDER/data-ingestion-dag.py', '--cfg-path', '/tmp/tmp9oxey783']
[2024-05-18T02:40:27.507+0000] {standard_task_runner.py:91} INFO - Job 224: Subtask save_data_errors
[2024-05-18T02:40:27.586+0000] {task_command.py:426} INFO - Running <TaskInstance: data_ingestion_pipelines_2.save_data_errors scheduled__2024-05-17T00:00:00+00:00 [running]> on host 5ee845ef4e45
[2024-05-18T02:40:27.711+0000] {taskinstance.py:2648} INFO - Exporting env vars: AIRFLOW_CTX_DAG_OWNER='***' AIRFLOW_CTX_DAG_ID='data_ingestion_pipelines_2' AIRFLOW_CTX_TASK_ID='save_data_errors' AIRFLOW_CTX_EXECUTION_DATE='2024-05-17T00:00:00+00:00' AIRFLOW_CTX_TRY_NUMBER='16' AIRFLOW_CTX_DAG_RUN_ID='scheduled__2024-05-17T00:00:00+00:00'
[2024-05-18T02:40:27.712+0000] {taskinstance.py:430} INFO - ::endgroup::
[2024-05-18T02:40:27.734+0000] {warnings.py:110} WARNING - /opt/***/dags/data-ingestion-dag.py:317: DeprecationWarning: There is no current event loop
  loop = asyncio.get_event_loop()

[2024-05-18T02:40:27.736+0000] {logging_mixin.py:188} INFO - Error connecting to the database: name 'DB_PORT' is not defined
[2024-05-18T02:40:27.737+0000] {taskinstance.py:441} INFO - ::group::Post task execution logs
[2024-05-18T02:40:27.738+0000] {taskinstance.py:2905} ERROR - Task failed with exception
Traceback (most recent call last):
  File "/home/airflow/.local/lib/python3.12/site-packages/airflow/models/taskinstance.py", line 465, in _execute_task
    result = _execute_callable(context=context, **execute_callable_kwargs)
             ^^^^^^^^^^^^^^^^^^^^^^^^^^^^^^^^^^^^^^^^^^^^^^^^^^^^^^^^^^^^^
  File "/home/airflow/.local/lib/python3.12/site-packages/airflow/models/taskinstance.py", line 432, in _execute_callable
    return execute_callable(context=context, **execute_callable_kwargs)
           ^^^^^^^^^^^^^^^^^^^^^^^^^^^^^^^^^^^^^^^^^^^^^^^^^^^^^^^^^^^^
  File "/home/airflow/.local/lib/python3.12/site-packages/airflow/models/baseoperator.py", line 400, in wrapper
    return func(self, *args, **kwargs)
           ^^^^^^^^^^^^^^^^^^^^^^^^^^^
  File "/home/airflow/.local/lib/python3.12/site-packages/airflow/operators/python.py", line 235, in execute
    return_value = self.execute_callable()
                   ^^^^^^^^^^^^^^^^^^^^^^^
  File "/home/airflow/.local/lib/python3.12/site-packages/airflow/operators/python.py", line 252, in execute_callable
    return self.python_callable(*self.op_args, **self.op_kwargs)
           ^^^^^^^^^^^^^^^^^^^^^^^^^^^^^^^^^^^^^^^^^^^^^^^^^^^^^
  File "/opt/airflow/dags/data-ingestion-dag.py", line 318, in save_data_errors
    loop.run_until_complete(save_data_errors_async(kwargs['ti']))
  File "/usr/local/lib/python3.12/asyncio/base_events.py", line 687, in run_until_complete
    return future.result()
           ^^^^^^^^^^^^^^^
  File "/opt/airflow/dags/data-ingestion-dag.py", line 242, in save_data_errors_async
    conn = await create_db_connection()
           ^^^^^^^^^^^^^^^^^^^^^^^^^^^^
  File "/opt/airflow/dags/data-ingestion-dag.py", line 229, in create_db_connection
    port=DB_PORT
         ^^^^^^^
NameError: name 'DB_PORT' is not defined. Did you mean: 'DB_HOST'?
[2024-05-18T02:40:27.754+0000] {taskinstance.py:1206} INFO - Marking task as FAILED. dag_id=data_ingestion_pipelines_2, task_id=save_data_errors, run_id=scheduled__2024-05-17T00:00:00+00:00, execution_date=20240517T000000, start_date=20240518T024027, end_date=20240518T024027
[2024-05-18T02:40:27.770+0000] {standard_task_runner.py:110} ERROR - Failed to execute job 224 for task save_data_errors (name 'DB_PORT' is not defined; 4336)
[2024-05-18T02:40:27.800+0000] {local_task_job_runner.py:240} INFO - Task exited with return code 1
[2024-05-18T02:40:27.827+0000] {taskinstance.py:3498} INFO - 0 downstream tasks scheduled from follow-on schedule check
[2024-05-18T02:40:27.831+0000] {local_task_job_runner.py:222} INFO - ::endgroup::
