[2024-05-17T12:06:31.808+0000] {local_task_job_runner.py:120} INFO - ::group::Pre task execution logs
[2024-05-17T12:06:31.858+0000] {taskinstance.py:2076} INFO - Dependencies all met for dep_context=non-requeueable deps ti=<TaskInstance: data_ingestion_pipelines_2.read_data manual__2024-05-17T12:06:23.700839+00:00 [queued]>
[2024-05-17T12:06:31.871+0000] {taskinstance.py:2076} INFO - Dependencies all met for dep_context=requeueable deps ti=<TaskInstance: data_ingestion_pipelines_2.read_data manual__2024-05-17T12:06:23.700839+00:00 [queued]>
[2024-05-17T12:06:31.873+0000] {taskinstance.py:2306} INFO - Starting attempt 1 of 1
[2024-05-17T12:06:31.898+0000] {taskinstance.py:2330} INFO - Executing <Task(PythonOperator): read_data> on 2024-05-17 12:06:23.700839+00:00
[2024-05-17T12:06:31.908+0000] {warnings.py:110} WARNING - /home/***/.local/lib/python3.12/site-packages/***/task/task_runner/standard_task_runner.py:61: DeprecationWarning: This process (pid=267) is multi-threaded, use of fork() may lead to deadlocks in the child.
  pid = os.fork()

[2024-05-17T12:06:31.911+0000] {standard_task_runner.py:63} INFO - Started process 294 to run task
[2024-05-17T12:06:31.911+0000] {standard_task_runner.py:90} INFO - Running: ['***', 'tasks', 'run', 'data_ingestion_pipelines_2', 'read_data', 'manual__2024-05-17T12:06:23.700839+00:00', '--job-id', '4', '--raw', '--subdir', 'DAGS_FOLDER/data-ingestion-dag.py', '--cfg-path', '/tmp/tmp5qfzhf3s']
[2024-05-17T12:06:31.913+0000] {standard_task_runner.py:91} INFO - Job 4: Subtask read_data
[2024-05-17T12:06:31.990+0000] {task_command.py:426} INFO - Running <TaskInstance: data_ingestion_pipelines_2.read_data manual__2024-05-17T12:06:23.700839+00:00 [running]> on host baf2bcf863ea
[2024-05-17T12:06:32.130+0000] {taskinstance.py:2648} INFO - Exporting env vars: AIRFLOW_CTX_DAG_OWNER='***' AIRFLOW_CTX_DAG_ID='data_ingestion_pipelines_2' AIRFLOW_CTX_TASK_ID='read_data' AIRFLOW_CTX_EXECUTION_DATE='2024-05-17T12:06:23.700839+00:00' AIRFLOW_CTX_TRY_NUMBER='1' AIRFLOW_CTX_DAG_RUN_ID='manual__2024-05-17T12:06:23.700839+00:00'
[2024-05-17T12:06:32.131+0000] {taskinstance.py:430} INFO - ::endgroup::
[2024-05-17T12:06:32.156+0000] {logging_mixin.py:188} INFO - file_path in read_data is  /opt/***/dags/raw-data/data_part_9.csv
[2024-05-17T12:06:32.174+0000] {python.py:237} INFO - Done. Returned value was: None
[2024-05-17T12:06:32.175+0000] {taskinstance.py:441} INFO - ::group::Post task execution logs
[2024-05-17T12:06:32.188+0000] {taskinstance.py:1206} INFO - Marking task as SUCCESS. dag_id=data_ingestion_pipelines_2, task_id=read_data, run_id=manual__2024-05-17T12:06:23.700839+00:00, execution_date=20240517T120623, start_date=20240517T120631, end_date=20240517T120632
[2024-05-17T12:06:32.248+0000] {local_task_job_runner.py:240} INFO - Task exited with return code 0
[2024-05-17T12:06:32.288+0000] {taskinstance.py:3498} INFO - 1 downstream tasks scheduled from follow-on schedule check
[2024-05-17T12:06:32.291+0000] {local_task_job_runner.py:222} INFO - ::endgroup::
