[2024-05-17T00:00:30.123+0000] {processor.py:161} INFO - Started process (PID=2940) to work on /opt/airflow/dags/first_dag.py
[2024-05-17T00:00:30.125+0000] {processor.py:830} INFO - Processing file /opt/airflow/dags/first_dag.py for tasks to queue
[2024-05-17T00:00:30.128+0000] {logging_mixin.py:188} INFO - [2024-05-17T00:00:30.127+0000] {dagbag.py:545} INFO - Filling up the DagBag from /opt/airflow/dags/first_dag.py
[2024-05-17T00:00:35.210+0000] {logging_mixin.py:188} INFO - [2024-05-17T00:00:35.210+0000] {warnings.py:110} WARNING - /opt/airflow/dags/first_dag.py:56: RemovedInAirflow3Warning: Param `schedule_interval` is deprecated and will be removed in a future release. Please use `schedule` instead. 
  with DAG(
[2024-05-17T00:00:35.220+0000] {processor.py:840} INFO - DAG(s) 'data_ingestion' retrieved from /opt/airflow/dags/first_dag.py
[2024-05-17T00:00:35.247+0000] {logging_mixin.py:188} INFO - [2024-05-17T00:00:35.246+0000] {dag.py:3096} INFO - Sync 1 DAGs
[2024-05-17T00:00:35.274+0000] {logging_mixin.py:188} INFO - [2024-05-17T00:00:35.274+0000] {dag.py:3954} INFO - Setting next_dagrun for data_ingestion to 2024-05-16 23:59:00+00:00, run_after=2024-05-17 00:00:00+00:00
[2024-05-17T00:00:35.305+0000] {processor.py:183} INFO - Processing /opt/airflow/dags/first_dag.py took 5.190 seconds
[2024-05-17T00:01:05.566+0000] {processor.py:161} INFO - Started process (PID=2974) to work on /opt/airflow/dags/first_dag.py
[2024-05-17T00:01:05.568+0000] {processor.py:830} INFO - Processing file /opt/airflow/dags/first_dag.py for tasks to queue
[2024-05-17T00:01:05.571+0000] {logging_mixin.py:188} INFO - [2024-05-17T00:01:05.570+0000] {dagbag.py:545} INFO - Filling up the DagBag from /opt/airflow/dags/first_dag.py
[2024-05-17T00:01:11.171+0000] {logging_mixin.py:188} INFO - [2024-05-17T00:01:11.171+0000] {warnings.py:110} WARNING - /opt/airflow/dags/first_dag.py:56: RemovedInAirflow3Warning: Param `schedule_interval` is deprecated and will be removed in a future release. Please use `schedule` instead. 
  with DAG(
[2024-05-17T00:01:11.178+0000] {processor.py:840} INFO - DAG(s) 'data_ingestion' retrieved from /opt/airflow/dags/first_dag.py
[2024-05-17T00:01:11.206+0000] {logging_mixin.py:188} INFO - [2024-05-17T00:01:11.206+0000] {dag.py:3096} INFO - Sync 1 DAGs
[2024-05-17T00:01:11.235+0000] {logging_mixin.py:188} INFO - [2024-05-17T00:01:11.235+0000] {dag.py:3954} INFO - Setting next_dagrun for data_ingestion to 2024-05-17 00:00:00+00:00, run_after=2024-05-17 00:01:00+00:00
[2024-05-17T00:01:11.264+0000] {processor.py:183} INFO - Processing /opt/airflow/dags/first_dag.py took 5.715 seconds
[2024-05-17T00:01:41.346+0000] {processor.py:161} INFO - Started process (PID=3008) to work on /opt/airflow/dags/first_dag.py
[2024-05-17T00:01:41.347+0000] {processor.py:830} INFO - Processing file /opt/airflow/dags/first_dag.py for tasks to queue
[2024-05-17T00:01:41.349+0000] {logging_mixin.py:188} INFO - [2024-05-17T00:01:41.348+0000] {dagbag.py:545} INFO - Filling up the DagBag from /opt/airflow/dags/first_dag.py
[2024-05-17T00:01:46.341+0000] {logging_mixin.py:188} INFO - [2024-05-17T00:01:46.341+0000] {warnings.py:110} WARNING - /opt/airflow/dags/first_dag.py:56: RemovedInAirflow3Warning: Param `schedule_interval` is deprecated and will be removed in a future release. Please use `schedule` instead. 
  with DAG(
[2024-05-17T00:01:46.347+0000] {processor.py:840} INFO - DAG(s) 'data_ingestion' retrieved from /opt/airflow/dags/first_dag.py
[2024-05-17T00:01:46.372+0000] {logging_mixin.py:188} INFO - [2024-05-17T00:01:46.372+0000] {dag.py:3096} INFO - Sync 1 DAGs
[2024-05-17T00:01:46.394+0000] {logging_mixin.py:188} INFO - [2024-05-17T00:01:46.393+0000] {dag.py:3954} INFO - Setting next_dagrun for data_ingestion to 2024-05-17 00:00:00+00:00, run_after=2024-05-17 00:01:00+00:00
[2024-05-17T00:01:46.416+0000] {processor.py:183} INFO - Processing /opt/airflow/dags/first_dag.py took 5.081 seconds
[2024-05-17T00:02:16.907+0000] {processor.py:161} INFO - Started process (PID=3058) to work on /opt/airflow/dags/first_dag.py
[2024-05-17T00:02:16.909+0000] {processor.py:830} INFO - Processing file /opt/airflow/dags/first_dag.py for tasks to queue
[2024-05-17T00:02:16.910+0000] {logging_mixin.py:188} INFO - [2024-05-17T00:02:16.910+0000] {dagbag.py:545} INFO - Filling up the DagBag from /opt/airflow/dags/first_dag.py
[2024-05-17T00:02:21.868+0000] {logging_mixin.py:188} INFO - [2024-05-17T00:02:21.868+0000] {warnings.py:110} WARNING - /opt/airflow/dags/first_dag.py:56: RemovedInAirflow3Warning: Param `schedule_interval` is deprecated and will be removed in a future release. Please use `schedule` instead. 
  with DAG(
[2024-05-17T00:02:21.878+0000] {processor.py:840} INFO - DAG(s) 'data_ingestion' retrieved from /opt/airflow/dags/first_dag.py
[2024-05-17T00:02:21.910+0000] {logging_mixin.py:188} INFO - [2024-05-17T00:02:21.909+0000] {dag.py:3096} INFO - Sync 1 DAGs
[2024-05-17T00:02:21.934+0000] {logging_mixin.py:188} INFO - [2024-05-17T00:02:21.934+0000] {dag.py:3954} INFO - Setting next_dagrun for data_ingestion to 2024-05-17 00:01:00+00:00, run_after=2024-05-17 00:02:00+00:00
[2024-05-17T00:02:21.961+0000] {processor.py:183} INFO - Processing /opt/airflow/dags/first_dag.py took 5.068 seconds
[2024-05-17T00:02:52.296+0000] {processor.py:161} INFO - Started process (PID=3109) to work on /opt/airflow/dags/first_dag.py
[2024-05-17T00:02:52.297+0000] {processor.py:830} INFO - Processing file /opt/airflow/dags/first_dag.py for tasks to queue
[2024-05-17T00:02:52.299+0000] {logging_mixin.py:188} INFO - [2024-05-17T00:02:52.299+0000] {dagbag.py:545} INFO - Filling up the DagBag from /opt/airflow/dags/first_dag.py
[2024-05-17T00:02:56.510+0000] {logging_mixin.py:188} INFO - [2024-05-17T00:02:56.510+0000] {warnings.py:110} WARNING - /opt/airflow/dags/first_dag.py:56: RemovedInAirflow3Warning: Param `schedule_interval` is deprecated and will be removed in a future release. Please use `schedule` instead. 
  with DAG(
[2024-05-17T00:02:56.516+0000] {processor.py:840} INFO - DAG(s) 'data_ingestion' retrieved from /opt/airflow/dags/first_dag.py
[2024-05-17T00:02:56.541+0000] {logging_mixin.py:188} INFO - [2024-05-17T00:02:56.541+0000] {dag.py:3096} INFO - Sync 1 DAGs
[2024-05-17T00:02:56.563+0000] {logging_mixin.py:188} INFO - [2024-05-17T00:02:56.563+0000] {dag.py:3954} INFO - Setting next_dagrun for data_ingestion to 2024-05-17 00:01:00+00:00, run_after=2024-05-17 00:02:00+00:00
[2024-05-17T00:02:56.589+0000] {processor.py:183} INFO - Processing /opt/airflow/dags/first_dag.py took 4.301 seconds
[2024-05-17T00:03:27.071+0000] {processor.py:161} INFO - Started process (PID=3143) to work on /opt/airflow/dags/first_dag.py
[2024-05-17T00:03:27.073+0000] {processor.py:830} INFO - Processing file /opt/airflow/dags/first_dag.py for tasks to queue
[2024-05-17T00:03:27.075+0000] {logging_mixin.py:188} INFO - [2024-05-17T00:03:27.074+0000] {dagbag.py:545} INFO - Filling up the DagBag from /opt/airflow/dags/first_dag.py
[2024-05-17T00:03:31.086+0000] {logging_mixin.py:188} INFO - [2024-05-17T00:03:31.086+0000] {warnings.py:110} WARNING - /opt/airflow/dags/first_dag.py:56: RemovedInAirflow3Warning: Param `schedule_interval` is deprecated and will be removed in a future release. Please use `schedule` instead. 
  with DAG(
[2024-05-17T00:03:31.093+0000] {processor.py:840} INFO - DAG(s) 'data_ingestion' retrieved from /opt/airflow/dags/first_dag.py
[2024-05-17T00:03:31.121+0000] {logging_mixin.py:188} INFO - [2024-05-17T00:03:31.120+0000] {dag.py:3096} INFO - Sync 1 DAGs
[2024-05-17T00:03:31.148+0000] {logging_mixin.py:188} INFO - [2024-05-17T00:03:31.148+0000] {dag.py:3954} INFO - Setting next_dagrun for data_ingestion to 2024-05-17 00:02:00+00:00, run_after=2024-05-17 00:03:00+00:00
[2024-05-17T00:03:31.189+0000] {processor.py:183} INFO - Processing /opt/airflow/dags/first_dag.py took 4.126 seconds
[2024-05-17T00:04:01.628+0000] {processor.py:161} INFO - Started process (PID=3177) to work on /opt/airflow/dags/first_dag.py
[2024-05-17T00:04:01.630+0000] {processor.py:830} INFO - Processing file /opt/airflow/dags/first_dag.py for tasks to queue
[2024-05-17T00:04:01.632+0000] {logging_mixin.py:188} INFO - [2024-05-17T00:04:01.632+0000] {dagbag.py:545} INFO - Filling up the DagBag from /opt/airflow/dags/first_dag.py
[2024-05-17T00:04:06.220+0000] {logging_mixin.py:188} INFO - [2024-05-17T00:04:06.219+0000] {warnings.py:110} WARNING - /opt/airflow/dags/first_dag.py:56: RemovedInAirflow3Warning: Param `schedule_interval` is deprecated and will be removed in a future release. Please use `schedule` instead. 
  with DAG(
[2024-05-17T00:04:06.229+0000] {processor.py:840} INFO - DAG(s) 'data_ingestion' retrieved from /opt/airflow/dags/first_dag.py
[2024-05-17T00:04:06.267+0000] {logging_mixin.py:188} INFO - [2024-05-17T00:04:06.266+0000] {dag.py:3096} INFO - Sync 1 DAGs
[2024-05-17T00:04:06.335+0000] {logging_mixin.py:188} INFO - [2024-05-17T00:04:06.335+0000] {dag.py:3954} INFO - Setting next_dagrun for data_ingestion to 2024-05-17 00:03:00+00:00, run_after=2024-05-17 00:04:00+00:00
[2024-05-17T00:04:06.370+0000] {processor.py:183} INFO - Processing /opt/airflow/dags/first_dag.py took 4.753 seconds
[2024-05-17T00:04:36.515+0000] {processor.py:161} INFO - Started process (PID=3260) to work on /opt/airflow/dags/first_dag.py
[2024-05-17T00:04:36.517+0000] {processor.py:830} INFO - Processing file /opt/airflow/dags/first_dag.py for tasks to queue
[2024-05-17T00:04:36.518+0000] {logging_mixin.py:188} INFO - [2024-05-17T00:04:36.517+0000] {dagbag.py:545} INFO - Filling up the DagBag from /opt/airflow/dags/first_dag.py
[2024-05-17T00:04:42.242+0000] {logging_mixin.py:188} INFO - [2024-05-17T00:04:42.242+0000] {warnings.py:110} WARNING - /opt/airflow/dags/first_dag.py:56: RemovedInAirflow3Warning: Param `schedule_interval` is deprecated and will be removed in a future release. Please use `schedule` instead. 
  with DAG(
[2024-05-17T00:04:42.248+0000] {processor.py:840} INFO - DAG(s) 'data_ingestion' retrieved from /opt/airflow/dags/first_dag.py
[2024-05-17T00:04:42.276+0000] {logging_mixin.py:188} INFO - [2024-05-17T00:04:42.275+0000] {dag.py:3096} INFO - Sync 1 DAGs
[2024-05-17T00:04:42.301+0000] {logging_mixin.py:188} INFO - [2024-05-17T00:04:42.300+0000] {dag.py:3954} INFO - Setting next_dagrun for data_ingestion to 2024-05-17 00:03:00+00:00, run_after=2024-05-17 00:04:00+00:00
[2024-05-17T00:04:42.333+0000] {processor.py:183} INFO - Processing /opt/airflow/dags/first_dag.py took 5.826 seconds
[2024-05-17T00:05:12.725+0000] {processor.py:161} INFO - Started process (PID=3295) to work on /opt/airflow/dags/first_dag.py
[2024-05-17T00:05:12.726+0000] {processor.py:830} INFO - Processing file /opt/airflow/dags/first_dag.py for tasks to queue
[2024-05-17T00:05:12.727+0000] {logging_mixin.py:188} INFO - [2024-05-17T00:05:12.727+0000] {dagbag.py:545} INFO - Filling up the DagBag from /opt/airflow/dags/first_dag.py
[2024-05-17T00:05:17.406+0000] {logging_mixin.py:188} INFO - [2024-05-17T00:05:17.406+0000] {warnings.py:110} WARNING - /opt/airflow/dags/first_dag.py:56: RemovedInAirflow3Warning: Param `schedule_interval` is deprecated and will be removed in a future release. Please use `schedule` instead. 
  with DAG(
[2024-05-17T00:05:17.413+0000] {processor.py:840} INFO - DAG(s) 'data_ingestion' retrieved from /opt/airflow/dags/first_dag.py
[2024-05-17T00:05:17.441+0000] {logging_mixin.py:188} INFO - [2024-05-17T00:05:17.441+0000] {dag.py:3096} INFO - Sync 1 DAGs
[2024-05-17T00:05:17.468+0000] {logging_mixin.py:188} INFO - [2024-05-17T00:05:17.468+0000] {dag.py:3954} INFO - Setting next_dagrun for data_ingestion to 2024-05-17 00:04:00+00:00, run_after=2024-05-17 00:05:00+00:00
[2024-05-17T00:05:17.505+0000] {processor.py:183} INFO - Processing /opt/airflow/dags/first_dag.py took 4.786 seconds
[2024-05-17T00:05:47.706+0000] {processor.py:161} INFO - Started process (PID=3329) to work on /opt/airflow/dags/first_dag.py
[2024-05-17T00:05:47.710+0000] {processor.py:830} INFO - Processing file /opt/airflow/dags/first_dag.py for tasks to queue
[2024-05-17T00:05:47.714+0000] {logging_mixin.py:188} INFO - [2024-05-17T00:05:47.713+0000] {dagbag.py:545} INFO - Filling up the DagBag from /opt/airflow/dags/first_dag.py
[2024-05-17T00:05:52.078+0000] {logging_mixin.py:188} INFO - [2024-05-17T00:05:52.077+0000] {warnings.py:110} WARNING - /opt/airflow/dags/first_dag.py:56: RemovedInAirflow3Warning: Param `schedule_interval` is deprecated and will be removed in a future release. Please use `schedule` instead. 
  with DAG(
[2024-05-17T00:05:52.084+0000] {processor.py:840} INFO - DAG(s) 'data_ingestion' retrieved from /opt/airflow/dags/first_dag.py
[2024-05-17T00:05:52.110+0000] {logging_mixin.py:188} INFO - [2024-05-17T00:05:52.110+0000] {dag.py:3096} INFO - Sync 1 DAGs
[2024-05-17T00:05:52.131+0000] {logging_mixin.py:188} INFO - [2024-05-17T00:05:52.131+0000] {dag.py:3954} INFO - Setting next_dagrun for data_ingestion to 2024-05-17 00:04:00+00:00, run_after=2024-05-17 00:05:00+00:00
[2024-05-17T00:05:52.155+0000] {processor.py:183} INFO - Processing /opt/airflow/dags/first_dag.py took 4.474 seconds
[2024-05-17T00:06:22.614+0000] {processor.py:161} INFO - Started process (PID=3393) to work on /opt/airflow/dags/first_dag.py
[2024-05-17T00:06:22.615+0000] {processor.py:830} INFO - Processing file /opt/airflow/dags/first_dag.py for tasks to queue
[2024-05-17T00:06:22.616+0000] {logging_mixin.py:188} INFO - [2024-05-17T00:06:22.616+0000] {dagbag.py:545} INFO - Filling up the DagBag from /opt/airflow/dags/first_dag.py
[2024-05-17T00:06:27.973+0000] {logging_mixin.py:188} INFO - [2024-05-17T00:06:27.973+0000] {warnings.py:110} WARNING - /opt/airflow/dags/first_dag.py:56: RemovedInAirflow3Warning: Param `schedule_interval` is deprecated and will be removed in a future release. Please use `schedule` instead. 
  with DAG(
[2024-05-17T00:06:27.982+0000] {processor.py:840} INFO - DAG(s) 'data_ingestion' retrieved from /opt/airflow/dags/first_dag.py
[2024-05-17T00:06:28.029+0000] {logging_mixin.py:188} INFO - [2024-05-17T00:06:28.028+0000] {dag.py:3096} INFO - Sync 1 DAGs
[2024-05-17T00:06:28.053+0000] {logging_mixin.py:188} INFO - [2024-05-17T00:06:28.053+0000] {dag.py:3954} INFO - Setting next_dagrun for data_ingestion to 2024-05-17 00:05:00+00:00, run_after=2024-05-17 00:06:00+00:00
[2024-05-17T00:06:28.076+0000] {processor.py:183} INFO - Processing /opt/airflow/dags/first_dag.py took 5.470 seconds
[2024-05-17T03:06:59.206+0000] {processor.py:161} INFO - Started process (PID=3418) to work on /opt/airflow/dags/first_dag.py
[2024-05-17T03:06:59.208+0000] {processor.py:830} INFO - Processing file /opt/airflow/dags/first_dag.py for tasks to queue
[2024-05-17T03:06:59.211+0000] {logging_mixin.py:188} INFO - [2024-05-17T03:06:59.210+0000] {dagbag.py:545} INFO - Filling up the DagBag from /opt/airflow/dags/first_dag.py
[2024-05-17T03:07:21.753+0000] {logging_mixin.py:188} INFO - [2024-05-17T03:07:21.750+0000] {warnings.py:110} WARNING - /opt/airflow/dags/first_dag.py:56: RemovedInAirflow3Warning: Param `schedule_interval` is deprecated and will be removed in a future release. Please use `schedule` instead. 
  with DAG(
[2024-05-17T03:07:21.883+0000] {processor.py:840} INFO - DAG(s) 'data_ingestion' retrieved from /opt/airflow/dags/first_dag.py
[2024-05-17T03:07:22.509+0000] {logging_mixin.py:188} INFO - [2024-05-17T03:07:22.501+0000] {dag.py:3096} INFO - Sync 1 DAGs
[2024-05-17T03:07:22.964+0000] {logging_mixin.py:188} INFO - [2024-05-17T03:07:22.962+0000] {dag.py:3954} INFO - Setting next_dagrun for data_ingestion to 2024-05-17 03:06:00+00:00, run_after=2024-05-17 03:07:00+00:00
[2024-05-17T03:07:23.531+0000] {processor.py:183} INFO - Processing /opt/airflow/dags/first_dag.py took 24.340 seconds
[2024-05-17T08:38:22.983+0000] {processor.py:161} INFO - Started process (PID=3461) to work on /opt/airflow/dags/first_dag.py
[2024-05-17T08:38:23.025+0000] {processor.py:830} INFO - Processing file /opt/airflow/dags/first_dag.py for tasks to queue
[2024-05-17T08:38:23.037+0000] {logging_mixin.py:188} INFO - [2024-05-17T08:38:23.037+0000] {dagbag.py:545} INFO - Filling up the DagBag from /opt/airflow/dags/first_dag.py
[2024-05-17T08:38:49.863+0000] {logging_mixin.py:188} INFO - [2024-05-17T08:38:49.862+0000] {warnings.py:110} WARNING - /opt/airflow/dags/first_dag.py:56: RemovedInAirflow3Warning: Param `schedule_interval` is deprecated and will be removed in a future release. Please use `schedule` instead. 
  with DAG(
[2024-05-17T08:38:49.875+0000] {processor.py:840} INFO - DAG(s) 'data_ingestion' retrieved from /opt/airflow/dags/first_dag.py
[2024-05-17T08:38:49.995+0000] {logging_mixin.py:188} INFO - [2024-05-17T08:38:49.994+0000] {dag.py:3096} INFO - Sync 1 DAGs
[2024-05-17T08:38:50.074+0000] {logging_mixin.py:188} INFO - [2024-05-17T08:38:50.074+0000] {dag.py:3954} INFO - Setting next_dagrun for data_ingestion to 2024-05-17 08:37:00+00:00, run_after=2024-05-17 08:38:00+00:00
[2024-05-17T08:38:50.199+0000] {processor.py:183} INFO - Processing /opt/airflow/dags/first_dag.py took 27.235 seconds
[2024-05-17T08:39:21.122+0000] {processor.py:161} INFO - Started process (PID=3498) to work on /opt/airflow/dags/first_dag.py
[2024-05-17T08:39:21.124+0000] {processor.py:830} INFO - Processing file /opt/airflow/dags/first_dag.py for tasks to queue
[2024-05-17T08:39:21.126+0000] {logging_mixin.py:188} INFO - [2024-05-17T08:39:21.126+0000] {dagbag.py:545} INFO - Filling up the DagBag from /opt/airflow/dags/first_dag.py
[2024-05-17T08:39:29.830+0000] {logging_mixin.py:188} INFO - [2024-05-17T08:39:29.829+0000] {warnings.py:110} WARNING - /opt/airflow/dags/first_dag.py:56: RemovedInAirflow3Warning: Param `schedule_interval` is deprecated and will be removed in a future release. Please use `schedule` instead. 
  with DAG(
[2024-05-17T08:39:29.833+0000] {processor.py:840} INFO - DAG(s) 'data_ingestion' retrieved from /opt/airflow/dags/first_dag.py
[2024-05-17T08:39:29.896+0000] {logging_mixin.py:188} INFO - [2024-05-17T08:39:29.896+0000] {dag.py:3096} INFO - Sync 1 DAGs
[2024-05-17T08:39:29.924+0000] {logging_mixin.py:188} INFO - [2024-05-17T08:39:29.924+0000] {dag.py:3954} INFO - Setting next_dagrun for data_ingestion to 2024-05-17 08:38:00+00:00, run_after=2024-05-17 08:39:00+00:00
[2024-05-17T08:39:29.971+0000] {processor.py:183} INFO - Processing /opt/airflow/dags/first_dag.py took 8.950 seconds
[2024-05-17T08:40:00.450+0000] {processor.py:161} INFO - Started process (PID=3532) to work on /opt/airflow/dags/first_dag.py
[2024-05-17T08:40:00.452+0000] {processor.py:830} INFO - Processing file /opt/airflow/dags/first_dag.py for tasks to queue
[2024-05-17T08:40:00.455+0000] {logging_mixin.py:188} INFO - [2024-05-17T08:40:00.454+0000] {dagbag.py:545} INFO - Filling up the DagBag from /opt/airflow/dags/first_dag.py
[2024-05-17T08:40:07.315+0000] {logging_mixin.py:188} INFO - [2024-05-17T08:40:07.315+0000] {warnings.py:110} WARNING - /opt/airflow/dags/first_dag.py:56: RemovedInAirflow3Warning: Param `schedule_interval` is deprecated and will be removed in a future release. Please use `schedule` instead. 
  with DAG(
[2024-05-17T08:40:07.321+0000] {processor.py:840} INFO - DAG(s) 'data_ingestion' retrieved from /opt/airflow/dags/first_dag.py
[2024-05-17T08:40:07.372+0000] {logging_mixin.py:188} INFO - [2024-05-17T08:40:07.371+0000] {dag.py:3096} INFO - Sync 1 DAGs
[2024-05-17T08:40:07.401+0000] {logging_mixin.py:188} INFO - [2024-05-17T08:40:07.401+0000] {dag.py:3954} INFO - Setting next_dagrun for data_ingestion to 2024-05-17 08:39:00+00:00, run_after=2024-05-17 08:40:00+00:00
[2024-05-17T08:40:07.426+0000] {processor.py:183} INFO - Processing /opt/airflow/dags/first_dag.py took 6.990 seconds
[2024-05-17T08:40:37.780+0000] {processor.py:161} INFO - Started process (PID=3586) to work on /opt/airflow/dags/first_dag.py
[2024-05-17T08:40:37.785+0000] {processor.py:830} INFO - Processing file /opt/airflow/dags/first_dag.py for tasks to queue
[2024-05-17T08:40:37.798+0000] {logging_mixin.py:188} INFO - [2024-05-17T08:40:37.795+0000] {dagbag.py:545} INFO - Filling up the DagBag from /opt/airflow/dags/first_dag.py
[2024-05-17T08:40:45.441+0000] {logging_mixin.py:188} INFO - [2024-05-17T08:40:45.441+0000] {warnings.py:110} WARNING - /opt/airflow/dags/first_dag.py:56: RemovedInAirflow3Warning: Param `schedule_interval` is deprecated and will be removed in a future release. Please use `schedule` instead. 
  with DAG(
[2024-05-17T08:40:45.447+0000] {processor.py:840} INFO - DAG(s) 'data_ingestion' retrieved from /opt/airflow/dags/first_dag.py
[2024-05-17T08:40:45.505+0000] {logging_mixin.py:188} INFO - [2024-05-17T08:40:45.504+0000] {dag.py:3096} INFO - Sync 1 DAGs
[2024-05-17T08:40:45.558+0000] {logging_mixin.py:188} INFO - [2024-05-17T08:40:45.557+0000] {dag.py:3954} INFO - Setting next_dagrun for data_ingestion to 2024-05-17 08:39:00+00:00, run_after=2024-05-17 08:40:00+00:00
[2024-05-17T08:40:45.594+0000] {processor.py:183} INFO - Processing /opt/airflow/dags/first_dag.py took 7.835 seconds
[2024-05-17T08:41:16.225+0000] {processor.py:161} INFO - Started process (PID=3645) to work on /opt/airflow/dags/first_dag.py
[2024-05-17T08:41:16.227+0000] {processor.py:830} INFO - Processing file /opt/airflow/dags/first_dag.py for tasks to queue
[2024-05-17T08:41:16.230+0000] {logging_mixin.py:188} INFO - [2024-05-17T08:41:16.229+0000] {dagbag.py:545} INFO - Filling up the DagBag from /opt/airflow/dags/first_dag.py
[2024-05-17T08:41:20.813+0000] {logging_mixin.py:188} INFO - [2024-05-17T08:41:20.813+0000] {warnings.py:110} WARNING - /opt/airflow/dags/first_dag.py:56: RemovedInAirflow3Warning: Param `schedule_interval` is deprecated and will be removed in a future release. Please use `schedule` instead. 
  with DAG(
[2024-05-17T08:41:20.819+0000] {processor.py:840} INFO - DAG(s) 'data_ingestion' retrieved from /opt/airflow/dags/first_dag.py
[2024-05-17T08:41:20.856+0000] {logging_mixin.py:188} INFO - [2024-05-17T08:41:20.856+0000] {dag.py:3096} INFO - Sync 1 DAGs
[2024-05-17T08:41:20.893+0000] {logging_mixin.py:188} INFO - [2024-05-17T08:41:20.892+0000] {dag.py:3954} INFO - Setting next_dagrun for data_ingestion to 2024-05-17 08:40:00+00:00, run_after=2024-05-17 08:41:00+00:00
[2024-05-17T08:41:20.927+0000] {processor.py:183} INFO - Processing /opt/airflow/dags/first_dag.py took 4.718 seconds
[2024-05-17T08:41:51.358+0000] {processor.py:161} INFO - Started process (PID=3679) to work on /opt/airflow/dags/first_dag.py
[2024-05-17T08:41:51.359+0000] {processor.py:830} INFO - Processing file /opt/airflow/dags/first_dag.py for tasks to queue
[2024-05-17T08:41:51.360+0000] {logging_mixin.py:188} INFO - [2024-05-17T08:41:51.360+0000] {dagbag.py:545} INFO - Filling up the DagBag from /opt/airflow/dags/first_dag.py
[2024-05-17T08:41:55.760+0000] {logging_mixin.py:188} INFO - [2024-05-17T08:41:55.760+0000] {warnings.py:110} WARNING - /opt/airflow/dags/first_dag.py:56: RemovedInAirflow3Warning: Param `schedule_interval` is deprecated and will be removed in a future release. Please use `schedule` instead. 
  with DAG(
[2024-05-17T08:41:55.763+0000] {processor.py:840} INFO - DAG(s) 'data_ingestion' retrieved from /opt/airflow/dags/first_dag.py
[2024-05-17T08:41:55.787+0000] {logging_mixin.py:188} INFO - [2024-05-17T08:41:55.786+0000] {dag.py:3096} INFO - Sync 1 DAGs
[2024-05-17T08:41:55.805+0000] {logging_mixin.py:188} INFO - [2024-05-17T08:41:55.805+0000] {dag.py:3954} INFO - Setting next_dagrun for data_ingestion to 2024-05-17 08:40:00+00:00, run_after=2024-05-17 08:41:00+00:00
[2024-05-17T08:41:55.852+0000] {processor.py:183} INFO - Processing /opt/airflow/dags/first_dag.py took 4.502 seconds
[2024-05-17T08:42:26.128+0000] {processor.py:161} INFO - Started process (PID=3713) to work on /opt/airflow/dags/first_dag.py
[2024-05-17T08:42:26.130+0000] {processor.py:830} INFO - Processing file /opt/airflow/dags/first_dag.py for tasks to queue
[2024-05-17T08:42:26.131+0000] {logging_mixin.py:188} INFO - [2024-05-17T08:42:26.130+0000] {dagbag.py:545} INFO - Filling up the DagBag from /opt/airflow/dags/first_dag.py
[2024-05-17T08:42:30.451+0000] {logging_mixin.py:188} INFO - [2024-05-17T08:42:30.450+0000] {warnings.py:110} WARNING - /opt/airflow/dags/first_dag.py:56: RemovedInAirflow3Warning: Param `schedule_interval` is deprecated and will be removed in a future release. Please use `schedule` instead. 
  with DAG(
[2024-05-17T08:42:30.454+0000] {processor.py:840} INFO - DAG(s) 'data_ingestion' retrieved from /opt/airflow/dags/first_dag.py
[2024-05-17T08:42:30.485+0000] {logging_mixin.py:188} INFO - [2024-05-17T08:42:30.484+0000] {dag.py:3096} INFO - Sync 1 DAGs
[2024-05-17T08:42:30.509+0000] {logging_mixin.py:188} INFO - [2024-05-17T08:42:30.509+0000] {dag.py:3954} INFO - Setting next_dagrun for data_ingestion to 2024-05-17 08:41:00+00:00, run_after=2024-05-17 08:42:00+00:00
[2024-05-17T08:42:30.557+0000] {processor.py:183} INFO - Processing /opt/airflow/dags/first_dag.py took 4.437 seconds
[2024-05-17T08:43:01.019+0000] {processor.py:161} INFO - Started process (PID=3747) to work on /opt/airflow/dags/first_dag.py
[2024-05-17T08:43:01.021+0000] {processor.py:830} INFO - Processing file /opt/airflow/dags/first_dag.py for tasks to queue
[2024-05-17T08:43:01.023+0000] {logging_mixin.py:188} INFO - [2024-05-17T08:43:01.023+0000] {dagbag.py:545} INFO - Filling up the DagBag from /opt/airflow/dags/first_dag.py
[2024-05-17T08:43:05.967+0000] {logging_mixin.py:188} INFO - [2024-05-17T08:43:05.966+0000] {warnings.py:110} WARNING - /opt/airflow/dags/first_dag.py:56: RemovedInAirflow3Warning: Param `schedule_interval` is deprecated and will be removed in a future release. Please use `schedule` instead. 
  with DAG(
[2024-05-17T08:43:05.970+0000] {processor.py:840} INFO - DAG(s) 'data_ingestion' retrieved from /opt/airflow/dags/first_dag.py
[2024-05-17T08:43:06.002+0000] {logging_mixin.py:188} INFO - [2024-05-17T08:43:06.001+0000] {dag.py:3096} INFO - Sync 1 DAGs
[2024-05-17T08:43:06.042+0000] {logging_mixin.py:188} INFO - [2024-05-17T08:43:06.042+0000] {dag.py:3954} INFO - Setting next_dagrun for data_ingestion to 2024-05-17 08:42:00+00:00, run_after=2024-05-17 08:43:00+00:00
[2024-05-17T08:43:06.067+0000] {processor.py:183} INFO - Processing /opt/airflow/dags/first_dag.py took 5.062 seconds
[2024-05-17T08:43:36.424+0000] {processor.py:161} INFO - Started process (PID=3787) to work on /opt/airflow/dags/first_dag.py
[2024-05-17T08:43:36.426+0000] {processor.py:830} INFO - Processing file /opt/airflow/dags/first_dag.py for tasks to queue
[2024-05-17T08:43:36.428+0000] {logging_mixin.py:188} INFO - [2024-05-17T08:43:36.427+0000] {dagbag.py:545} INFO - Filling up the DagBag from /opt/airflow/dags/first_dag.py
[2024-05-17T08:43:42.100+0000] {logging_mixin.py:188} INFO - [2024-05-17T08:43:42.099+0000] {warnings.py:110} WARNING - /opt/airflow/dags/first_dag.py:56: RemovedInAirflow3Warning: Param `schedule_interval` is deprecated and will be removed in a future release. Please use `schedule` instead. 
  with DAG(
[2024-05-17T08:43:42.104+0000] {processor.py:840} INFO - DAG(s) 'data_ingestion' retrieved from /opt/airflow/dags/first_dag.py
[2024-05-17T08:43:42.150+0000] {logging_mixin.py:188} INFO - [2024-05-17T08:43:42.145+0000] {dag.py:3096} INFO - Sync 1 DAGs
[2024-05-17T08:43:42.209+0000] {logging_mixin.py:188} INFO - [2024-05-17T08:43:42.208+0000] {dag.py:3954} INFO - Setting next_dagrun for data_ingestion to 2024-05-17 08:42:00+00:00, run_after=2024-05-17 08:43:00+00:00
[2024-05-17T08:43:42.240+0000] {processor.py:183} INFO - Processing /opt/airflow/dags/first_dag.py took 5.829 seconds
[2024-05-17T08:44:13.331+0000] {processor.py:161} INFO - Started process (PID=3821) to work on /opt/airflow/dags/first_dag.py
[2024-05-17T08:44:13.333+0000] {processor.py:830} INFO - Processing file /opt/airflow/dags/first_dag.py for tasks to queue
[2024-05-17T08:44:13.335+0000] {logging_mixin.py:188} INFO - [2024-05-17T08:44:13.334+0000] {dagbag.py:545} INFO - Filling up the DagBag from /opt/airflow/dags/first_dag.py
[2024-05-17T08:44:19.819+0000] {logging_mixin.py:188} INFO - [2024-05-17T08:44:19.818+0000] {warnings.py:110} WARNING - /opt/airflow/dags/first_dag.py:56: RemovedInAirflow3Warning: Param `schedule_interval` is deprecated and will be removed in a future release. Please use `schedule` instead. 
  with DAG(
[2024-05-17T08:44:19.824+0000] {processor.py:840} INFO - DAG(s) 'data_ingestion' retrieved from /opt/airflow/dags/first_dag.py
[2024-05-17T08:44:19.862+0000] {logging_mixin.py:188} INFO - [2024-05-17T08:44:19.862+0000] {dag.py:3096} INFO - Sync 1 DAGs
[2024-05-17T08:44:19.884+0000] {logging_mixin.py:188} INFO - [2024-05-17T08:44:19.884+0000] {dag.py:3954} INFO - Setting next_dagrun for data_ingestion to 2024-05-17 08:43:00+00:00, run_after=2024-05-17 08:44:00+00:00
[2024-05-17T08:44:19.910+0000] {processor.py:183} INFO - Processing /opt/airflow/dags/first_dag.py took 6.599 seconds
[2024-05-17T08:44:50.794+0000] {processor.py:161} INFO - Started process (PID=3855) to work on /opt/airflow/dags/first_dag.py
[2024-05-17T08:44:50.795+0000] {processor.py:830} INFO - Processing file /opt/airflow/dags/first_dag.py for tasks to queue
[2024-05-17T08:44:50.796+0000] {logging_mixin.py:188} INFO - [2024-05-17T08:44:50.796+0000] {dagbag.py:545} INFO - Filling up the DagBag from /opt/airflow/dags/first_dag.py
[2024-05-17T08:44:56.633+0000] {logging_mixin.py:188} INFO - [2024-05-17T08:44:56.632+0000] {warnings.py:110} WARNING - /opt/airflow/dags/first_dag.py:56: RemovedInAirflow3Warning: Param `schedule_interval` is deprecated and will be removed in a future release. Please use `schedule` instead. 
  with DAG(
[2024-05-17T08:44:56.636+0000] {processor.py:840} INFO - DAG(s) 'data_ingestion' retrieved from /opt/airflow/dags/first_dag.py
[2024-05-17T08:44:56.662+0000] {logging_mixin.py:188} INFO - [2024-05-17T08:44:56.662+0000] {dag.py:3096} INFO - Sync 1 DAGs
[2024-05-17T08:44:56.680+0000] {logging_mixin.py:188} INFO - [2024-05-17T08:44:56.680+0000] {dag.py:3954} INFO - Setting next_dagrun for data_ingestion to 2024-05-17 08:43:00+00:00, run_after=2024-05-17 08:44:00+00:00
[2024-05-17T08:44:56.701+0000] {processor.py:183} INFO - Processing /opt/airflow/dags/first_dag.py took 5.916 seconds
[2024-05-17T08:45:27.127+0000] {processor.py:161} INFO - Started process (PID=3889) to work on /opt/airflow/dags/first_dag.py
[2024-05-17T08:45:27.128+0000] {processor.py:830} INFO - Processing file /opt/airflow/dags/first_dag.py for tasks to queue
[2024-05-17T08:45:27.129+0000] {logging_mixin.py:188} INFO - [2024-05-17T08:45:27.128+0000] {dagbag.py:545} INFO - Filling up the DagBag from /opt/airflow/dags/first_dag.py
[2024-05-17T08:45:32.403+0000] {logging_mixin.py:188} INFO - [2024-05-17T08:45:32.402+0000] {warnings.py:110} WARNING - /opt/airflow/dags/first_dag.py:56: RemovedInAirflow3Warning: Param `schedule_interval` is deprecated and will be removed in a future release. Please use `schedule` instead. 
  with DAG(
[2024-05-17T08:45:32.407+0000] {processor.py:840} INFO - DAG(s) 'data_ingestion' retrieved from /opt/airflow/dags/first_dag.py
[2024-05-17T08:45:32.437+0000] {logging_mixin.py:188} INFO - [2024-05-17T08:45:32.436+0000] {dag.py:3096} INFO - Sync 1 DAGs
[2024-05-17T08:45:32.459+0000] {logging_mixin.py:188} INFO - [2024-05-17T08:45:32.459+0000] {dag.py:3954} INFO - Setting next_dagrun for data_ingestion to 2024-05-17 08:44:00+00:00, run_after=2024-05-17 08:45:00+00:00
[2024-05-17T08:45:32.481+0000] {processor.py:183} INFO - Processing /opt/airflow/dags/first_dag.py took 5.361 seconds
[2024-05-17T08:46:02.886+0000] {processor.py:161} INFO - Started process (PID=3923) to work on /opt/airflow/dags/first_dag.py
[2024-05-17T08:46:02.887+0000] {processor.py:830} INFO - Processing file /opt/airflow/dags/first_dag.py for tasks to queue
[2024-05-17T08:46:02.889+0000] {logging_mixin.py:188} INFO - [2024-05-17T08:46:02.889+0000] {dagbag.py:545} INFO - Filling up the DagBag from /opt/airflow/dags/first_dag.py
[2024-05-17T08:46:07.922+0000] {logging_mixin.py:188} INFO - [2024-05-17T08:46:07.922+0000] {warnings.py:110} WARNING - /opt/airflow/dags/first_dag.py:56: RemovedInAirflow3Warning: Param `schedule_interval` is deprecated and will be removed in a future release. Please use `schedule` instead. 
  with DAG(
[2024-05-17T08:46:07.927+0000] {processor.py:840} INFO - DAG(s) 'data_ingestion' retrieved from /opt/airflow/dags/first_dag.py
[2024-05-17T08:46:07.953+0000] {logging_mixin.py:188} INFO - [2024-05-17T08:46:07.953+0000] {dag.py:3096} INFO - Sync 1 DAGs
[2024-05-17T08:46:07.973+0000] {logging_mixin.py:188} INFO - [2024-05-17T08:46:07.972+0000] {dag.py:3954} INFO - Setting next_dagrun for data_ingestion to 2024-05-17 08:45:00+00:00, run_after=2024-05-17 08:46:00+00:00
[2024-05-17T08:46:07.995+0000] {processor.py:183} INFO - Processing /opt/airflow/dags/first_dag.py took 5.118 seconds
[2024-05-17T08:46:38.448+0000] {processor.py:161} INFO - Started process (PID=3963) to work on /opt/airflow/dags/first_dag.py
[2024-05-17T08:46:38.450+0000] {processor.py:830} INFO - Processing file /opt/airflow/dags/first_dag.py for tasks to queue
[2024-05-17T08:46:38.456+0000] {logging_mixin.py:188} INFO - [2024-05-17T08:46:38.455+0000] {dagbag.py:545} INFO - Filling up the DagBag from /opt/airflow/dags/first_dag.py
[2024-05-17T08:46:44.092+0000] {logging_mixin.py:188} INFO - [2024-05-17T08:46:44.092+0000] {warnings.py:110} WARNING - /opt/airflow/dags/first_dag.py:56: RemovedInAirflow3Warning: Param `schedule_interval` is deprecated and will be removed in a future release. Please use `schedule` instead. 
  with DAG(
[2024-05-17T08:46:44.095+0000] {processor.py:840} INFO - DAG(s) 'data_ingestion' retrieved from /opt/airflow/dags/first_dag.py
[2024-05-17T08:46:44.130+0000] {logging_mixin.py:188} INFO - [2024-05-17T08:46:44.130+0000] {dag.py:3096} INFO - Sync 1 DAGs
[2024-05-17T08:46:44.156+0000] {logging_mixin.py:188} INFO - [2024-05-17T08:46:44.156+0000] {dag.py:3954} INFO - Setting next_dagrun for data_ingestion to 2024-05-17 08:45:00+00:00, run_after=2024-05-17 08:46:00+00:00
[2024-05-17T08:46:44.181+0000] {processor.py:183} INFO - Processing /opt/airflow/dags/first_dag.py took 5.742 seconds
[2024-05-17T08:48:05.290+0000] {processor.py:161} INFO - Started process (PID=168) to work on /opt/airflow/dags/first_dag.py
[2024-05-17T08:48:05.291+0000] {processor.py:830} INFO - Processing file /opt/airflow/dags/first_dag.py for tasks to queue
[2024-05-17T08:48:05.295+0000] {logging_mixin.py:188} INFO - [2024-05-17T08:48:05.294+0000] {dagbag.py:545} INFO - Filling up the DagBag from /opt/airflow/dags/first_dag.py
[2024-05-17T08:48:13.842+0000] {logging_mixin.py:188} INFO - [2024-05-17T08:48:13.842+0000] {warnings.py:110} WARNING - /opt/airflow/dags/first_dag.py:56: RemovedInAirflow3Warning: Param `schedule_interval` is deprecated and will be removed in a future release. Please use `schedule` instead. 
  with DAG(
[2024-05-17T08:48:13.852+0000] {processor.py:840} INFO - DAG(s) 'data_ingestion' retrieved from /opt/airflow/dags/first_dag.py
[2024-05-17T08:48:14.213+0000] {logging_mixin.py:188} INFO - [2024-05-17T08:48:14.213+0000] {dag.py:3096} INFO - Sync 1 DAGs
[2024-05-17T08:48:14.250+0000] {logging_mixin.py:188} INFO - [2024-05-17T08:48:14.249+0000] {dag.py:3954} INFO - Setting next_dagrun for data_ingestion to 2024-05-17 08:47:00+00:00, run_after=2024-05-17 08:48:00+00:00
[2024-05-17T08:48:14.280+0000] {processor.py:183} INFO - Processing /opt/airflow/dags/first_dag.py took 9.000 seconds
[2024-05-17T08:48:44.726+0000] {processor.py:161} INFO - Started process (PID=208) to work on /opt/airflow/dags/first_dag.py
[2024-05-17T08:48:44.728+0000] {processor.py:830} INFO - Processing file /opt/airflow/dags/first_dag.py for tasks to queue
[2024-05-17T08:48:44.731+0000] {logging_mixin.py:188} INFO - [2024-05-17T08:48:44.731+0000] {dagbag.py:545} INFO - Filling up the DagBag from /opt/airflow/dags/first_dag.py
[2024-05-17T08:48:51.779+0000] {logging_mixin.py:188} INFO - [2024-05-17T08:48:51.779+0000] {warnings.py:110} WARNING - /opt/airflow/dags/first_dag.py:56: RemovedInAirflow3Warning: Param `schedule_interval` is deprecated and will be removed in a future release. Please use `schedule` instead. 
  with DAG(
[2024-05-17T08:48:51.797+0000] {processor.py:840} INFO - DAG(s) 'data_ingestion' retrieved from /opt/airflow/dags/first_dag.py
[2024-05-17T08:48:51.858+0000] {logging_mixin.py:188} INFO - [2024-05-17T08:48:51.858+0000] {dag.py:3096} INFO - Sync 1 DAGs
[2024-05-17T08:48:51.907+0000] {logging_mixin.py:188} INFO - [2024-05-17T08:48:51.907+0000] {dag.py:3954} INFO - Setting next_dagrun for data_ingestion to 2024-05-17 08:47:00+00:00, run_after=2024-05-17 08:48:00+00:00
[2024-05-17T08:48:51.944+0000] {processor.py:183} INFO - Processing /opt/airflow/dags/first_dag.py took 7.228 seconds
[2024-05-17T08:49:22.251+0000] {processor.py:161} INFO - Started process (PID=242) to work on /opt/airflow/dags/first_dag.py
[2024-05-17T08:49:22.252+0000] {processor.py:830} INFO - Processing file /opt/airflow/dags/first_dag.py for tasks to queue
[2024-05-17T08:49:22.255+0000] {logging_mixin.py:188} INFO - [2024-05-17T08:49:22.254+0000] {dagbag.py:545} INFO - Filling up the DagBag from /opt/airflow/dags/first_dag.py
[2024-05-17T08:49:29.499+0000] {logging_mixin.py:188} INFO - [2024-05-17T08:49:29.497+0000] {warnings.py:110} WARNING - /opt/airflow/dags/first_dag.py:56: RemovedInAirflow3Warning: Param `schedule_interval` is deprecated and will be removed in a future release. Please use `schedule` instead. 
  with DAG(
[2024-05-17T08:49:29.520+0000] {processor.py:840} INFO - DAG(s) 'data_ingestion' retrieved from /opt/airflow/dags/first_dag.py
[2024-05-17T08:49:29.557+0000] {logging_mixin.py:188} INFO - [2024-05-17T08:49:29.557+0000] {dag.py:3096} INFO - Sync 1 DAGs
[2024-05-17T08:49:29.596+0000] {logging_mixin.py:188} INFO - [2024-05-17T08:49:29.596+0000] {dag.py:3954} INFO - Setting next_dagrun for data_ingestion to 2024-05-17 08:48:00+00:00, run_after=2024-05-17 08:49:00+00:00
[2024-05-17T08:49:29.630+0000] {processor.py:183} INFO - Processing /opt/airflow/dags/first_dag.py took 7.387 seconds
[2024-05-17T08:50:00.093+0000] {processor.py:161} INFO - Started process (PID=276) to work on /opt/airflow/dags/first_dag.py
[2024-05-17T08:50:00.094+0000] {processor.py:830} INFO - Processing file /opt/airflow/dags/first_dag.py for tasks to queue
[2024-05-17T08:50:00.096+0000] {logging_mixin.py:188} INFO - [2024-05-17T08:50:00.096+0000] {dagbag.py:545} INFO - Filling up the DagBag from /opt/airflow/dags/first_dag.py
[2024-05-17T08:50:07.437+0000] {logging_mixin.py:188} INFO - [2024-05-17T08:50:07.436+0000] {warnings.py:110} WARNING - /opt/airflow/dags/first_dag.py:56: RemovedInAirflow3Warning: Param `schedule_interval` is deprecated and will be removed in a future release. Please use `schedule` instead. 
  with DAG(
[2024-05-17T08:50:07.450+0000] {processor.py:840} INFO - DAG(s) 'data_ingestion' retrieved from /opt/airflow/dags/first_dag.py
[2024-05-17T08:50:07.485+0000] {logging_mixin.py:188} INFO - [2024-05-17T08:50:07.485+0000] {dag.py:3096} INFO - Sync 1 DAGs
[2024-05-17T08:50:07.538+0000] {logging_mixin.py:188} INFO - [2024-05-17T08:50:07.537+0000] {dag.py:3954} INFO - Setting next_dagrun for data_ingestion to 2024-05-17 08:49:00+00:00, run_after=2024-05-17 08:50:00+00:00
[2024-05-17T08:50:07.564+0000] {processor.py:183} INFO - Processing /opt/airflow/dags/first_dag.py took 7.477 seconds
[2024-05-17T08:50:38.070+0000] {processor.py:161} INFO - Started process (PID=310) to work on /opt/airflow/dags/first_dag.py
[2024-05-17T08:50:38.071+0000] {processor.py:830} INFO - Processing file /opt/airflow/dags/first_dag.py for tasks to queue
[2024-05-17T08:50:38.074+0000] {logging_mixin.py:188} INFO - [2024-05-17T08:50:38.073+0000] {dagbag.py:545} INFO - Filling up the DagBag from /opt/airflow/dags/first_dag.py
[2024-05-17T08:50:44.879+0000] {logging_mixin.py:188} INFO - [2024-05-17T08:50:44.879+0000] {warnings.py:110} WARNING - /opt/airflow/dags/first_dag.py:56: RemovedInAirflow3Warning: Param `schedule_interval` is deprecated and will be removed in a future release. Please use `schedule` instead. 
  with DAG(
[2024-05-17T08:50:44.886+0000] {processor.py:840} INFO - DAG(s) 'data_ingestion' retrieved from /opt/airflow/dags/first_dag.py
[2024-05-17T08:50:44.919+0000] {logging_mixin.py:188} INFO - [2024-05-17T08:50:44.917+0000] {dag.py:3096} INFO - Sync 1 DAGs
[2024-05-17T08:50:44.965+0000] {logging_mixin.py:188} INFO - [2024-05-17T08:50:44.965+0000] {dag.py:3954} INFO - Setting next_dagrun for data_ingestion to 2024-05-17 08:49:00+00:00, run_after=2024-05-17 08:50:00+00:00
[2024-05-17T08:50:44.991+0000] {processor.py:183} INFO - Processing /opt/airflow/dags/first_dag.py took 6.931 seconds
[2024-05-17T08:51:15.463+0000] {processor.py:161} INFO - Started process (PID=351) to work on /opt/airflow/dags/first_dag.py
[2024-05-17T08:51:15.464+0000] {processor.py:830} INFO - Processing file /opt/airflow/dags/first_dag.py for tasks to queue
[2024-05-17T08:51:15.466+0000] {logging_mixin.py:188} INFO - [2024-05-17T08:51:15.466+0000] {dagbag.py:545} INFO - Filling up the DagBag from /opt/airflow/dags/first_dag.py
[2024-05-17T08:51:24.007+0000] {logging_mixin.py:188} INFO - [2024-05-17T08:51:24.006+0000] {warnings.py:110} WARNING - /opt/airflow/dags/first_dag.py:56: RemovedInAirflow3Warning: Param `schedule_interval` is deprecated and will be removed in a future release. Please use `schedule` instead. 
  with DAG(
[2024-05-17T08:51:24.025+0000] {processor.py:840} INFO - DAG(s) 'data_ingestion' retrieved from /opt/airflow/dags/first_dag.py
[2024-05-17T08:51:24.075+0000] {logging_mixin.py:188} INFO - [2024-05-17T08:51:24.075+0000] {dag.py:3096} INFO - Sync 1 DAGs
[2024-05-17T08:51:24.119+0000] {logging_mixin.py:188} INFO - [2024-05-17T08:51:24.118+0000] {dag.py:3954} INFO - Setting next_dagrun for data_ingestion to 2024-05-17 08:50:00+00:00, run_after=2024-05-17 08:51:00+00:00
[2024-05-17T08:51:24.163+0000] {processor.py:183} INFO - Processing /opt/airflow/dags/first_dag.py took 8.707 seconds
[2024-05-17T08:51:54.722+0000] {processor.py:161} INFO - Started process (PID=395) to work on /opt/airflow/dags/first_dag.py
[2024-05-17T08:51:54.724+0000] {processor.py:830} INFO - Processing file /opt/airflow/dags/first_dag.py for tasks to queue
[2024-05-17T08:51:54.727+0000] {logging_mixin.py:188} INFO - [2024-05-17T08:51:54.726+0000] {dagbag.py:545} INFO - Filling up the DagBag from /opt/airflow/dags/first_dag.py
[2024-05-17T08:52:02.473+0000] {logging_mixin.py:188} INFO - [2024-05-17T08:52:02.473+0000] {warnings.py:110} WARNING - /opt/airflow/dags/first_dag.py:56: RemovedInAirflow3Warning: Param `schedule_interval` is deprecated and will be removed in a future release. Please use `schedule` instead. 
  with DAG(
[2024-05-17T08:52:02.484+0000] {processor.py:840} INFO - DAG(s) 'data_ingestion' retrieved from /opt/airflow/dags/first_dag.py
[2024-05-17T08:52:02.544+0000] {logging_mixin.py:188} INFO - [2024-05-17T08:52:02.544+0000] {dag.py:3096} INFO - Sync 1 DAGs
[2024-05-17T08:52:02.580+0000] {logging_mixin.py:188} INFO - [2024-05-17T08:52:02.579+0000] {dag.py:3954} INFO - Setting next_dagrun for data_ingestion to 2024-05-17 08:51:00+00:00, run_after=2024-05-17 08:52:00+00:00
[2024-05-17T08:52:02.633+0000] {processor.py:183} INFO - Processing /opt/airflow/dags/first_dag.py took 7.920 seconds
[2024-05-17T08:52:33.200+0000] {processor.py:161} INFO - Started process (PID=441) to work on /opt/airflow/dags/first_dag.py
[2024-05-17T08:52:33.201+0000] {processor.py:830} INFO - Processing file /opt/airflow/dags/first_dag.py for tasks to queue
[2024-05-17T08:52:33.205+0000] {logging_mixin.py:188} INFO - [2024-05-17T08:52:33.204+0000] {dagbag.py:545} INFO - Filling up the DagBag from /opt/airflow/dags/first_dag.py
[2024-05-17T08:52:40.665+0000] {logging_mixin.py:188} INFO - [2024-05-17T08:52:40.665+0000] {warnings.py:110} WARNING - /opt/airflow/dags/first_dag.py:56: RemovedInAirflow3Warning: Param `schedule_interval` is deprecated and will be removed in a future release. Please use `schedule` instead. 
  with DAG(
[2024-05-17T08:52:40.673+0000] {processor.py:840} INFO - DAG(s) 'data_ingestion' retrieved from /opt/airflow/dags/first_dag.py
[2024-05-17T08:52:40.740+0000] {logging_mixin.py:188} INFO - [2024-05-17T08:52:40.739+0000] {dag.py:3096} INFO - Sync 1 DAGs
[2024-05-17T08:52:40.768+0000] {logging_mixin.py:188} INFO - [2024-05-17T08:52:40.767+0000] {dag.py:3954} INFO - Setting next_dagrun for data_ingestion to 2024-05-17 08:51:00+00:00, run_after=2024-05-17 08:52:00+00:00
[2024-05-17T08:52:40.791+0000] {processor.py:183} INFO - Processing /opt/airflow/dags/first_dag.py took 7.609 seconds
[2024-05-17T08:53:11.384+0000] {processor.py:161} INFO - Started process (PID=475) to work on /opt/airflow/dags/first_dag.py
[2024-05-17T08:53:11.385+0000] {processor.py:830} INFO - Processing file /opt/airflow/dags/first_dag.py for tasks to queue
[2024-05-17T08:53:11.387+0000] {logging_mixin.py:188} INFO - [2024-05-17T08:53:11.387+0000] {dagbag.py:545} INFO - Filling up the DagBag from /opt/airflow/dags/first_dag.py
[2024-05-17T08:53:17.375+0000] {logging_mixin.py:188} INFO - [2024-05-17T08:53:17.375+0000] {warnings.py:110} WARNING - /opt/airflow/dags/first_dag.py:56: RemovedInAirflow3Warning: Param `schedule_interval` is deprecated and will be removed in a future release. Please use `schedule` instead. 
  with DAG(
[2024-05-17T08:53:17.382+0000] {processor.py:840} INFO - DAG(s) 'data_ingestion' retrieved from /opt/airflow/dags/first_dag.py
[2024-05-17T08:53:17.413+0000] {logging_mixin.py:188} INFO - [2024-05-17T08:53:17.413+0000] {dag.py:3096} INFO - Sync 1 DAGs
[2024-05-17T08:53:17.438+0000] {logging_mixin.py:188} INFO - [2024-05-17T08:53:17.438+0000] {dag.py:3954} INFO - Setting next_dagrun for data_ingestion to 2024-05-17 08:52:00+00:00, run_after=2024-05-17 08:53:00+00:00
[2024-05-17T08:53:17.462+0000] {processor.py:183} INFO - Processing /opt/airflow/dags/first_dag.py took 6.085 seconds
[2024-05-17T08:53:47.953+0000] {processor.py:161} INFO - Started process (PID=516) to work on /opt/airflow/dags/first_dag.py
[2024-05-17T08:53:47.954+0000] {processor.py:830} INFO - Processing file /opt/airflow/dags/first_dag.py for tasks to queue
[2024-05-17T08:53:47.955+0000] {logging_mixin.py:188} INFO - [2024-05-17T08:53:47.955+0000] {dagbag.py:545} INFO - Filling up the DagBag from /opt/airflow/dags/first_dag.py
[2024-05-17T08:53:53.766+0000] {logging_mixin.py:188} INFO - [2024-05-17T08:53:53.766+0000] {warnings.py:110} WARNING - /opt/airflow/dags/first_dag.py:56: RemovedInAirflow3Warning: Param `schedule_interval` is deprecated and will be removed in a future release. Please use `schedule` instead. 
  with DAG(
[2024-05-17T08:53:53.782+0000] {processor.py:840} INFO - DAG(s) 'data_ingestion' retrieved from /opt/airflow/dags/first_dag.py
[2024-05-17T08:53:53.832+0000] {logging_mixin.py:188} INFO - [2024-05-17T08:53:53.832+0000] {dag.py:3096} INFO - Sync 1 DAGs
[2024-05-17T08:53:53.876+0000] {logging_mixin.py:188} INFO - [2024-05-17T08:53:53.875+0000] {dag.py:3954} INFO - Setting next_dagrun for data_ingestion to 2024-05-17 08:52:00+00:00, run_after=2024-05-17 08:53:00+00:00
[2024-05-17T08:53:53.906+0000] {processor.py:183} INFO - Processing /opt/airflow/dags/first_dag.py took 5.959 seconds
[2024-05-17T08:54:24.480+0000] {processor.py:161} INFO - Started process (PID=550) to work on /opt/airflow/dags/first_dag.py
[2024-05-17T08:54:24.481+0000] {processor.py:830} INFO - Processing file /opt/airflow/dags/first_dag.py for tasks to queue
[2024-05-17T08:54:24.483+0000] {logging_mixin.py:188} INFO - [2024-05-17T08:54:24.483+0000] {dagbag.py:545} INFO - Filling up the DagBag from /opt/airflow/dags/first_dag.py
[2024-05-17T08:54:34.009+0000] {logging_mixin.py:188} INFO - [2024-05-17T08:54:34.009+0000] {warnings.py:110} WARNING - /opt/airflow/dags/first_dag.py:56: RemovedInAirflow3Warning: Param `schedule_interval` is deprecated and will be removed in a future release. Please use `schedule` instead. 
  with DAG(
[2024-05-17T08:54:34.017+0000] {processor.py:840} INFO - DAG(s) 'data_ingestion' retrieved from /opt/airflow/dags/first_dag.py
[2024-05-17T08:54:34.079+0000] {logging_mixin.py:188} INFO - [2024-05-17T08:54:34.079+0000] {dag.py:3096} INFO - Sync 1 DAGs
[2024-05-17T08:54:34.122+0000] {logging_mixin.py:188} INFO - [2024-05-17T08:54:34.121+0000] {dag.py:3954} INFO - Setting next_dagrun for data_ingestion to 2024-05-17 08:53:00+00:00, run_after=2024-05-17 08:54:00+00:00
[2024-05-17T08:54:34.161+0000] {processor.py:183} INFO - Processing /opt/airflow/dags/first_dag.py took 9.687 seconds
[2024-05-17T08:55:04.549+0000] {processor.py:161} INFO - Started process (PID=585) to work on /opt/airflow/dags/first_dag.py
[2024-05-17T08:55:04.550+0000] {processor.py:830} INFO - Processing file /opt/airflow/dags/first_dag.py for tasks to queue
[2024-05-17T08:55:04.552+0000] {logging_mixin.py:188} INFO - [2024-05-17T08:55:04.552+0000] {dagbag.py:545} INFO - Filling up the DagBag from /opt/airflow/dags/first_dag.py
[2024-05-17T08:55:11.176+0000] {logging_mixin.py:188} INFO - [2024-05-17T08:55:11.176+0000] {warnings.py:110} WARNING - /opt/airflow/dags/first_dag.py:56: RemovedInAirflow3Warning: Param `schedule_interval` is deprecated and will be removed in a future release. Please use `schedule` instead. 
  with DAG(
[2024-05-17T08:55:11.184+0000] {processor.py:840} INFO - DAG(s) 'data_ingestion' retrieved from /opt/airflow/dags/first_dag.py
[2024-05-17T08:55:11.218+0000] {logging_mixin.py:188} INFO - [2024-05-17T08:55:11.217+0000] {dag.py:3096} INFO - Sync 1 DAGs
[2024-05-17T08:55:11.244+0000] {logging_mixin.py:188} INFO - [2024-05-17T08:55:11.244+0000] {dag.py:3954} INFO - Setting next_dagrun for data_ingestion to 2024-05-17 08:54:00+00:00, run_after=2024-05-17 08:55:00+00:00
[2024-05-17T08:55:11.273+0000] {processor.py:183} INFO - Processing /opt/airflow/dags/first_dag.py took 6.731 seconds
[2024-05-17T08:55:41.614+0000] {processor.py:161} INFO - Started process (PID=618) to work on /opt/airflow/dags/first_dag.py
[2024-05-17T08:55:41.615+0000] {processor.py:830} INFO - Processing file /opt/airflow/dags/first_dag.py for tasks to queue
[2024-05-17T08:55:41.618+0000] {logging_mixin.py:188} INFO - [2024-05-17T08:55:41.617+0000] {dagbag.py:545} INFO - Filling up the DagBag from /opt/airflow/dags/first_dag.py
[2024-05-17T08:55:47.514+0000] {logging_mixin.py:188} INFO - [2024-05-17T08:55:47.513+0000] {warnings.py:110} WARNING - /opt/airflow/dags/first_dag.py:56: RemovedInAirflow3Warning: Param `schedule_interval` is deprecated and will be removed in a future release. Please use `schedule` instead. 
  with DAG(
[2024-05-17T08:55:47.523+0000] {processor.py:840} INFO - DAG(s) 'data_ingestion' retrieved from /opt/airflow/dags/first_dag.py
[2024-05-17T08:55:47.585+0000] {logging_mixin.py:188} INFO - [2024-05-17T08:55:47.584+0000] {dag.py:3096} INFO - Sync 1 DAGs
[2024-05-17T08:55:47.616+0000] {logging_mixin.py:188} INFO - [2024-05-17T08:55:47.615+0000] {dag.py:3954} INFO - Setting next_dagrun for data_ingestion to 2024-05-17 08:54:00+00:00, run_after=2024-05-17 08:55:00+00:00
[2024-05-17T08:55:47.662+0000] {processor.py:183} INFO - Processing /opt/airflow/dags/first_dag.py took 6.056 seconds
