[2024-05-17T00:00:06.974+0000] {local_task_job_runner.py:120} INFO - ::group::Pre task execution logs
[2024-05-17T00:00:07.016+0000] {taskinstance.py:2076} INFO - Dependencies all met for dep_context=non-requeueable deps ti=<TaskInstance: data_ingestion_pipelines_2.read_data scheduled__2024-05-16T00:00:00+00:00 [queued]>
[2024-05-17T00:00:07.026+0000] {taskinstance.py:2076} INFO - Dependencies all met for dep_context=requeueable deps ti=<TaskInstance: data_ingestion_pipelines_2.read_data scheduled__2024-05-16T00:00:00+00:00 [queued]>
[2024-05-17T00:00:07.028+0000] {taskinstance.py:2306} INFO - Starting attempt 1 of 1
[2024-05-17T00:00:07.044+0000] {taskinstance.py:2330} INFO - Executing <Task(PythonOperator): read_data> on 2024-05-16 00:00:00+00:00
[2024-05-17T00:00:07.052+0000] {warnings.py:110} WARNING - /home/***/.local/lib/python3.12/site-packages/***/task/task_runner/standard_task_runner.py:61: DeprecationWarning: This process (pid=2895) is multi-threaded, use of fork() may lead to deadlocks in the child.
  pid = os.fork()

[2024-05-17T00:00:07.054+0000] {standard_task_runner.py:63} INFO - Started process 2917 to run task
[2024-05-17T00:00:07.054+0000] {standard_task_runner.py:90} INFO - Running: ['***', 'tasks', 'run', 'data_ingestion_pipelines_2', 'read_data', 'scheduled__2024-05-16T00:00:00+00:00', '--job-id', '19', '--raw', '--subdir', 'DAGS_FOLDER/data-ingestion-dag.py', '--cfg-path', '/tmp/tmpxcv4n7mr']
[2024-05-17T00:00:07.055+0000] {standard_task_runner.py:91} INFO - Job 19: Subtask read_data
[2024-05-17T00:00:07.110+0000] {task_command.py:426} INFO - Running <TaskInstance: data_ingestion_pipelines_2.read_data scheduled__2024-05-16T00:00:00+00:00 [running]> on host 2fc1c160da1e
[2024-05-17T00:00:07.206+0000] {taskinstance.py:2648} INFO - Exporting env vars: AIRFLOW_CTX_DAG_OWNER='***' AIRFLOW_CTX_DAG_ID='data_ingestion_pipelines_2' AIRFLOW_CTX_TASK_ID='read_data' AIRFLOW_CTX_EXECUTION_DATE='2024-05-16T00:00:00+00:00' AIRFLOW_CTX_TRY_NUMBER='1' AIRFLOW_CTX_DAG_RUN_ID='scheduled__2024-05-16T00:00:00+00:00'
[2024-05-17T00:00:07.207+0000] {taskinstance.py:430} INFO - ::endgroup::
[2024-05-17T00:00:07.222+0000] {taskinstance.py:441} INFO - ::group::Post task execution logs
[2024-05-17T00:00:07.223+0000] {taskinstance.py:2905} ERROR - Task failed with exception
Traceback (most recent call last):
  File "/home/airflow/.local/lib/python3.12/site-packages/airflow/models/taskinstance.py", line 465, in _execute_task
    result = _execute_callable(context=context, **execute_callable_kwargs)
             ^^^^^^^^^^^^^^^^^^^^^^^^^^^^^^^^^^^^^^^^^^^^^^^^^^^^^^^^^^^^^
  File "/home/airflow/.local/lib/python3.12/site-packages/airflow/models/taskinstance.py", line 432, in _execute_callable
    return execute_callable(context=context, **execute_callable_kwargs)
           ^^^^^^^^^^^^^^^^^^^^^^^^^^^^^^^^^^^^^^^^^^^^^^^^^^^^^^^^^^^^
  File "/home/airflow/.local/lib/python3.12/site-packages/airflow/models/baseoperator.py", line 400, in wrapper
    return func(self, *args, **kwargs)
           ^^^^^^^^^^^^^^^^^^^^^^^^^^^
  File "/home/airflow/.local/lib/python3.12/site-packages/airflow/operators/python.py", line 235, in execute
    return_value = self.execute_callable()
                   ^^^^^^^^^^^^^^^^^^^^^^^
  File "/home/airflow/.local/lib/python3.12/site-packages/airflow/operators/python.py", line 252, in execute_callable
    return self.python_callable(*self.op_args, **self.op_kwargs)
           ^^^^^^^^^^^^^^^^^^^^^^^^^^^^^^^^^^^^^^^^^^^^^^^^^^^^^
  File "/opt/airflow/dags/data-ingestion-dag.py", line 42, in read_data
    files = [file for file in os.listdir(RAW_DATA_PATH) if file.endswith('.csv')]
                              ^^^^^^^^^^^^^^^^^^^^^^^^^
FileNotFoundError: [Errno 2] No such file or directory: '/opt/airflow/dags/raw_data'
[2024-05-17T00:00:07.238+0000] {taskinstance.py:1206} INFO - Marking task as FAILED. dag_id=data_ingestion_pipelines_2, task_id=read_data, run_id=scheduled__2024-05-16T00:00:00+00:00, execution_date=20240516T000000, start_date=20240517T000007, end_date=20240517T000007
[2024-05-17T00:00:07.252+0000] {standard_task_runner.py:110} ERROR - Failed to execute job 19 for task read_data ([Errno 2] No such file or directory: '/opt/airflow/dags/raw_data'; 2917)
[2024-05-17T00:00:07.269+0000] {local_task_job_runner.py:240} INFO - Task exited with return code 1
[2024-05-17T00:00:07.300+0000] {taskinstance.py:3498} INFO - 0 downstream tasks scheduled from follow-on schedule check
[2024-05-17T00:00:07.306+0000] {local_task_job_runner.py:222} INFO - ::endgroup::
[2024-05-17T11:30:38.418+0000] {local_task_job_runner.py:120} INFO - ::group::Pre task execution logs
[2024-05-17T11:30:38.469+0000] {taskinstance.py:2076} INFO - Dependencies all met for dep_context=non-requeueable deps ti=<TaskInstance: data_ingestion_pipelines_2.read_data scheduled__2024-05-16T00:00:00+00:00 [queued]>
[2024-05-17T11:30:38.481+0000] {taskinstance.py:2076} INFO - Dependencies all met for dep_context=requeueable deps ti=<TaskInstance: data_ingestion_pipelines_2.read_data scheduled__2024-05-16T00:00:00+00:00 [queued]>
[2024-05-17T11:30:38.482+0000] {taskinstance.py:2306} INFO - Starting attempt 1 of 1
[2024-05-17T11:30:38.502+0000] {taskinstance.py:2330} INFO - Executing <Task(PythonOperator): read_data> on 2024-05-16 00:00:00+00:00
[2024-05-17T11:30:38.515+0000] {warnings.py:110} WARNING - /home/***/.local/lib/python3.12/site-packages/***/task/task_runner/standard_task_runner.py:61: DeprecationWarning: This process (pid=314) is multi-threaded, use of fork() may lead to deadlocks in the child.
  pid = os.fork()

[2024-05-17T11:30:38.517+0000] {standard_task_runner.py:63} INFO - Started process 333 to run task
[2024-05-17T11:30:38.519+0000] {standard_task_runner.py:90} INFO - Running: ['***', 'tasks', 'run', 'data_ingestion_pipelines_2', 'read_data', 'scheduled__2024-05-16T00:00:00+00:00', '--job-id', '6', '--raw', '--subdir', 'DAGS_FOLDER/data-ingestion-dag.py', '--cfg-path', '/tmp/tmp2qpbbi7t']
[2024-05-17T11:30:38.521+0000] {standard_task_runner.py:91} INFO - Job 6: Subtask read_data
[2024-05-17T11:30:38.598+0000] {task_command.py:426} INFO - Running <TaskInstance: data_ingestion_pipelines_2.read_data scheduled__2024-05-16T00:00:00+00:00 [running]> on host 11a40e6e6344
[2024-05-17T11:30:38.777+0000] {taskinstance.py:2648} INFO - Exporting env vars: AIRFLOW_CTX_DAG_OWNER='***' AIRFLOW_CTX_DAG_ID='data_ingestion_pipelines_2' AIRFLOW_CTX_TASK_ID='read_data' AIRFLOW_CTX_EXECUTION_DATE='2024-05-16T00:00:00+00:00' AIRFLOW_CTX_TRY_NUMBER='1' AIRFLOW_CTX_DAG_RUN_ID='scheduled__2024-05-16T00:00:00+00:00'
[2024-05-17T11:30:38.779+0000] {taskinstance.py:430} INFO - ::endgroup::
[2024-05-17T11:30:38.845+0000] {logging_mixin.py:188} INFO - file_path in read_data is  /opt/***/dags/raw-data/data_part_1.csv
[2024-05-17T11:30:38.875+0000] {python.py:237} INFO - Done. Returned value was: None
[2024-05-17T11:30:38.881+0000] {taskinstance.py:441} INFO - ::group::Post task execution logs
[2024-05-17T11:30:38.902+0000] {taskinstance.py:1206} INFO - Marking task as SUCCESS. dag_id=data_ingestion_pipelines_2, task_id=read_data, run_id=scheduled__2024-05-16T00:00:00+00:00, execution_date=20240516T000000, start_date=20240517T113038, end_date=20240517T113038
[2024-05-17T11:30:38.974+0000] {local_task_job_runner.py:240} INFO - Task exited with return code 0
[2024-05-17T11:30:39.025+0000] {taskinstance.py:3498} INFO - 1 downstream tasks scheduled from follow-on schedule check
[2024-05-17T11:30:39.028+0000] {local_task_job_runner.py:222} INFO - ::endgroup::
[2024-05-17T12:01:00.921+0000] {local_task_job_runner.py:120} INFO - ::group::Pre task execution logs
[2024-05-17T12:01:00.979+0000] {taskinstance.py:2076} INFO - Dependencies all met for dep_context=non-requeueable deps ti=<TaskInstance: data_ingestion_pipelines_2.read_data scheduled__2024-05-16T00:00:00+00:00 [queued]>
[2024-05-17T12:01:00.993+0000] {taskinstance.py:2076} INFO - Dependencies all met for dep_context=requeueable deps ti=<TaskInstance: data_ingestion_pipelines_2.read_data scheduled__2024-05-16T00:00:00+00:00 [queued]>
[2024-05-17T12:01:00.994+0000] {taskinstance.py:2306} INFO - Starting attempt 1 of 1
[2024-05-17T12:01:01.017+0000] {taskinstance.py:2330} INFO - Executing <Task(PythonOperator): read_data> on 2024-05-16 00:00:00+00:00
[2024-05-17T12:01:01.031+0000] {warnings.py:110} WARNING - /home/***/.local/lib/python3.12/site-packages/***/task/task_runner/standard_task_runner.py:61: DeprecationWarning: This process (pid=308) is multi-threaded, use of fork() may lead to deadlocks in the child.
  pid = os.fork()

[2024-05-17T12:01:01.033+0000] {standard_task_runner.py:63} INFO - Started process 327 to run task
[2024-05-17T12:01:01.035+0000] {standard_task_runner.py:90} INFO - Running: ['***', 'tasks', 'run', 'data_ingestion_pipelines_2', 'read_data', 'scheduled__2024-05-16T00:00:00+00:00', '--job-id', '3', '--raw', '--subdir', 'DAGS_FOLDER/data-ingestion-dag.py', '--cfg-path', '/tmp/tmpnh5n3pu9']
[2024-05-17T12:01:01.038+0000] {standard_task_runner.py:91} INFO - Job 3: Subtask read_data
[2024-05-17T12:01:01.136+0000] {task_command.py:426} INFO - Running <TaskInstance: data_ingestion_pipelines_2.read_data scheduled__2024-05-16T00:00:00+00:00 [running]> on host 153dc65a744d
[2024-05-17T12:01:01.369+0000] {taskinstance.py:2648} INFO - Exporting env vars: AIRFLOW_CTX_DAG_OWNER='***' AIRFLOW_CTX_DAG_ID='data_ingestion_pipelines_2' AIRFLOW_CTX_TASK_ID='read_data' AIRFLOW_CTX_EXECUTION_DATE='2024-05-16T00:00:00+00:00' AIRFLOW_CTX_TRY_NUMBER='1' AIRFLOW_CTX_DAG_RUN_ID='scheduled__2024-05-16T00:00:00+00:00'
[2024-05-17T12:01:01.372+0000] {taskinstance.py:430} INFO - ::endgroup::
[2024-05-17T12:01:01.479+0000] {logging_mixin.py:188} INFO - file_path in read_data is  /opt/***/dags/raw-data/data_part_1.csv
[2024-05-17T12:01:01.513+0000] {python.py:237} INFO - Done. Returned value was: None
[2024-05-17T12:01:01.514+0000] {taskinstance.py:441} INFO - ::group::Post task execution logs
[2024-05-17T12:01:01.536+0000] {taskinstance.py:1206} INFO - Marking task as SUCCESS. dag_id=data_ingestion_pipelines_2, task_id=read_data, run_id=scheduled__2024-05-16T00:00:00+00:00, execution_date=20240516T000000, start_date=20240517T120100, end_date=20240517T120101
[2024-05-17T12:01:01.615+0000] {local_task_job_runner.py:240} INFO - Task exited with return code 0
[2024-05-17T12:01:01.675+0000] {taskinstance.py:3498} INFO - 1 downstream tasks scheduled from follow-on schedule check
[2024-05-17T12:01:01.679+0000] {local_task_job_runner.py:222} INFO - ::endgroup::
[2024-05-17T12:06:31.761+0000] {local_task_job_runner.py:120} INFO - ::group::Pre task execution logs
[2024-05-17T12:06:31.807+0000] {taskinstance.py:2076} INFO - Dependencies all met for dep_context=non-requeueable deps ti=<TaskInstance: data_ingestion_pipelines_2.read_data scheduled__2024-05-16T00:00:00+00:00 [queued]>
[2024-05-17T12:06:31.821+0000] {taskinstance.py:2076} INFO - Dependencies all met for dep_context=requeueable deps ti=<TaskInstance: data_ingestion_pipelines_2.read_data scheduled__2024-05-16T00:00:00+00:00 [queued]>
[2024-05-17T12:06:31.822+0000] {taskinstance.py:2306} INFO - Starting attempt 1 of 1
[2024-05-17T12:06:31.849+0000] {taskinstance.py:2330} INFO - Executing <Task(PythonOperator): read_data> on 2024-05-16 00:00:00+00:00
[2024-05-17T12:06:31.860+0000] {warnings.py:110} WARNING - /home/***/.local/lib/python3.12/site-packages/***/task/task_runner/standard_task_runner.py:61: DeprecationWarning: This process (pid=268) is multi-threaded, use of fork() may lead to deadlocks in the child.
  pid = os.fork()

[2024-05-17T12:06:31.862+0000] {standard_task_runner.py:63} INFO - Started process 293 to run task
[2024-05-17T12:06:31.861+0000] {standard_task_runner.py:90} INFO - Running: ['***', 'tasks', 'run', 'data_ingestion_pipelines_2', 'read_data', 'scheduled__2024-05-16T00:00:00+00:00', '--job-id', '3', '--raw', '--subdir', 'DAGS_FOLDER/data-ingestion-dag.py', '--cfg-path', '/tmp/tmpk8lbhi9q']
[2024-05-17T12:06:31.863+0000] {standard_task_runner.py:91} INFO - Job 3: Subtask read_data
[2024-05-17T12:06:31.947+0000] {task_command.py:426} INFO - Running <TaskInstance: data_ingestion_pipelines_2.read_data scheduled__2024-05-16T00:00:00+00:00 [running]> on host baf2bcf863ea
[2024-05-17T12:06:32.096+0000] {taskinstance.py:2648} INFO - Exporting env vars: AIRFLOW_CTX_DAG_OWNER='***' AIRFLOW_CTX_DAG_ID='data_ingestion_pipelines_2' AIRFLOW_CTX_TASK_ID='read_data' AIRFLOW_CTX_EXECUTION_DATE='2024-05-16T00:00:00+00:00' AIRFLOW_CTX_TRY_NUMBER='1' AIRFLOW_CTX_DAG_RUN_ID='scheduled__2024-05-16T00:00:00+00:00'
[2024-05-17T12:06:32.098+0000] {taskinstance.py:430} INFO - ::endgroup::
[2024-05-17T12:06:32.145+0000] {logging_mixin.py:188} INFO - file_path in read_data is  /opt/***/dags/raw-data/data_part_5.csv
[2024-05-17T12:06:32.164+0000] {python.py:237} INFO - Done. Returned value was: None
[2024-05-17T12:06:32.165+0000] {taskinstance.py:441} INFO - ::group::Post task execution logs
[2024-05-17T12:06:32.177+0000] {taskinstance.py:1206} INFO - Marking task as SUCCESS. dag_id=data_ingestion_pipelines_2, task_id=read_data, run_id=scheduled__2024-05-16T00:00:00+00:00, execution_date=20240516T000000, start_date=20240517T120631, end_date=20240517T120632
[2024-05-17T12:06:32.239+0000] {local_task_job_runner.py:240} INFO - Task exited with return code 0
[2024-05-17T12:06:32.278+0000] {taskinstance.py:3498} INFO - 1 downstream tasks scheduled from follow-on schedule check
[2024-05-17T12:06:32.283+0000] {local_task_job_runner.py:222} INFO - ::endgroup::
[2024-05-17T12:20:56.726+0000] {local_task_job_runner.py:120} INFO - ::group::Pre task execution logs
[2024-05-17T12:20:56.779+0000] {taskinstance.py:2076} INFO - Dependencies all met for dep_context=non-requeueable deps ti=<TaskInstance: data_ingestion_pipelines_2.read_data scheduled__2024-05-16T00:00:00+00:00 [queued]>
[2024-05-17T12:20:56.794+0000] {taskinstance.py:2076} INFO - Dependencies all met for dep_context=requeueable deps ti=<TaskInstance: data_ingestion_pipelines_2.read_data scheduled__2024-05-16T00:00:00+00:00 [queued]>
[2024-05-17T12:20:56.795+0000] {taskinstance.py:2306} INFO - Starting attempt 1 of 1
[2024-05-17T12:20:56.815+0000] {taskinstance.py:2330} INFO - Executing <Task(PythonOperator): read_data> on 2024-05-16 00:00:00+00:00
[2024-05-17T12:20:56.829+0000] {warnings.py:110} WARNING - /home/***/.local/lib/python3.12/site-packages/***/task/task_runner/standard_task_runner.py:61: DeprecationWarning: This process (pid=233) is multi-threaded, use of fork() may lead to deadlocks in the child.
  pid = os.fork()

[2024-05-17T12:20:56.832+0000] {standard_task_runner.py:63} INFO - Started process 259 to run task
[2024-05-17T12:20:56.832+0000] {standard_task_runner.py:90} INFO - Running: ['***', 'tasks', 'run', 'data_ingestion_pipelines_2', 'read_data', 'scheduled__2024-05-16T00:00:00+00:00', '--job-id', '3', '--raw', '--subdir', 'DAGS_FOLDER/data-ingestion-dag.py', '--cfg-path', '/tmp/tmpdhqktj6e']
[2024-05-17T12:20:56.834+0000] {standard_task_runner.py:91} INFO - Job 3: Subtask read_data
[2024-05-17T12:20:56.940+0000] {task_command.py:426} INFO - Running <TaskInstance: data_ingestion_pipelines_2.read_data scheduled__2024-05-16T00:00:00+00:00 [running]> on host fc17bb5b1792
[2024-05-17T12:20:57.098+0000] {taskinstance.py:2648} INFO - Exporting env vars: AIRFLOW_CTX_DAG_OWNER='***' AIRFLOW_CTX_DAG_ID='data_ingestion_pipelines_2' AIRFLOW_CTX_TASK_ID='read_data' AIRFLOW_CTX_EXECUTION_DATE='2024-05-16T00:00:00+00:00' AIRFLOW_CTX_TRY_NUMBER='1' AIRFLOW_CTX_DAG_RUN_ID='scheduled__2024-05-16T00:00:00+00:00'
[2024-05-17T12:20:57.100+0000] {taskinstance.py:430} INFO - ::endgroup::
[2024-05-17T12:20:57.151+0000] {logging_mixin.py:188} INFO - file_path in read_data is  /opt/***/dags/raw-data/data_part_1.csv
[2024-05-17T12:20:57.176+0000] {python.py:237} INFO - Done. Returned value was: None
[2024-05-17T12:20:57.177+0000] {taskinstance.py:441} INFO - ::group::Post task execution logs
[2024-05-17T12:20:57.194+0000] {taskinstance.py:1206} INFO - Marking task as SUCCESS. dag_id=data_ingestion_pipelines_2, task_id=read_data, run_id=scheduled__2024-05-16T00:00:00+00:00, execution_date=20240516T000000, start_date=20240517T122056, end_date=20240517T122057
[2024-05-17T12:20:57.250+0000] {local_task_job_runner.py:240} INFO - Task exited with return code 0
[2024-05-17T12:20:57.317+0000] {taskinstance.py:3498} INFO - 1 downstream tasks scheduled from follow-on schedule check
[2024-05-17T12:20:57.320+0000] {local_task_job_runner.py:222} INFO - ::endgroup::
[2024-05-17T12:31:25.442+0000] {local_task_job_runner.py:120} INFO - ::group::Pre task execution logs
[2024-05-17T12:31:25.492+0000] {taskinstance.py:2076} INFO - Dependencies all met for dep_context=non-requeueable deps ti=<TaskInstance: data_ingestion_pipelines_2.read_data scheduled__2024-05-16T00:00:00+00:00 [queued]>
[2024-05-17T12:31:25.508+0000] {taskinstance.py:2076} INFO - Dependencies all met for dep_context=requeueable deps ti=<TaskInstance: data_ingestion_pipelines_2.read_data scheduled__2024-05-16T00:00:00+00:00 [queued]>
[2024-05-17T12:31:25.509+0000] {taskinstance.py:2306} INFO - Starting attempt 1 of 1
[2024-05-17T12:31:25.533+0000] {taskinstance.py:2330} INFO - Executing <Task(PythonOperator): read_data> on 2024-05-16 00:00:00+00:00
[2024-05-17T12:31:25.545+0000] {warnings.py:110} WARNING - /home/***/.local/lib/python3.12/site-packages/***/task/task_runner/standard_task_runner.py:61: DeprecationWarning: This process (pid=235) is multi-threaded, use of fork() may lead to deadlocks in the child.
  pid = os.fork()

[2024-05-17T12:31:25.547+0000] {standard_task_runner.py:63} INFO - Started process 260 to run task
[2024-05-17T12:31:25.547+0000] {standard_task_runner.py:90} INFO - Running: ['***', 'tasks', 'run', 'data_ingestion_pipelines_2', 'read_data', 'scheduled__2024-05-16T00:00:00+00:00', '--job-id', '3', '--raw', '--subdir', 'DAGS_FOLDER/data-ingestion-dag.py', '--cfg-path', '/tmp/tmpii3qtzqt']
[2024-05-17T12:31:25.549+0000] {standard_task_runner.py:91} INFO - Job 3: Subtask read_data
[2024-05-17T12:31:25.640+0000] {task_command.py:426} INFO - Running <TaskInstance: data_ingestion_pipelines_2.read_data scheduled__2024-05-16T00:00:00+00:00 [running]> on host e512d0910ba5
[2024-05-17T12:31:25.818+0000] {taskinstance.py:2648} INFO - Exporting env vars: AIRFLOW_CTX_DAG_OWNER='***' AIRFLOW_CTX_DAG_ID='data_ingestion_pipelines_2' AIRFLOW_CTX_TASK_ID='read_data' AIRFLOW_CTX_EXECUTION_DATE='2024-05-16T00:00:00+00:00' AIRFLOW_CTX_TRY_NUMBER='1' AIRFLOW_CTX_DAG_RUN_ID='scheduled__2024-05-16T00:00:00+00:00'
[2024-05-17T12:31:25.820+0000] {taskinstance.py:430} INFO - ::endgroup::
[2024-05-17T12:31:25.883+0000] {logging_mixin.py:188} INFO - file_path in read_data is  /opt/***/dags/raw-data/data_part_1.csv
[2024-05-17T12:31:25.911+0000] {python.py:237} INFO - Done. Returned value was: None
[2024-05-17T12:31:25.912+0000] {taskinstance.py:441} INFO - ::group::Post task execution logs
[2024-05-17T12:31:25.928+0000] {taskinstance.py:1206} INFO - Marking task as SUCCESS. dag_id=data_ingestion_pipelines_2, task_id=read_data, run_id=scheduled__2024-05-16T00:00:00+00:00, execution_date=20240516T000000, start_date=20240517T123125, end_date=20240517T123125
[2024-05-17T12:31:26.005+0000] {local_task_job_runner.py:240} INFO - Task exited with return code 0
[2024-05-17T12:31:26.085+0000] {taskinstance.py:3498} INFO - 1 downstream tasks scheduled from follow-on schedule check
[2024-05-17T12:31:26.090+0000] {local_task_job_runner.py:222} INFO - ::endgroup::
